{"total": {"lines":{"total":21614,"covered":15611,"skipped":0,"pct":72.22},"statements":{"total":21614,"covered":15611,"skipped":0,"pct":72.22},"functions":{"total":992,"covered":744,"skipped":0,"pct":75},"branches":{"total":3494,"covered":2722,"skipped":0,"pct":77.9},"branchesTrue":{"total":0,"covered":0,"skipped":0,"pct":100}}
,"/Users/xingqiangchen/research-cli/packages/core/src/index.ts": {"lines":{"total":52,"covered":52,"skipped":0,"pct":100},"functions":{"total":0,"covered":0,"skipped":0,"pct":100},"statements":{"total":52,"covered":52,"skipped":0,"pct":100},"branches":{"total":0,"covered":0,"skipped":0,"pct":100}}
,"/Users/xingqiangchen/research-cli/packages/core/src/__mocks__/fs/promises.ts": {"lines":{"total":36,"covered":36,"skipped":0,"pct":100},"functions":{"total":0,"covered":0,"skipped":0,"pct":100},"statements":{"total":36,"covered":36,"skipped":0,"pct":100},"branches":{"total":0,"covered":0,"skipped":0,"pct":100}}
,"/Users/xingqiangchen/research-cli/packages/core/src/code_assist/codeAssist.ts": {"lines":{"total":21,"covered":5,"skipped":0,"pct":23.8},"functions":{"total":1,"covered":0,"skipped":0,"pct":0},"statements":{"total":21,"covered":5,"skipped":0,"pct":23.8},"branches":{"total":0,"covered":0,"skipped":0,"pct":100}}
,"/Users/xingqiangchen/research-cli/packages/core/src/code_assist/converter.ts": {"lines":{"total":128,"covered":114,"skipped":0,"pct":89.06},"functions":{"total":11,"covered":9,"skipped":0,"pct":81.81},"statements":{"total":128,"covered":114,"skipped":0,"pct":89.06},"branches":{"total":26,"covered":25,"skipped":0,"pct":96.15}}
,"/Users/xingqiangchen/research-cli/packages/core/src/code_assist/oauth2.ts": {"lines":{"total":276,"covered":219,"skipped":0,"pct":79.34},"functions":{"total":10,"covered":8,"skipped":0,"pct":80},"statements":{"total":276,"covered":219,"skipped":0,"pct":79.34},"branches":{"total":43,"covered":28,"skipped":0,"pct":65.11}}
,"/Users/xingqiangchen/research-cli/packages/core/src/code_assist/server.ts": {"lines":{"total":206,"covered":75,"skipped":0,"pct":36.4},"functions":{"total":16,"covered":8,"skipped":0,"pct":50},"statements":{"total":206,"covered":75,"skipped":0,"pct":36.4},"branches":{"total":11,"covered":9,"skipped":0,"pct":81.81}}
,"/Users/xingqiangchen/research-cli/packages/core/src/code_assist/setup.ts": {"lines":{"total":58,"covered":42,"skipped":0,"pct":72.41},"functions":{"total":3,"covered":3,"skipped":0,"pct":100},"statements":{"total":58,"covered":42,"skipped":0,"pct":72.41},"branches":{"total":16,"covered":10,"skipped":0,"pct":62.5}}
,"/Users/xingqiangchen/research-cli/packages/core/src/code_assist/types.ts": {"lines":{"total":19,"covered":19,"skipped":0,"pct":100},"functions":{"total":0,"covered":0,"skipped":0,"pct":100},"statements":{"total":19,"covered":19,"skipped":0,"pct":100},"branches":{"total":3,"covered":3,"skipped":0,"pct":100}}
,"/Users/xingqiangchen/research-cli/packages/core/src/config/config.ts": {"lines":{"total":411,"covered":274,"skipped":0,"pct":66.66},"functions":{"total":62,"covered":32,"skipped":0,"pct":51.61},"statements":{"total":411,"covered":274,"skipped":0,"pct":66.66},"branches":{"total":63,"covered":56,"skipped":0,"pct":88.88}}
,"/Users/xingqiangchen/research-cli/packages/core/src/config/model-provider-config.ts": {"lines":{"total":166,"covered":39,"skipped":0,"pct":23.49},"functions":{"total":1,"covered":0,"skipped":0,"pct":0},"statements":{"total":166,"covered":39,"skipped":0,"pct":23.49},"branches":{"total":1,"covered":0,"skipped":0,"pct":0}}
,"/Users/xingqiangchen/research-cli/packages/core/src/config/models.ts": {"lines":{"total":4,"covered":4,"skipped":0,"pct":100},"functions":{"total":0,"covered":0,"skipped":0,"pct":100},"statements":{"total":4,"covered":4,"skipped":0,"pct":100},"branches":{"total":0,"covered":0,"skipped":0,"pct":100}}
,"/Users/xingqiangchen/research-cli/packages/core/src/config/research-config-manager.ts": {"lines":{"total":309,"covered":231,"skipped":0,"pct":74.75},"functions":{"total":26,"covered":24,"skipped":0,"pct":92.3},"statements":{"total":309,"covered":231,"skipped":0,"pct":74.75},"branches":{"total":70,"covered":57,"skipped":0,"pct":81.42}}
,"/Users/xingqiangchen/research-cli/packages/core/src/config/research-config.ts": {"lines":{"total":125,"covered":121,"skipped":0,"pct":96.8},"functions":{"total":1,"covered":1,"skipped":0,"pct":100},"statements":{"total":125,"covered":121,"skipped":0,"pct":96.8},"branches":{"total":4,"covered":1,"skipped":0,"pct":25}}
,"/Users/xingqiangchen/research-cli/packages/core/src/core/client.ts": {"lines":{"total":522,"covered":386,"skipped":0,"pct":73.94},"functions":{"total":24,"covered":20,"skipped":0,"pct":83.33},"statements":{"total":522,"covered":386,"skipped":0,"pct":73.94},"branches":{"total":86,"covered":66,"skipped":0,"pct":76.74}}
,"/Users/xingqiangchen/research-cli/packages/core/src/core/contentGenerator.ts": {"lines":{"total":106,"covered":90,"skipped":0,"pct":84.9},"functions":{"total":3,"covered":3,"skipped":0,"pct":100},"statements":{"total":106,"covered":90,"skipped":0,"pct":84.9},"branches":{"total":25,"covered":19,"skipped":0,"pct":76}}
,"/Users/xingqiangchen/research-cli/packages/core/src/core/coreToolScheduler.ts": {"lines":{"total":505,"covered":364,"skipped":0,"pct":72.07},"functions":{"total":16,"covered":13,"skipped":0,"pct":81.25},"statements":{"total":505,"covered":364,"skipped":0,"pct":72.07},"branches":{"total":75,"covered":52,"skipped":0,"pct":69.33}}
,"/Users/xingqiangchen/research-cli/packages/core/src/core/logger.ts": {"lines":{"total":243,"covered":201,"skipped":0,"pct":82.71},"functions":{"total":12,"covered":12,"skipped":0,"pct":100},"statements":{"total":243,"covered":201,"skipped":0,"pct":82.71},"branches":{"total":69,"covered":54,"skipped":0,"pct":78.26}}
,"/Users/xingqiangchen/research-cli/packages/core/src/core/modelCheck.ts": {"lines":{"total":43,"covered":33,"skipped":0,"pct":76.74},"functions":{"total":1,"covered":1,"skipped":0,"pct":100},"statements":{"total":43,"covered":33,"skipped":0,"pct":76.74},"branches":{"total":4,"covered":1,"skipped":0,"pct":25}}
,"/Users/xingqiangchen/research-cli/packages/core/src/core/nonInteractiveToolExecutor.ts": {"lines":{"total":99,"covered":99,"skipped":0,"pct":100},"functions":{"total":1,"covered":1,"skipped":0,"pct":100},"statements":{"total":99,"covered":99,"skipped":0,"pct":100},"branches":{"total":6,"covered":4,"skipped":0,"pct":66.66}}
,"/Users/xingqiangchen/research-cli/packages/core/src/core/prompts.ts": {"lines":{"total":96,"covered":78,"skipped":0,"pct":81.25},"functions":{"total":2,"covered":1,"skipped":0,"pct":50},"statements":{"total":96,"covered":78,"skipped":0,"pct":81.25},"branches":{"total":22,"covered":15,"skipped":0,"pct":68.18}}
,"/Users/xingqiangchen/research-cli/packages/core/src/core/researchChat.ts": {"lines":{"total":463,"covered":291,"skipped":0,"pct":62.85},"functions":{"total":28,"covered":18,"skipped":0,"pct":64.28},"statements":{"total":463,"covered":291,"skipped":0,"pct":62.85},"branches":{"total":78,"covered":56,"skipped":0,"pct":71.79}}
,"/Users/xingqiangchen/research-cli/packages/core/src/core/researchRequest.ts": {"lines":{"total":38,"covered":38,"skipped":0,"pct":100},"functions":{"total":1,"covered":1,"skipped":0,"pct":100},"statements":{"total":38,"covered":38,"skipped":0,"pct":100},"branches":{"total":23,"covered":23,"skipped":0,"pct":100}}
,"/Users/xingqiangchen/research-cli/packages/core/src/core/tokenLimits.ts": {"lines":{"total":20,"covered":3,"skipped":0,"pct":15},"functions":{"total":1,"covered":0,"skipped":0,"pct":0},"statements":{"total":20,"covered":3,"skipped":0,"pct":15},"branches":{"total":0,"covered":0,"skipped":0,"pct":100}}
,"/Users/xingqiangchen/research-cli/packages/core/src/core/turn.ts": {"lines":{"total":127,"covered":104,"skipped":0,"pct":81.88},"functions":{"total":5,"covered":5,"skipped":0,"pct":100},"statements":{"total":127,"covered":104,"skipped":0,"pct":81.88},"branches":{"total":28,"covered":23,"skipped":0,"pct":82.14}}
,"/Users/xingqiangchen/research-cli/packages/core/src/core/model-providers/base-provider.ts": {"lines":{"total":116,"covered":3,"skipped":0,"pct":2.58},"functions":{"total":1,"covered":0,"skipped":0,"pct":0},"statements":{"total":116,"covered":3,"skipped":0,"pct":2.58},"branches":{"total":1,"covered":0,"skipped":0,"pct":0}}
,"/Users/xingqiangchen/research-cli/packages/core/src/core/model-providers/index.ts": {"lines":{"total":6,"covered":0,"skipped":0,"pct":0},"functions":{"total":1,"covered":0,"skipped":0,"pct":0},"statements":{"total":6,"covered":0,"skipped":0,"pct":0},"branches":{"total":1,"covered":0,"skipped":0,"pct":0}}
,"/Users/xingqiangchen/research-cli/packages/core/src/core/model-providers/llm-interface-provider.ts": {"lines":{"total":338,"covered":202,"skipped":0,"pct":59.76},"functions":{"total":1,"covered":0,"skipped":0,"pct":0},"statements":{"total":338,"covered":202,"skipped":0,"pct":59.76},"branches":{"total":1,"covered":0,"skipped":0,"pct":0}}
,"/Users/xingqiangchen/research-cli/packages/core/src/core/model-providers/model-provider-factory.ts": {"lines":{"total":52,"covered":38,"skipped":0,"pct":73.07},"functions":{"total":8,"covered":3,"skipped":0,"pct":37.5},"statements":{"total":52,"covered":38,"skipped":0,"pct":73.07},"branches":{"total":4,"covered":4,"skipped":0,"pct":100}}
,"/Users/xingqiangchen/research-cli/packages/core/src/core/model-providers/model-selector.ts": {"lines":{"total":102,"covered":4,"skipped":0,"pct":3.92},"functions":{"total":1,"covered":0,"skipped":0,"pct":0},"statements":{"total":102,"covered":4,"skipped":0,"pct":3.92},"branches":{"total":1,"covered":0,"skipped":0,"pct":0}}
,"/Users/xingqiangchen/research-cli/packages/core/src/core/model-providers/types.ts": {"lines":{"total":63,"covered":33,"skipped":0,"pct":52.38},"functions":{"total":5,"covered":0,"skipped":0,"pct":0},"statements":{"total":63,"covered":33,"skipped":0,"pct":52.38},"branches":{"total":1,"covered":1,"skipped":0,"pct":100}}
,"/Users/xingqiangchen/research-cli/packages/core/src/services/fileDiscoveryService.ts": {"lines":{"total":75,"covered":58,"skipped":0,"pct":77.33},"functions":{"total":7,"covered":6,"skipped":0,"pct":85.71},"statements":{"total":75,"covered":58,"skipped":0,"pct":77.33},"branches":{"total":20,"covered":15,"skipped":0,"pct":75}}
,"/Users/xingqiangchen/research-cli/packages/core/src/services/gitService.ts": {"lines":{"total":91,"covered":71,"skipped":0,"pct":78.02},"functions":{"total":10,"covered":6,"skipped":0,"pct":60},"statements":{"total":91,"covered":71,"skipped":0,"pct":78.02},"branches":{"total":16,"covered":16,"skipped":0,"pct":100}}
,"/Users/xingqiangchen/research-cli/packages/core/src/telemetry/constants.ts": {"lines":{"total":16,"covered":16,"skipped":0,"pct":100},"functions":{"total":0,"covered":0,"skipped":0,"pct":100},"statements":{"total":16,"covered":16,"skipped":0,"pct":100},"branches":{"total":0,"covered":0,"skipped":0,"pct":100}}
,"/Users/xingqiangchen/research-cli/packages/core/src/telemetry/index.ts": {"lines":{"total":12,"covered":12,"skipped":0,"pct":100},"functions":{"total":0,"covered":0,"skipped":0,"pct":100},"statements":{"total":12,"covered":12,"skipped":0,"pct":100},"branches":{"total":1,"covered":1,"skipped":0,"pct":100}}
,"/Users/xingqiangchen/research-cli/packages/core/src/telemetry/loggers.ts": {"lines":{"total":236,"covered":199,"skipped":0,"pct":84.32},"functions":{"total":9,"covered":8,"skipped":0,"pct":88.88},"statements":{"total":236,"covered":199,"skipped":0,"pct":84.32},"branches":{"total":22,"covered":18,"skipped":0,"pct":81.81}}
,"/Users/xingqiangchen/research-cli/packages/core/src/telemetry/metrics.ts": {"lines":{"total":164,"covered":99,"skipped":0,"pct":60.36},"functions":{"total":8,"covered":5,"skipped":0,"pct":62.5},"statements":{"total":164,"covered":99,"skipped":0,"pct":60.36},"branches":{"total":23,"covered":22,"skipped":0,"pct":95.65}}
,"/Users/xingqiangchen/research-cli/packages/core/src/telemetry/sdk.ts": {"lines":{"total":105,"covered":87,"skipped":0,"pct":82.85},"functions":{"total":4,"covered":4,"skipped":0,"pct":100},"statements":{"total":105,"covered":87,"skipped":0,"pct":82.85},"branches":{"total":14,"covered":4,"skipped":0,"pct":28.57}}
,"/Users/xingqiangchen/research-cli/packages/core/src/telemetry/types.ts": {"lines":{"total":218,"covered":180,"skipped":0,"pct":82.56},"functions":{"total":15,"covered":13,"skipped":0,"pct":86.66},"statements":{"total":218,"covered":180,"skipped":0,"pct":82.56},"branches":{"total":44,"covered":41,"skipped":0,"pct":93.18}}
,"/Users/xingqiangchen/research-cli/packages/core/src/telemetry/uiTelemetry.ts": {"lines":{"total":123,"covered":122,"skipped":0,"pct":99.18},"functions":{"total":10,"covered":10,"skipped":0,"pct":100},"statements":{"total":123,"covered":122,"skipped":0,"pct":99.18},"branches":{"total":23,"covered":22,"skipped":0,"pct":95.65}}
,"/Users/xingqiangchen/research-cli/packages/core/src/telemetry/clearcut-logger/clearcut-logger.ts": {"lines":{"total":390,"covered":302,"skipped":0,"pct":77.43},"functions":{"total":17,"covered":13,"skipped":0,"pct":76.47},"statements":{"total":390,"covered":302,"skipped":0,"pct":77.43},"branches":{"total":21,"covered":19,"skipped":0,"pct":90.47}}
,"/Users/xingqiangchen/research-cli/packages/core/src/telemetry/clearcut-logger/event-metadata-key.ts": {"lines":{"total":49,"covered":41,"skipped":0,"pct":83.67},"functions":{"total":1,"covered":0,"skipped":0,"pct":0},"statements":{"total":49,"covered":41,"skipped":0,"pct":83.67},"branches":{"total":1,"covered":1,"skipped":0,"pct":100}}
,"/Users/xingqiangchen/research-cli/packages/core/src/tools/diffOptions.ts": {"lines":{"total":5,"covered":5,"skipped":0,"pct":100},"functions":{"total":0,"covered":0,"skipped":0,"pct":100},"statements":{"total":5,"covered":5,"skipped":0,"pct":100},"branches":{"total":0,"covered":0,"skipped":0,"pct":100}}
,"/Users/xingqiangchen/research-cli/packages/core/src/tools/edit.ts": {"lines":{"total":349,"covered":271,"skipped":0,"pct":77.65},"functions":{"total":12,"covered":10,"skipped":0,"pct":83.33},"statements":{"total":349,"covered":271,"skipped":0,"pct":77.65},"branches":{"total":72,"covered":59,"skipped":0,"pct":81.94}}
,"/Users/xingqiangchen/research-cli/packages/core/src/tools/glob.ts": {"lines":{"total":212,"covered":184,"skipped":0,"pct":86.79},"functions":{"total":7,"covered":6,"skipped":0,"pct":85.71},"statements":{"total":212,"covered":184,"skipped":0,"pct":86.79},"branches":{"total":45,"covered":36,"skipped":0,"pct":80}}
,"/Users/xingqiangchen/research-cli/packages/core/src/tools/grep.ts": {"lines":{"total":392,"covered":221,"skipped":0,"pct":56.37},"functions":{"total":11,"covered":8,"skipped":0,"pct":72.72},"statements":{"total":392,"covered":221,"skipped":0,"pct":56.37},"branches":{"total":62,"covered":47,"skipped":0,"pct":75.8}}
,"/Users/xingqiangchen/research-cli/packages/core/src/tools/ls.ts": {"lines":{"total":183,"covered":17,"skipped":0,"pct":9.28},"functions":{"total":8,"covered":1,"skipped":0,"pct":12.5},"statements":{"total":183,"covered":17,"skipped":0,"pct":9.28},"branches":{"total":1,"covered":1,"skipped":0,"pct":100}}
,"/Users/xingqiangchen/research-cli/packages/core/src/tools/mcp-client.ts": {"lines":{"total":278,"covered":211,"skipped":0,"pct":75.89},"functions":{"total":10,"covered":3,"skipped":0,"pct":30},"statements":{"total":278,"covered":211,"skipped":0,"pct":75.89},"branches":{"total":61,"covered":46,"skipped":0,"pct":75.4}}
,"/Users/xingqiangchen/research-cli/packages/core/src/tools/mcp-tool.ts": {"lines":{"total":97,"covered":89,"skipped":0,"pct":91.75},"functions":{"total":7,"covered":7,"skipped":0,"pct":100},"statements":{"total":97,"covered":89,"skipped":0,"pct":91.75},"branches":{"total":21,"covered":18,"skipped":0,"pct":85.71}}
,"/Users/xingqiangchen/research-cli/packages/core/src/tools/memoryTool.ts": {"lines":{"total":157,"covered":153,"skipped":0,"pct":97.45},"functions":{"total":9,"covered":9,"skipped":0,"pct":100},"statements":{"total":157,"covered":153,"skipped":0,"pct":97.45},"branches":{"total":33,"covered":28,"skipped":0,"pct":84.84}}
,"/Users/xingqiangchen/research-cli/packages/core/src/tools/modifiable-tool.ts": {"lines":{"total":112,"covered":112,"skipped":0,"pct":100},"functions":{"total":5,"covered":5,"skipped":0,"pct":100},"statements":{"total":112,"covered":112,"skipped":0,"pct":100},"branches":{"total":13,"covered":11,"skipped":0,"pct":84.61}}
,"/Users/xingqiangchen/research-cli/packages/core/src/tools/read-file.ts": {"lines":{"total":118,"covered":116,"skipped":0,"pct":98.3},"functions":{"total":5,"covered":5,"skipped":0,"pct":100},"statements":{"total":118,"covered":116,"skipped":0,"pct":98.3},"branches":{"total":26,"covered":25,"skipped":0,"pct":96.15}}
,"/Users/xingqiangchen/research-cli/packages/core/src/tools/read-many-files.ts": {"lines":{"total":339,"covered":274,"skipped":0,"pct":80.82},"functions":{"total":5,"covered":4,"skipped":0,"pct":80},"statements":{"total":339,"covered":274,"skipped":0,"pct":80.82},"branches":{"total":44,"covered":31,"skipped":0,"pct":70.45}}
,"/Users/xingqiangchen/research-cli/packages/core/src/tools/shell.ts": {"lines":{"total":380,"covered":243,"skipped":0,"pct":63.94},"functions":{"total":14,"covered":11,"skipped":0,"pct":78.57},"statements":{"total":380,"covered":243,"skipped":0,"pct":63.94},"branches":{"total":59,"covered":39,"skipped":0,"pct":66.1}}
,"/Users/xingqiangchen/research-cli/packages/core/src/tools/tool-registry.ts": {"lines":{"total":292,"covered":169,"skipped":0,"pct":57.87},"functions":{"total":14,"covered":11,"skipped":0,"pct":78.57},"statements":{"total":292,"covered":169,"skipped":0,"pct":57.87},"branches":{"total":53,"covered":38,"skipped":0,"pct":71.69}}
,"/Users/xingqiangchen/research-cli/packages/core/src/tools/tools.ts": {"lines":{"total":38,"covered":29,"skipped":0,"pct":76.31},"functions":{"total":5,"covered":2,"skipped":0,"pct":40},"statements":{"total":38,"covered":29,"skipped":0,"pct":76.31},"branches":{"total":3,"covered":3,"skipped":0,"pct":100}}
,"/Users/xingqiangchen/research-cli/packages/core/src/tools/web-fetch.ts": {"lines":{"total":258,"covered":78,"skipped":0,"pct":30.23},"functions":{"total":9,"covered":6,"skipped":0,"pct":66.66},"statements":{"total":258,"covered":78,"skipped":0,"pct":30.23},"branches":{"total":18,"covered":13,"skipped":0,"pct":72.22}}
,"/Users/xingqiangchen/research-cli/packages/core/src/tools/web-search.ts": {"lines":{"total":115,"covered":14,"skipped":0,"pct":12.17},"functions":{"total":5,"covered":1,"skipped":0,"pct":20},"statements":{"total":115,"covered":14,"skipped":0,"pct":12.17},"branches":{"total":1,"covered":1,"skipped":0,"pct":100}}
,"/Users/xingqiangchen/research-cli/packages/core/src/tools/write-file.ts": {"lines":{"total":304,"covered":247,"skipped":0,"pct":81.25},"functions":{"total":10,"covered":8,"skipped":0,"pct":80},"statements":{"total":304,"covered":247,"skipped":0,"pct":81.25},"branches":{"total":51,"covered":42,"skipped":0,"pct":82.35}}
,"/Users/xingqiangchen/research-cli/packages/core/src/tools/research/base-tool.ts": {"lines":{"total":138,"covered":83,"skipped":0,"pct":60.14},"functions":{"total":11,"covered":6,"skipped":0,"pct":54.54},"statements":{"total":138,"covered":83,"skipped":0,"pct":60.14},"branches":{"total":16,"covered":15,"skipped":0,"pct":93.75}}
,"/Users/xingqiangchen/research-cli/packages/core/src/tools/research/index.ts": {"lines":{"total":42,"covered":13,"skipped":0,"pct":30.95},"functions":{"total":3,"covered":0,"skipped":0,"pct":0},"statements":{"total":42,"covered":13,"skipped":0,"pct":30.95},"branches":{"total":0,"covered":0,"skipped":0,"pct":100}}
,"/Users/xingqiangchen/research-cli/packages/core/src/tools/research/init.ts": {"lines":{"total":57,"covered":27,"skipped":0,"pct":47.36},"functions":{"total":3,"covered":1,"skipped":0,"pct":33.33},"statements":{"total":57,"covered":27,"skipped":0,"pct":47.36},"branches":{"total":2,"covered":2,"skipped":0,"pct":100}}
,"/Users/xingqiangchen/research-cli/packages/core/src/tools/research/integration.ts": {"lines":{"total":249,"covered":11,"skipped":0,"pct":4.41},"functions":{"total":7,"covered":0,"skipped":0,"pct":0},"statements":{"total":249,"covered":11,"skipped":0,"pct":4.41},"branches":{"total":0,"covered":0,"skipped":0,"pct":100}}
,"/Users/xingqiangchen/research-cli/packages/core/src/tools/research/registry.ts": {"lines":{"total":141,"covered":110,"skipped":0,"pct":78.01},"functions":{"total":17,"covered":13,"skipped":0,"pct":76.47},"statements":{"total":141,"covered":110,"skipped":0,"pct":78.01},"branches":{"total":28,"covered":24,"skipped":0,"pct":85.71}}
,"/Users/xingqiangchen/research-cli/packages/core/src/tools/research/types.ts": {"lines":{"total":138,"covered":138,"skipped":0,"pct":100},"functions":{"total":0,"covered":0,"skipped":0,"pct":100},"statements":{"total":138,"covered":138,"skipped":0,"pct":100},"branches":{"total":17,"covered":17,"skipped":0,"pct":100}}
,"/Users/xingqiangchen/research-cli/packages/core/src/tools/research/analysis/bibliography-manager.ts": {"lines":{"total":529,"covered":484,"skipped":0,"pct":91.49},"functions":{"total":32,"covered":30,"skipped":0,"pct":93.75},"statements":{"total":529,"covered":484,"skipped":0,"pct":91.49},"branches":{"total":138,"covered":90,"skipped":0,"pct":65.21}}
,"/Users/xingqiangchen/research-cli/packages/core/src/tools/research/analysis/experiment-code-generator.ts": {"lines":{"total":1052,"covered":1051,"skipped":0,"pct":99.9},"functions":{"total":29,"covered":29,"skipped":0,"pct":100},"statements":{"total":1052,"covered":1051,"skipped":0,"pct":99.9},"branches":{"total":120,"covered":118,"skipped":0,"pct":98.33}}
,"/Users/xingqiangchen/research-cli/packages/core/src/tools/research/analysis/index.ts": {"lines":{"total":4,"covered":0,"skipped":0,"pct":0},"functions":{"total":1,"covered":0,"skipped":0,"pct":0},"statements":{"total":4,"covered":0,"skipped":0,"pct":0},"branches":{"total":1,"covered":0,"skipped":0,"pct":0}}
,"/Users/xingqiangchen/research-cli/packages/core/src/tools/research/analysis/research-data-analyzer.ts": {"lines":{"total":949,"covered":856,"skipped":0,"pct":90.2},"functions":{"total":37,"covered":36,"skipped":0,"pct":97.29},"statements":{"total":949,"covered":856,"skipped":0,"pct":90.2},"branches":{"total":237,"covered":203,"skipped":0,"pct":85.65}}
,"/Users/xingqiangchen/research-cli/packages/core/src/tools/research/bibliography/arxiv-mcp-client.ts": {"lines":{"total":343,"covered":277,"skipped":0,"pct":80.75},"functions":{"total":19,"covered":19,"skipped":0,"pct":100},"statements":{"total":343,"covered":277,"skipped":0,"pct":80.75},"branches":{"total":70,"covered":42,"skipped":0,"pct":60}}
,"/Users/xingqiangchen/research-cli/packages/core/src/tools/research/bibliography/enhanced-bibliography-manager.ts": {"lines":{"total":393,"covered":45,"skipped":0,"pct":11.45},"functions":{"total":19,"covered":3,"skipped":0,"pct":15.78},"statements":{"total":393,"covered":45,"skipped":0,"pct":11.45},"branches":{"total":4,"covered":3,"skipped":0,"pct":75}}
,"/Users/xingqiangchen/research-cli/packages/core/src/tools/research/bibliography/google-scholar-client.ts": {"lines":{"total":234,"covered":67,"skipped":0,"pct":28.63},"functions":{"total":13,"covered":6,"skipped":0,"pct":46.15},"statements":{"total":234,"covered":67,"skipped":0,"pct":28.63},"branches":{"total":21,"covered":8,"skipped":0,"pct":38.09}}
,"/Users/xingqiangchen/research-cli/packages/core/src/tools/research/submission/arxiv-latex-extractor.ts": {"lines":{"total":299,"covered":66,"skipped":0,"pct":22.07},"functions":{"total":20,"covered":4,"skipped":0,"pct":20},"statements":{"total":299,"covered":66,"skipped":0,"pct":22.07},"branches":{"total":19,"covered":4,"skipped":0,"pct":21.05}}
,"/Users/xingqiangchen/research-cli/packages/core/src/tools/research/submission/index.ts": {"lines":{"total":3,"covered":0,"skipped":0,"pct":0},"functions":{"total":1,"covered":0,"skipped":0,"pct":0},"statements":{"total":3,"covered":0,"skipped":0,"pct":0},"branches":{"total":1,"covered":0,"skipped":0,"pct":0}}
,"/Users/xingqiangchen/research-cli/packages/core/src/tools/research/submission/journal-matcher.ts": {"lines":{"total":889,"covered":798,"skipped":0,"pct":89.76},"functions":{"total":28,"covered":28,"skipped":0,"pct":100},"statements":{"total":889,"covered":798,"skipped":0,"pct":89.76},"branches":{"total":220,"covered":182,"skipped":0,"pct":82.72}}
,"/Users/xingqiangchen/research-cli/packages/core/src/tools/research/submission/latex-manager.ts": {"lines":{"total":619,"covered":557,"skipped":0,"pct":89.98},"functions":{"total":34,"covered":34,"skipped":0,"pct":100},"statements":{"total":619,"covered":557,"skipped":0,"pct":89.98},"branches":{"total":129,"covered":96,"skipped":0,"pct":74.41}}
,"/Users/xingqiangchen/research-cli/packages/core/src/tools/research/submission/overleaf-client.ts": {"lines":{"total":231,"covered":133,"skipped":0,"pct":57.57},"functions":{"total":14,"covered":7,"skipped":0,"pct":50},"statements":{"total":231,"covered":133,"skipped":0,"pct":57.57},"branches":{"total":16,"covered":8,"skipped":0,"pct":50}}
,"/Users/xingqiangchen/research-cli/packages/core/src/tools/research/submission/submission-preparator.ts": {"lines":{"total":511,"covered":380,"skipped":0,"pct":74.36},"functions":{"total":23,"covered":22,"skipped":0,"pct":95.65},"statements":{"total":511,"covered":380,"skipped":0,"pct":74.36},"branches":{"total":86,"covered":51,"skipped":0,"pct":59.3}}
,"/Users/xingqiangchen/research-cli/packages/core/src/tools/research/submission/template-manager.ts": {"lines":{"total":349,"covered":144,"skipped":0,"pct":41.26},"functions":{"total":20,"covered":11,"skipped":0,"pct":55},"statements":{"total":349,"covered":144,"skipped":0,"pct":41.26},"branches":{"total":38,"covered":15,"skipped":0,"pct":39.47}}
,"/Users/xingqiangchen/research-cli/packages/core/src/tools/research/submission/types.ts": {"lines":{"total":0,"covered":0,"skipped":0,"pct":0},"functions":{"total":1,"covered":1,"skipped":0,"pct":0},"statements":{"total":0,"covered":0,"skipped":0,"pct":0},"branches":{"total":1,"covered":1,"skipped":0,"pct":0}}
,"/Users/xingqiangchen/research-cli/packages/core/src/tools/research/utils/performance-optimizer.ts": {"lines":{"total":271,"covered":119,"skipped":0,"pct":43.91},"functions":{"total":16,"covered":6,"skipped":0,"pct":37.5},"statements":{"total":271,"covered":119,"skipped":0,"pct":43.91},"branches":{"total":14,"covered":10,"skipped":0,"pct":71.42}}
,"/Users/xingqiangchen/research-cli/packages/core/src/tools/research/writing/academic-writing-assistant.ts": {"lines":{"total":997,"covered":717,"skipped":0,"pct":71.91},"functions":{"total":51,"covered":45,"skipped":0,"pct":88.23},"statements":{"total":997,"covered":717,"skipped":0,"pct":71.91},"branches":{"total":174,"covered":130,"skipped":0,"pct":74.71}}
,"/Users/xingqiangchen/research-cli/packages/core/src/tools/research/writing/index.ts": {"lines":{"total":2,"covered":0,"skipped":0,"pct":0},"functions":{"total":1,"covered":0,"skipped":0,"pct":0},"statements":{"total":2,"covered":0,"skipped":0,"pct":0},"branches":{"total":1,"covered":0,"skipped":0,"pct":0}}
,"/Users/xingqiangchen/research-cli/packages/core/src/tools/research/writing/paper-outline-generator.ts": {"lines":{"total":543,"covered":481,"skipped":0,"pct":88.58},"functions":{"total":15,"covered":14,"skipped":0,"pct":93.33},"statements":{"total":543,"covered":481,"skipped":0,"pct":88.58},"branches":{"total":67,"covered":57,"skipped":0,"pct":85.07}}
,"/Users/xingqiangchen/research-cli/packages/core/src/utils/LruCache.ts": {"lines":{"total":31,"covered":22,"skipped":0,"pct":70.96},"functions":{"total":5,"covered":5,"skipped":0,"pct":100},"statements":{"total":31,"covered":22,"skipped":0,"pct":70.96},"branches":{"total":8,"covered":5,"skipped":0,"pct":62.5}}
,"/Users/xingqiangchen/research-cli/packages/core/src/utils/bfsFileSearch.ts": {"lines":{"total":53,"covered":49,"skipped":0,"pct":92.45},"functions":{"total":2,"covered":2,"skipped":0,"pct":100},"statements":{"total":53,"covered":49,"skipped":0,"pct":92.45},"branches":{"total":15,"covered":13,"skipped":0,"pct":86.66}}
,"/Users/xingqiangchen/research-cli/packages/core/src/utils/editCorrector.ts": {"lines":{"total":521,"covered":403,"skipped":0,"pct":77.35},"functions":{"total":12,"covered":11,"skipped":0,"pct":91.66},"statements":{"total":521,"covered":403,"skipped":0,"pct":77.35},"branches":{"total":72,"covered":44,"skipped":0,"pct":61.11}}
,"/Users/xingqiangchen/research-cli/packages/core/src/utils/editor.ts": {"lines":{"total":150,"covered":146,"skipped":0,"pct":97.33},"functions":{"total":7,"covered":7,"skipped":0,"pct":100},"statements":{"total":150,"covered":146,"skipped":0,"pct":97.33},"branches":{"total":48,"covered":45,"skipped":0,"pct":93.75}}
,"/Users/xingqiangchen/research-cli/packages/core/src/utils/errorReporting.ts": {"lines":{"total":85,"covered":71,"skipped":0,"pct":83.52},"functions":{"total":1,"covered":1,"skipped":0,"pct":100},"statements":{"total":85,"covered":71,"skipped":0,"pct":83.52},"branches":{"total":13,"covered":11,"skipped":0,"pct":84.61}}
,"/Users/xingqiangchen/research-cli/packages/core/src/utils/errors.ts": {"lines":{"total":41,"covered":17,"skipped":0,"pct":41.46},"functions":{"total":4,"covered":3,"skipped":0,"pct":75},"statements":{"total":41,"covered":17,"skipped":0,"pct":41.46},"branches":{"total":5,"covered":3,"skipped":0,"pct":60}}
,"/Users/xingqiangchen/research-cli/packages/core/src/utils/fetch.ts": {"lines":{"total":47,"covered":16,"skipped":0,"pct":34.04},"functions":{"total":3,"covered":0,"skipped":0,"pct":0},"statements":{"total":47,"covered":16,"skipped":0,"pct":34.04},"branches":{"total":0,"covered":0,"skipped":0,"pct":100}}
,"/Users/xingqiangchen/research-cli/packages/core/src/utils/fileUtils.ts": {"lines":{"total":245,"covered":232,"skipped":0,"pct":94.69},"functions":{"total":5,"covered":5,"skipped":0,"pct":100},"statements":{"total":245,"covered":232,"skipped":0,"pct":94.69},"branches":{"total":71,"covered":65,"skipped":0,"pct":91.54}}
,"/Users/xingqiangchen/research-cli/packages/core/src/utils/generateContentResponseUtilities.ts": {"lines":{"total":101,"covered":97,"skipped":0,"pct":96.03},"functions":{"total":8,"covered":8,"skipped":0,"pct":100},"statements":{"total":101,"covered":97,"skipped":0,"pct":96.03},"branches":{"total":50,"covered":48,"skipped":0,"pct":96}}
,"/Users/xingqiangchen/research-cli/packages/core/src/utils/getFolderStructure.ts": {"lines":{"total":220,"covered":209,"skipped":0,"pct":95},"functions":{"total":4,"covered":4,"skipped":0,"pct":100},"statements":{"total":220,"covered":209,"skipped":0,"pct":95},"branches":{"total":76,"covered":71,"skipped":0,"pct":93.42}}
,"/Users/xingqiangchen/research-cli/packages/core/src/utils/gitIgnoreParser.ts": {"lines":{"total":55,"covered":53,"skipped":0,"pct":96.36},"functions":{"total":7,"covered":7,"skipped":0,"pct":100},"statements":{"total":55,"covered":53,"skipped":0,"pct":96.36},"branches":{"total":22,"covered":20,"skipped":0,"pct":90.9}}
,"/Users/xingqiangchen/research-cli/packages/core/src/utils/gitUtils.ts": {"lines":{"total":41,"covered":19,"skipped":0,"pct":46.34},"functions":{"total":2,"covered":1,"skipped":0,"pct":50},"statements":{"total":41,"covered":19,"skipped":0,"pct":46.34},"branches":{"total":6,"covered":4,"skipped":0,"pct":66.66}}
,"/Users/xingqiangchen/research-cli/packages/core/src/utils/memoryDiscovery.ts": {"lines":{"total":254,"covered":205,"skipped":0,"pct":80.7},"functions":{"total":8,"covered":6,"skipped":0,"pct":75},"statements":{"total":254,"covered":205,"skipped":0,"pct":80.7},"branches":{"total":57,"covered":43,"skipped":0,"pct":75.43}}
,"/Users/xingqiangchen/research-cli/packages/core/src/utils/memoryImportProcessor.ts": {"lines":{"total":137,"covered":119,"skipped":0,"pct":86.86},"functions":{"total":5,"covered":5,"skipped":0,"pct":100},"statements":{"total":137,"covered":119,"skipped":0,"pct":86.86},"branches":{"total":26,"covered":23,"skipped":0,"pct":88.46}}
,"/Users/xingqiangchen/research-cli/packages/core/src/utils/messageInspectors.ts": {"lines":{"total":13,"covered":13,"skipped":0,"pct":100},"functions":{"total":2,"covered":2,"skipped":0,"pct":100},"statements":{"total":13,"covered":13,"skipped":0,"pct":100},"branches":{"total":6,"covered":6,"skipped":0,"pct":100}}
,"/Users/xingqiangchen/research-cli/packages/core/src/utils/nextSpeakerChecker.ts": {"lines":{"total":91,"covered":76,"skipped":0,"pct":83.51},"functions":{"total":1,"covered":1,"skipped":0,"pct":100},"statements":{"total":91,"covered":76,"skipped":0,"pct":83.51},"branches":{"total":18,"covered":15,"skipped":0,"pct":83.33}}
,"/Users/xingqiangchen/research-cli/packages/core/src/utils/paths.ts": {"lines":{"total":87,"covered":55,"skipped":0,"pct":63.21},"functions":{"total":7,"covered":4,"skipped":0,"pct":57.14},"statements":{"total":87,"covered":55,"skipped":0,"pct":63.21},"branches":{"total":15,"covered":11,"skipped":0,"pct":73.33}}
,"/Users/xingqiangchen/research-cli/packages/core/src/utils/quotaErrorDetection.ts": {"lines":{"total":76,"covered":31,"skipped":0,"pct":40.78},"functions":{"total":5,"covered":4,"skipped":0,"pct":80},"statements":{"total":76,"covered":31,"skipped":0,"pct":40.78},"branches":{"total":11,"covered":4,"skipped":0,"pct":36.36}}
,"/Users/xingqiangchen/research-cli/packages/core/src/utils/retry.ts": {"lines":{"total":227,"covered":142,"skipped":0,"pct":62.55},"functions":{"total":7,"covered":7,"skipped":0,"pct":100},"statements":{"total":227,"covered":142,"skipped":0,"pct":62.55},"branches":{"total":56,"covered":41,"skipped":0,"pct":73.21}}
,"/Users/xingqiangchen/research-cli/packages/core/src/utils/schemaValidator.ts": {"lines":{"total":45,"covered":39,"skipped":0,"pct":86.66},"functions":{"total":2,"covered":2,"skipped":0,"pct":100},"statements":{"total":45,"covered":39,"skipped":0,"pct":86.66},"branches":{"total":15,"covered":11,"skipped":0,"pct":73.33}}
,"/Users/xingqiangchen/research-cli/packages/core/src/utils/session.ts": {"lines":{"total":3,"covered":3,"skipped":0,"pct":100},"functions":{"total":0,"covered":0,"skipped":0,"pct":100},"statements":{"total":3,"covered":3,"skipped":0,"pct":100},"branches":{"total":0,"covered":0,"skipped":0,"pct":100}}
,"/Users/xingqiangchen/research-cli/packages/core/src/utils/summarizer.ts": {"lines":{"total":76,"covered":70,"skipped":0,"pct":92.1},"functions":{"total":5,"covered":5,"skipped":0,"pct":100},"statements":{"total":76,"covered":70,"skipped":0,"pct":92.1},"branches":{"total":20,"covered":15,"skipped":0,"pct":75}}
,"/Users/xingqiangchen/research-cli/packages/core/src/utils/testUtils.ts": {"lines":{"total":45,"covered":38,"skipped":0,"pct":84.44},"functions":{"total":6,"covered":5,"skipped":0,"pct":83.33},"statements":{"total":45,"covered":38,"skipped":0,"pct":84.44},"branches":{"total":11,"covered":8,"skipped":0,"pct":72.72}}
,"/Users/xingqiangchen/research-cli/packages/core/src/utils/user_account.ts": {"lines":{"total":88,"covered":86,"skipped":0,"pct":97.72},"functions":{"total":6,"covered":6,"skipped":0,"pct":100},"statements":{"total":88,"covered":86,"skipped":0,"pct":97.72},"branches":{"total":34,"covered":33,"skipped":0,"pct":97.05}}
,"/Users/xingqiangchen/research-cli/packages/core/src/utils/user_id.ts": {"lines":{"total":41,"covered":25,"skipped":0,"pct":60.97},"functions":{"total":4,"covered":3,"skipped":0,"pct":75},"statements":{"total":41,"covered":25,"skipped":0,"pct":60.97},"branches":{"total":9,"covered":3,"skipped":0,"pct":33.33}}
}
