TN:
SF:src/index.ts
FNF:0
FNH:0
DA:1,1
DA:8,1
DA:9,1
DA:10,1
DA:11,1
DA:14,1
DA:15,1
DA:16,1
DA:17,1
DA:18,1
DA:19,1
DA:20,1
DA:21,1
DA:22,1
DA:23,1
DA:26,1
DA:27,1
DA:28,1
DA:29,1
DA:30,1
DA:32,1
DA:33,1
DA:34,1
DA:35,1
DA:38,1
DA:39,1
DA:40,1
DA:41,1
DA:42,1
DA:43,1
DA:44,1
DA:45,1
DA:48,1
DA:49,1
DA:52,1
DA:53,1
DA:56,1
DA:57,1
DA:58,1
DA:59,1
DA:60,1
DA:61,1
DA:62,1
DA:63,1
DA:64,1
DA:65,1
DA:66,1
DA:67,1
DA:68,1
DA:71,1
DA:74,1
DA:75,1
LF:52
LH:52
BRF:0
BRH:0
end_of_record
TN:
SF:src/__mocks__/fs/promises.ts
FNF:0
FNH:0
DA:1,1
DA:7,1
DA:8,1
DA:10,1
DA:13,1
DA:14,1
DA:15,1
DA:18,1
DA:19,1
DA:20,1
DA:21,1
DA:22,1
DA:23,1
DA:24,1
DA:25,1
DA:26,1
DA:27,1
DA:28,1
DA:29,1
DA:30,1
DA:31,1
DA:32,1
DA:33,1
DA:34,1
DA:35,1
DA:36,1
DA:37,1
DA:38,1
DA:39,1
DA:40,1
DA:41,1
DA:42,1
DA:43,1
DA:44,1
DA:45,1
DA:48,1
LF:36
LH:36
BRF:0
BRH:0
end_of_record
TN:
SF:src/code_assist/codeAssist.ts
FN:13,createCodeAssistContentGenerator
FNF:1
FNH:0
FNDA:0,createCodeAssistContentGenerator
DA:1,1
DA:7,1
DA:8,1
DA:9,1
DA:10,1
DA:13,0
DA:14,0
DA:15,0
DA:16,0
DA:17,0
DA:18,0
DA:19,0
DA:20,0
DA:21,0
DA:22,0
DA:23,0
DA:24,0
DA:25,0
DA:26,0
DA:28,0
DA:29,0
LF:21
LH:5
BRF:0
BRH:0
end_of_record
TN:
SF:src/code_assist/converter.ts
FN:97,toCountTokenRequest
FN:108,fromCountTokenResponse
FN:116,toGenerateContentRequest
FN:128,fromGenerateContentResponse
FN:140,toVertexGenerateContentRequest
FN:157,toContents
FN:166,maybeToContent
FN:173,toContent
FN:199,toParts
FN:203,toPart
FN:211,toVertexGenerationConfig
FNF:11
FNH:9
FNDA:1,toCountTokenRequest
FNDA:1,fromCountTokenResponse
FNDA:10,toGenerateContentRequest
FNDA:5,fromGenerateContentResponse
FNDA:10,toVertexGenerateContentRequest
FNDA:11,toContents
FNDA:10,maybeToContent
FNDA:13,toContent
FNDA:0,toParts
FNDA:0,toPart
FNDA:10,toVertexGenerationConfig
DA:1,1
DA:7,1
DA:97,1
DA:98,1
DA:99,1
DA:100,1
DA:101,1
DA:102,1
DA:103,1
DA:104,1
DA:105,1
DA:106,1
DA:108,1
DA:109,1
DA:110,1
DA:111,1
DA:112,1
DA:113,1
DA:114,1
DA:116,1
DA:117,10
DA:118,10
DA:119,10
DA:120,10
DA:121,10
DA:122,10
DA:123,10
DA:124,10
DA:125,10
DA:126,10
DA:128,1
DA:129,5
DA:130,5
DA:131,5
DA:132,5
DA:133,5
DA:134,5
DA:135,5
DA:136,5
DA:137,5
DA:138,5
DA:140,10
DA:141,10
DA:142,10
DA:143,10
DA:144,10
DA:145,10
DA:146,10
DA:147,10
DA:148,10
DA:149,10
DA:150,10
DA:151,10
DA:152,10
DA:153,10
DA:154,10
DA:155,10
DA:157,11
DA:158,11
DA:160,7
DA:161,7
DA:163,4
DA:164,4
DA:166,10
DA:167,10
DA:168,9
DA:169,9
DA:170,1
DA:171,1
DA:173,13
DA:174,13
DA:176,0
DA:177,0
DA:178,0
DA:179,0
DA:180,0
DA:181,13
DA:183,5
DA:184,5
DA:185,5
DA:186,5
DA:187,5
DA:188,13
DA:190,6
DA:191,6
DA:193,2
DA:194,2
DA:195,2
DA:196,2
DA:197,2
DA:199,0
DA:200,0
DA:201,0
DA:203,0
DA:204,0
DA:206,0
DA:207,0
DA:208,0
DA:209,0
DA:211,10
DA:212,10
DA:213,10
DA:214,10
DA:215,7
DA:216,7
DA:217,3
DA:218,3
DA:219,3
DA:220,3
DA:221,3
DA:222,3
DA:223,3
DA:224,3
DA:225,3
DA:226,3
DA:227,3
DA:228,3
DA:229,3
DA:230,3
DA:231,3
DA:232,3
DA:233,3
DA:234,3
DA:235,3
DA:236,3
DA:237,3
DA:238,3
DA:239,3
LF:128
LH:114
BRDA:97,0,0,1
BRDA:108,1,0,1
BRDA:116,2,0,10
BRDA:128,3,0,5
BRDA:140,4,0,10
BRDA:146,5,0,3
BRDA:147,6,0,3
BRDA:148,7,0,3
BRDA:149,8,0,3
BRDA:150,9,0,3
BRDA:151,10,0,3
BRDA:157,11,0,11
BRDA:158,12,0,7
BRDA:161,13,0,4
BRDA:166,14,0,10
BRDA:167,15,0,9
BRDA:169,16,0,1
BRDA:173,17,0,13
BRDA:174,18,0,0
BRDA:181,19,0,8
BRDA:181,20,0,5
BRDA:188,21,0,6
BRDA:191,22,0,2
BRDA:211,23,0,10
BRDA:214,24,0,7
BRDA:216,25,0,3
BRF:26
BRH:25
end_of_record
TN:
SF:src/code_assist/oauth2.ts
FN:69,getOauthClient
FN:154,authWithUserCode
FN:171,code
FN:200,authWithWeb
FN:268,getAvailablePort
FN:289,loadCachedCredentials
FN:312,cacheCredentials
FN:320,getCachedCredentialPath
FN:324,clearCachedCredentialFile
FN:334,fetchAndCacheUserInfo
FNF:10
FNH:8
FNDA:7,getOauthClient
FNDA:1,authWithUserCode
FNDA:1,code
FNDA:1,authWithWeb
FNDA:1,getAvailablePort
FNDA:7,loadCachedCredentials
FNDA:0,cacheCredentials
FNDA:7,getCachedCredentialPath
FNDA:0,clearCachedCredentialFile
FNDA:2,fetchAndCacheUserInfo
DA:1,1
DA:7,1
DA:13,1
DA:14,1
DA:15,1
DA:16,1
DA:17,1
DA:18,1
DA:19,1
DA:20,1
DA:22,1
DA:23,1
DA:28,1
DA:29,1
DA:32,1
DA:33,1
DA:41,1
DA:44,1
DA:45,1
DA:46,1
DA:47,1
DA:48,1
DA:50,1
DA:51,1
DA:52,1
DA:53,1
DA:54,1
DA:56,1
DA:57,1
DA:69,7
DA:70,7
DA:71,7
DA:72,7
DA:73,7
DA:74,7
DA:75,7
DA:76,7
DA:78,7
DA:79,0
DA:80,7
DA:83,7
DA:86,1
DA:87,1
DA:88,1
DA:89,1
DA:91,0
DA:92,1
DA:93,1
DA:94,1
DA:95,1
DA:100,7
DA:101,4
DA:102,4
DA:103,4
DA:106,4
DA:107,4
DA:108,3
DA:111,3
DA:112,4
DA:113,1
DA:114,1
DA:115,1
DA:116,1
DA:117,1
DA:118,1
DA:119,4
DA:121,7
DA:122,1
DA:123,1
DA:124,1
DA:125,1
DA:126,1
DA:127,0
DA:128,0
DA:129,0
DA:130,0
DA:131,0
DA:132,1
DA:133,1
DA:134,0
DA:135,0
DA:136,1
DA:137,1
DA:140,1
DA:141,1
DA:143,1
DA:144,1
DA:145,1
DA:146,1
DA:148,1
DA:149,1
DA:151,2
DA:152,2
DA:154,1
DA:155,1
DA:156,1
DA:157,1
DA:158,1
DA:159,1
DA:160,1
DA:161,1
DA:162,1
DA:163,1
DA:164,1
DA:165,1
DA:166,1
DA:167,1
DA:168,1
DA:169,1
DA:171,1
DA:172,1
DA:173,1
DA:174,1
DA:175,1
DA:176,1
DA:177,1
DA:178,1
DA:179,1
DA:180,1
DA:182,1
DA:183,0
DA:184,0
DA:185,0
DA:187,1
DA:188,1
DA:189,1
DA:190,1
DA:191,1
DA:192,1
DA:193,1
DA:194,1
DA:195,0
DA:196,0
DA:197,1
DA:198,1
DA:200,1
DA:201,1
DA:202,1
DA:203,1
DA:204,1
DA:205,1
DA:206,1
DA:207,1
DA:208,1
DA:209,1
DA:211,1
DA:212,1
DA:213,1
DA:214,1
DA:215,0
DA:216,0
DA:217,0
DA:218,0
DA:220,1
DA:221,1
DA:222,0
DA:223,0
DA:225,0
DA:226,1
DA:227,0
DA:229,0
DA:230,1
DA:231,1
DA:232,1
DA:233,1
DA:234,1
DA:235,1
DA:237,1
DA:238,1
DA:239,1
DA:240,0
DA:241,0
DA:242,0
DA:243,0
DA:245,0
DA:247,1
DA:248,1
DA:249,1
DA:250,1
DA:251,0
DA:252,0
DA:253,1
DA:254,0
DA:255,1
DA:256,1
DA:257,1
DA:258,1
DA:259,1
DA:260,1
DA:262,1
DA:263,1
DA:264,1
DA:265,1
DA:266,1
DA:268,1
DA:269,1
DA:270,1
DA:271,1
DA:272,1
DA:273,1
DA:274,1
DA:275,1
DA:276,1
DA:277,1
DA:278,1
DA:279,1
DA:280,1
DA:281,1
DA:282,1
DA:283,1
DA:284,0
DA:285,0
DA:286,1
DA:287,1
DA:289,7
DA:290,7
DA:291,7
DA:292,7
DA:294,7
DA:295,1
DA:298,1
DA:299,7
DA:300,0
DA:301,0
DA:304,1
DA:306,1
DA:307,7
DA:308,6
DA:309,6
DA:310,7
DA:312,0
DA:313,0
DA:314,0
DA:316,0
DA:317,0
DA:318,0
DA:320,7
DA:321,7
DA:322,7
DA:324,0
DA:325,0
DA:326,0
DA:328,0
DA:329,0
DA:331,0
DA:332,0
DA:334,2
DA:335,2
DA:336,2
DA:337,2
DA:338,0
DA:339,0
DA:341,2
DA:342,2
DA:343,2
DA:344,2
DA:345,2
DA:346,2
DA:347,2
DA:348,2
DA:350,2
DA:351,0
DA:352,0
DA:353,0
DA:354,0
DA:355,0
DA:356,0
DA:357,0
DA:359,2
DA:360,2
DA:361,2
DA:362,1
DA:363,2
DA:364,1
DA:365,1
DA:366,2
LF:276
LH:219
BRDA:69,0,0,7
BRDA:83,1,0,1
BRDA:89,2,0,0
BRDA:95,3,0,6
BRDA:100,4,0,4
BRDA:107,5,0,3
BRDA:112,6,0,1
BRDA:119,7,0,2
BRDA:121,8,0,1
BRDA:126,9,0,0
BRDA:133,10,0,0
BRDA:149,11,0,2
BRDA:154,12,0,1
BRDA:182,13,0,0
BRDA:194,14,0,0
BRDA:171,15,0,1
BRDA:176,16,0,1
BRDA:200,17,0,1
BRDA:211,18,0,1
BRDA:212,19,0,1
BRDA:214,20,0,0
BRDA:221,21,0,0
BRDA:226,22,0,0
BRDA:239,23,0,0
BRDA:250,24,0,0
BRDA:253,25,0,0
BRDA:268,26,0,1
BRDA:269,27,0,1
BRDA:283,28,0,0
BRDA:273,29,0,1
BRDA:277,30,0,1
BRDA:282,31,0,1
BRDA:289,32,0,7
BRDA:294,33,0,1
BRDA:299,34,0,0
BRDA:301,35,0,1
BRDA:307,36,0,6
BRDA:320,37,0,7
BRDA:334,38,0,2
BRDA:337,39,0,0
BRDA:350,40,0,0
BRDA:361,41,0,1
BRDA:363,42,0,1
BRF:43
BRH:28
end_of_record
TN:
SF:src/code_assist/server.ts
FN:62,<instance_members_initializer>
FN:65,CodeAssistServer
FN:72,generateContentStream
FN:87,generateContent
FN:98,onboardUser
FN:107,loadCodeAssist
FN:116,getCodeAssistGlobalUserSetting
FN:122,setCodeAssistGlobalUserSetting
FN:131,countTokens
FN:139,embedContent
FN:145,requestPost
FN:164,requestGet
FN:178,requestStreamingPost
FN:259,getTier
FN:266,detectUserTier
FN:293,getMethodUrl
FNF:16
FNH:8
FNDA:7,<instance_members_initializer>
FNDA:7,CodeAssistServer
FNDA:1,generateContentStream
FNDA:1,generateContent
FNDA:1,onboardUser
FNDA:1,loadCodeAssist
FNDA:0,getCodeAssistGlobalUserSetting
FNDA:0,setCodeAssistGlobalUserSetting
FNDA:1,countTokens
FNDA:1,embedContent
FNDA:0,requestPost
FNDA:0,requestGet
FNDA:0,requestStreamingPost
FNDA:0,getTier
FNDA:0,detectUserTier
FNDA:0,getMethodUrl
DA:1,1
DA:24,1
DA:27,1
DA:35,1
DA:59,1
DA:60,1
DA:62,1
DA:63,7
DA:65,7
DA:66,7
DA:67,7
DA:68,7
DA:69,7
DA:70,7
DA:72,7
DA:73,1
DA:74,1
DA:75,1
DA:76,1
DA:77,1
DA:78,1
DA:79,1
DA:80,1
DA:81,1
DA:82,1
DA:83,1
DA:84,1
DA:85,1
DA:87,7
DA:88,1
DA:89,1
DA:90,1
DA:91,1
DA:92,1
DA:93,1
DA:94,1
DA:95,1
DA:96,1
DA:98,7
DA:99,1
DA:100,1
DA:101,1
DA:102,1
DA:103,1
DA:104,1
DA:105,1
DA:107,7
DA:108,1
DA:109,1
DA:110,1
DA:111,1
DA:112,1
DA:113,1
DA:114,1
DA:116,7
DA:117,0
DA:118,0
DA:119,0
DA:120,0
DA:122,7
DA:123,0
DA:124,0
DA:125,0
DA:126,0
DA:127,0
DA:128,0
DA:129,0
DA:131,7
DA:132,1
DA:133,1
DA:134,1
DA:135,1
DA:136,1
DA:137,1
DA:139,7
DA:140,1
DA:141,1
DA:142,1
DA:143,1
DA:145,7
DA:146,0
DA:147,0
DA:148,0
DA:149,0
DA:150,0
DA:151,0
DA:152,0
DA:153,0
DA:154,0
DA:155,0
DA:156,0
DA:157,0
DA:158,0
DA:159,0
DA:160,0
DA:161,0
DA:162,0
DA:164,7
DA:165,0
DA:166,0
DA:167,0
DA:168,0
DA:169,0
DA:170,0
DA:171,0
DA:172,0
DA:173,0
DA:174,0
DA:175,0
DA:176,0
DA:178,7
DA:179,0
DA:180,0
DA:181,0
DA:182,0
DA:183,0
DA:184,0
DA:185,0
DA:186,0
DA:187,0
DA:188,0
DA:189,0
DA:190,0
DA:191,0
DA:192,0
DA:193,0
DA:194,0
DA:195,0
DA:196,0
DA:198,0
DA:200,0
DA:202,0
DA:205,0
DA:206,0
DA:207,0
DA:208,0
DA:209,0
DA:211,0
DA:212,0
DA:215,0
DA:216,0
DA:218,0
DA:220,0
DA:221,0
DA:222,0
DA:223,0
DA:224,0
DA:225,0
DA:226,0
DA:229,0
DA:231,0
DA:232,0
DA:233,0
DA:234,0
DA:236,0
DA:237,0
DA:238,0
DA:239,0
DA:241,0
DA:242,0
DA:244,0
DA:245,0
DA:246,0
DA:247,0
DA:248,0
DA:249,0
DA:250,0
DA:251,0
DA:252,0
DA:253,0
DA:254,0
DA:255,0
DA:256,0
DA:257,0
DA:259,7
DA:260,0
DA:261,0
DA:262,0
DA:263,0
DA:264,0
DA:266,7
DA:267,0
DA:269,0
DA:272,0
DA:273,0
DA:274,0
DA:275,0
DA:276,0
DA:277,0
DA:278,0
DA:279,0
DA:280,0
DA:281,0
DA:282,0
DA:283,0
DA:284,0
DA:285,0
DA:286,0
DA:289,0
DA:290,0
DA:291,0
DA:293,7
DA:294,0
DA:295,0
DA:296,0
DA:297,7
LF:206
LH:75
BRDA:62,0,0,7
BRDA:65,1,0,7
BRDA:72,2,0,1
BRDA:78,3,0,0
BRDA:80,4,0,1
BRDA:87,5,0,1
BRDA:93,6,0,0
BRDA:98,7,0,1
BRDA:107,8,0,1
BRDA:131,9,0,1
BRDA:139,10,0,1
BRF:11
BRH:9
end_of_record
TN:
SF:src/code_assist/setup.ts
FN:18,ProjectIdRequiredError
FN:30,setupUser
FN:70,getOnboardTier
FNF:3
FNH:3
FNDA:1,ProjectIdRequiredError
FNDA:3,setupUser
FNDA:2,getOnboardTier
DA:1,1
DA:7,1
DA:14,1
DA:17,1
DA:18,1
DA:19,1
DA:20,1
DA:21,1
DA:22,1
DA:23,1
DA:30,3
DA:31,3
DA:32,3
DA:34,3
DA:35,3
DA:36,3
DA:37,3
DA:38,3
DA:39,3
DA:41,3
DA:42,3
DA:43,3
DA:44,3
DA:46,3
DA:47,1
DA:48,1
DA:50,2
DA:51,3
DA:52,0
DA:53,0
DA:55,2
DA:56,2
DA:57,2
DA:58,2
DA:59,2
DA:62,2
DA:63,3
DA:64,0
DA:65,0
DA:66,0
DA:67,3
DA:68,3
DA:70,2
DA:71,2
DA:72,2
DA:73,2
DA:74,2
DA:75,0
DA:76,0
DA:77,0
DA:78,0
DA:79,0
DA:80,0
DA:81,0
DA:82,0
DA:83,0
DA:84,0
DA:85,0
LF:58
LH:42
BRDA:18,0,0,1
BRDA:30,1,0,3
BRDA:31,2,0,2
BRDA:44,3,0,2
BRDA:46,4,0,1
BRDA:46,5,0,1
BRDA:48,6,0,2
BRDA:51,7,0,0
BRDA:51,8,0,0
BRDA:53,9,0,2
BRDA:63,10,0,0
BRDA:66,11,0,2
BRDA:67,12,0,0
BRDA:70,13,0,2
BRDA:73,14,0,0
BRDA:74,15,0,0
BRF:16
BRH:10
end_of_record
TN:
SF:src/code_assist/types.ts
FNF:0
FNH:0
DA:1,1
DA:88,1
DA:90,1
DA:91,1
DA:92,1
DA:93,1
DA:94,1
DA:95,1
DA:96,1
DA:97,1
DA:105,1
DA:106,1
DA:107,1
DA:108,1
DA:156,1
DA:157,1
DA:158,1
DA:159,1
DA:160,1
LF:19
LH:19
BRDA:88,0,0,21
BRDA:105,1,0,21
BRDA:156,2,0,21
BRF:3
BRH:3
end_of_record
TN:
SF:src/config/config.ts
FN:78,MCPServerConfig
FN:151,<instance_members_initializer>
FN:196,Config
FN:265,initialize
FN:278,refreshAuth
FN:291,getSessionId
FN:295,getContentGeneratorConfig
FN:299,getModel
FN:303,setModel
FN:310,isModelSwitchedDuringSession
FN:314,resetModelToDefault
FN:321,setFlashFallbackHandler
FN:325,getMaxSessionTurns
FN:329,setQuotaErrorOccurred
FN:333,getQuotaErrorOccurred
FN:337,getUserTier
FN:345,getEmbeddingModel
FN:349,getSandbox
FN:353,getTargetDir
FN:357,getProjectRoot
FN:361,getToolRegistry
FN:365,getDebugMode
FN:368,getQuestion
FN:372,getFullContext
FN:376,getCoreTools
FN:380,getExcludeTools
FN:384,getToolDiscoveryCommand
FN:388,getToolCallCommand
FN:392,getMcpServerCommand
FN:396,getMcpServers
FN:400,getUserMemory
FN:404,setUserMemory
FN:408,getResearchMdFileCount
FN:412,setResearchMdFileCount
FN:416,getApprovalMode
FN:420,setApprovalMode
FN:424,getShowMemoryUsage
FN:428,getAccessibility
FN:432,getTelemetryEnabled
FN:436,getTelemetryLogPromptsEnabled
FN:440,getTelemetryOtlpEndpoint
FN:444,getTelemetryTarget
FN:448,getResearchClient
FN:452,getResearchDir
FN:456,getProjectTempDir
FN:460,getEnableRecursiveFileSearch
FN:464,getFileFilteringRespectGitIgnore
FN:468,getCheckpointingEnabled
FN:472,getProxy
FN:476,getWorkingDir
FN:480,getBugCommand
FN:484,getFileService
FN:491,getUsageStatisticsEnabled
FN:495,getExtensionContextFilePaths
FN:499,getListExtensions
FN:503,getActiveExtensions
FN:507,getNoBrowser
FN:511,getResearchConfigManager
FN:515,getGitService
FN:523,refreshMemory
FN:537,createToolRegistry
FN:596,registerResearchTools
FNF:62
FNH:32
FNDA:0,MCPServerConfig
FNDA:44,<instance_members_initializer>
FNDA:44,Config
FNDA:0,initialize
FNDA:1,refreshAuth
FNDA:0,getSessionId
FNDA:46,getContentGeneratorConfig
FNDA:53,getModel
FNDA:7,setModel
FNDA:12,isModelSwitchedDuringSession
FNDA:2,resetModelToDefault
FNDA:1,setFlashFallbackHandler
FNDA:0,getMaxSessionTurns
FNDA:0,setQuotaErrorOccurred
FNDA:0,getQuotaErrorOccurred
FNDA:0,getUserTier
FNDA:44,getEmbeddingModel
FNDA:88,getSandbox
FNDA:1,getTargetDir
FNDA:0,getProjectRoot
FNDA:0,getToolRegistry
FNDA:94,getDebugMode
FNDA:0,getQuestion
FNDA:0,getFullContext
FNDA:44,getCoreTools
FNDA:0,getExcludeTools
FNDA:0,getToolDiscoveryCommand
FNDA:1,getToolCallCommand
FNDA:1,getMcpServerCommand
FNDA:45,getMcpServers
FNDA:3,getUserMemory
FNDA:1,setUserMemory
FNDA:1,getResearchMdFileCount
FNDA:1,setResearchMdFileCount
FNDA:44,getApprovalMode
FNDA:0,setApprovalMode
FNDA:0,getShowMemoryUsage
FNDA:0,getAccessibility
FNDA:47,getTelemetryEnabled
FNDA:47,getTelemetryLogPromptsEnabled
FNDA:3,getTelemetryOtlpEndpoint
FNDA:2,getTelemetryTarget
FNDA:0,getResearchClient
FNDA:0,getResearchDir
FNDA:0,getProjectTempDir
FNDA:0,getEnableRecursiveFileSearch
FNDA:46,getFileFilteringRespectGitIgnore
FNDA:0,getCheckpointingEnabled
FNDA:0,getProxy
FNDA:3,getWorkingDir
FNDA:0,getBugCommand
FNDA:4,getFileService
FNDA:88,getUsageStatisticsEnabled
FNDA:3,getExtensionContextFilePaths
FNDA:0,getListExtensions
FNDA:0,getActiveExtensions
FNDA:0,getNoBrowser
FNDA:0,getResearchConfigManager
FNDA:0,getGitService
FNDA:2,refreshMemory
FNDA:0,createToolRegistry
FNDA:0,registerResearchTools
DA:1,1
DA:7,1
DA:8,1
DA:9,1
DA:15,1
DA:16,1
DA:17,1
DA:18,1
DA:19,1
DA:20,1
DA:21,1
DA:22,1
DA:23,1
DA:24,1
DA:25,1
DA:30,1
DA:31,1
DA:32,1
DA:33,1
DA:34,1
DA:35,1
DA:36,1
DA:43,1
DA:47,1
DA:48,1
DA:51,1
DA:52,1
DA:53,1
DA:54,1
DA:77,1
DA:78,1
DA:80,0
DA:81,0
DA:82,0
DA:83,0
DA:85,0
DA:87,0
DA:88,0
DA:90,0
DA:92,0
DA:93,0
DA:95,0
DA:96,0
DA:97,0
DA:98,0
DA:99,1
DA:151,1
DA:152,44
DA:153,44
DA:154,44
DA:155,44
DA:156,44
DA:157,44
DA:158,44
DA:159,44
DA:160,44
DA:161,44
DA:162,44
DA:163,44
DA:164,44
DA:165,44
DA:166,44
DA:167,44
DA:168,44
DA:169,44
DA:170,44
DA:171,44
DA:172,44
DA:173,44
DA:174,44
DA:175,44
DA:179,44
DA:180,44
DA:181,44
DA:182,44
DA:183,44
DA:184,44
DA:185,44
DA:186,44
DA:187,44
DA:188,44
DA:189,44
DA:190,44
DA:191,44
DA:192,44
DA:193,44
DA:194,44
DA:196,44
DA:197,44
DA:198,44
DA:199,44
DA:200,44
DA:201,44
DA:202,44
DA:203,44
DA:204,44
DA:205,44
DA:206,44
DA:207,44
DA:208,44
DA:209,44
DA:210,44
DA:211,44
DA:212,44
DA:213,44
DA:214,44
DA:215,44
DA:216,44
DA:217,44
DA:218,44
DA:219,44
DA:220,44
DA:221,44
DA:222,44
DA:224,44
DA:225,44
DA:226,44
DA:227,44
DA:228,44
DA:229,44
DA:230,44
DA:231,44
DA:232,44
DA:233,44
DA:234,44
DA:235,44
DA:236,44
DA:237,44
DA:238,44
DA:239,44
DA:242,44
DA:245,44
DA:246,1
DA:247,0
DA:248,1
DA:249,1
DA:250,1
DA:252,44
DA:253,6
DA:254,6
DA:256,44
DA:257,44
DA:258,44
DA:259,44
DA:260,44
DA:261,0
DA:262,0
DA:263,44
DA:265,44
DA:267,0
DA:268,0
DA:269,0
DA:270,0
DA:271,0
DA:273,0
DA:274,0
DA:275,0
DA:276,0
DA:278,44
DA:279,1
DA:280,1
DA:281,1
DA:282,1
DA:284,1
DA:285,1
DA:288,1
DA:289,1
DA:291,44
DA:292,0
DA:293,0
DA:295,44
DA:296,46
DA:297,46
DA:299,44
DA:300,53
DA:301,53
DA:303,44
DA:304,7
DA:305,6
DA:306,6
DA:307,6
DA:308,7
DA:310,44
DA:311,12
DA:312,12
DA:314,44
DA:315,2
DA:316,1
DA:317,1
DA:318,1
DA:319,2
DA:321,44
DA:322,1
DA:323,1
DA:325,44
DA:326,0
DA:327,0
DA:329,44
DA:330,0
DA:331,0
DA:333,44
DA:334,0
DA:335,0
DA:337,44
DA:338,0
DA:339,0
DA:340,0
DA:341,0
DA:342,0
DA:343,0
DA:345,44
DA:346,44
DA:347,44
DA:349,44
DA:350,88
DA:351,88
DA:353,44
DA:354,1
DA:355,1
DA:357,44
DA:358,0
DA:359,0
DA:361,44
DA:362,0
DA:363,0
DA:365,44
DA:366,94
DA:367,94
DA:368,44
DA:369,0
DA:370,0
DA:372,44
DA:373,0
DA:374,0
DA:376,44
DA:377,44
DA:378,44
DA:380,44
DA:381,0
DA:382,0
DA:384,44
DA:385,0
DA:386,0
DA:388,44
DA:389,1
DA:390,1
DA:392,44
DA:393,1
DA:394,1
DA:396,44
DA:397,45
DA:398,45
DA:400,44
DA:401,3
DA:402,3
DA:404,44
DA:405,1
DA:406,1
DA:408,44
DA:409,1
DA:410,1
DA:412,44
DA:413,1
DA:414,1
DA:416,44
DA:417,44
DA:418,44
DA:420,44
DA:421,0
DA:422,0
DA:424,44
DA:425,0
DA:426,0
DA:428,44
DA:429,0
DA:430,0
DA:432,44
DA:433,47
DA:434,47
DA:436,44
DA:437,47
DA:438,47
DA:440,44
DA:441,3
DA:442,3
DA:444,44
DA:445,2
DA:446,2
DA:448,44
DA:449,0
DA:450,0
DA:452,44
DA:453,0
DA:454,0
DA:456,44
DA:457,0
DA:458,0
DA:460,44
DA:461,0
DA:462,0
DA:464,44
DA:465,46
DA:466,46
DA:468,44
DA:469,0
DA:470,0
DA:472,44
DA:473,0
DA:474,0
DA:476,44
DA:477,3
DA:478,3
DA:480,44
DA:481,0
DA:482,0
DA:484,44
DA:485,4
DA:486,3
DA:487,3
DA:488,4
DA:489,4
DA:491,44
DA:492,88
DA:493,88
DA:495,44
DA:496,3
DA:497,3
DA:499,44
DA:500,0
DA:501,0
DA:503,44
DA:504,0
DA:505,0
DA:507,44
DA:508,0
DA:509,0
DA:511,44
DA:512,0
DA:513,0
DA:515,44
DA:516,0
DA:517,0
DA:518,0
DA:519,0
DA:520,0
DA:521,0
DA:523,44
DA:524,2
DA:525,2
DA:526,2
DA:527,2
DA:528,2
DA:529,2
DA:531,1
DA:532,1
DA:534,1
DA:535,2
DA:537,44
DA:538,0
DA:539,0
DA:543,0
DA:544,0
DA:545,0
DA:546,0
DA:547,0
DA:549,0
DA:550,0
DA:551,0
DA:552,0
DA:553,0
DA:554,0
DA:555,0
DA:556,0
DA:557,0
DA:558,0
DA:559,0
DA:560,0
DA:562,0
DA:563,0
DA:564,0
DA:565,0
DA:566,0
DA:567,0
DA:569,0
DA:570,0
DA:571,0
DA:572,0
DA:574,0
DA:575,0
DA:576,0
DA:577,0
DA:578,0
DA:579,0
DA:580,0
DA:581,0
DA:582,0
DA:583,0
DA:584,0
DA:587,0
DA:589,0
DA:590,0
DA:591,0
DA:596,44
DA:597,0
DA:599,0
DA:602,0
DA:603,0
DA:604,0
DA:605,0
DA:606,0
DA:607,44
LF:411
LH:274
BRDA:51,0,0,15
BRDA:151,1,0,44
BRDA:196,2,0,44
BRDA:199,3,0,17
BRDA:204,4,0,23
BRDA:211,5,0,18
BRDA:212,6,0,38
BRDA:213,7,0,38
BRDA:217,8,0,17
BRDA:217,9,0,27
BRDA:218,10,0,17
BRDA:219,11,0,17
BRDA:219,12,0,43
BRDA:220,13,0,17
BRDA:220,14,0,43
BRDA:225,15,0,1
BRDA:225,16,0,43
BRDA:227,17,0,1
BRDA:231,18,0,0
BRDA:245,19,0,1
BRDA:246,20,0,0
BRDA:252,21,0,6
BRDA:260,22,0,0
BRDA:278,23,0,1
BRDA:295,24,0,46
BRDA:299,25,0,53
BRDA:300,26,0,8
BRDA:300,27,0,45
BRDA:303,28,0,7
BRDA:304,29,0,6
BRDA:310,30,0,12
BRDA:314,31,0,2
BRDA:315,32,0,1
BRDA:321,33,0,1
BRDA:345,34,0,44
BRDA:349,35,0,88
BRDA:353,36,0,1
BRDA:365,37,0,94
BRDA:376,38,0,44
BRDA:388,39,0,1
BRDA:392,40,0,1
BRDA:396,41,0,45
BRDA:400,42,0,3
BRDA:404,43,0,1
BRDA:408,44,0,1
BRDA:412,45,0,1
BRDA:416,46,0,44
BRDA:432,47,0,47
BRDA:433,48,0,0
BRDA:436,49,0,47
BRDA:437,50,0,0
BRDA:440,51,0,3
BRDA:441,52,0,0
BRDA:444,53,0,2
BRDA:445,54,0,0
BRDA:464,55,0,46
BRDA:476,56,0,3
BRDA:484,57,0,4
BRDA:485,58,0,3
BRDA:491,59,0,88
BRDA:495,60,0,3
BRDA:523,61,0,2
BRDA:529,62,0,1
BRF:63
BRH:56
end_of_record
TN:
SF:src/config/model-provider-config.ts
FN:89,<instance_members_initializer>
FNF:1
FNH:0
FNDA:0,<instance_members_initializer>
DA:1,1
DA:7,1
DA:45,1
DA:46,1
DA:47,1
DA:48,1
DA:49,1
DA:50,1
DA:51,1
DA:52,1
DA:53,1
DA:54,1
DA:55,1
DA:56,1
DA:57,1
DA:58,1
DA:59,1
DA:60,1
DA:61,1
DA:62,1
DA:67,1
DA:68,1
DA:69,1
DA:70,1
DA:71,1
DA:72,1
DA:73,1
DA:74,1
DA:75,1
DA:76,1
DA:77,1
DA:78,1
DA:79,1
DA:80,1
DA:81,1
DA:82,1
DA:83,1
DA:84,1
DA:89,1
DA:90,0
DA:92,0
DA:93,0
DA:94,0
DA:99,0
DA:100,0
DA:101,0
DA:103,0
DA:104,0
DA:105,0
DA:107,0
DA:108,0
DA:109,0
DA:110,0
DA:111,0
DA:112,0
DA:113,0
DA:114,0
DA:115,0
DA:116,0
DA:117,0
DA:118,0
DA:119,0
DA:120,0
DA:121,0
DA:122,0
DA:127,0
DA:128,0
DA:131,0
DA:132,0
DA:133,0
DA:134,0
DA:135,0
DA:138,0
DA:139,0
DA:140,0
DA:141,0
DA:142,0
DA:144,0
DA:145,0
DA:150,0
DA:151,0
DA:152,0
DA:153,0
DA:156,0
DA:157,0
DA:158,0
DA:163,0
DA:164,0
DA:165,0
DA:166,0
DA:167,0
DA:169,0
DA:170,0
DA:171,0
DA:172,0
DA:177,0
DA:178,0
DA:179,0
DA:180,0
DA:182,0
DA:183,0
DA:184,0
DA:185,0
DA:186,0
DA:191,0
DA:192,0
DA:193,0
DA:194,0
DA:195,0
DA:200,0
DA:201,0
DA:202,0
DA:207,0
DA:208,0
DA:209,0
DA:214,0
DA:215,0
DA:216,0
DA:217,0
DA:218,0
DA:219,0
DA:224,0
DA:225,0
DA:226,0
DA:231,0
DA:232,0
DA:233,0
DA:234,0
DA:235,0
DA:236,0
DA:241,0
DA:242,0
DA:243,0
DA:248,0
DA:249,0
DA:250,0
DA:251,0
DA:252,0
DA:255,0
DA:256,0
DA:257,0
DA:259,0
DA:260,0
DA:261,0
DA:263,0
DA:264,0
DA:269,0
DA:270,0
DA:271,0
DA:272,0
DA:273,0
DA:274,0
DA:275,0
DA:276,0
DA:281,0
DA:282,0
DA:283,0
DA:288,0
DA:289,0
DA:290,0
DA:291,0
DA:292,0
DA:293,0
DA:294,0
DA:295,0
DA:296,0
LF:166
LH:39
BRDA:89,0,0,0
BRF:1
BRH:0
end_of_record
TN:
SF:src/config/models.ts
FNF:0
FNH:0
DA:1,1
DA:7,1
DA:8,1
DA:9,1
LF:4
LH:4
BRF:0
BRH:0
end_of_record
TN:
SF:src/config/research-config-manager.ts
FN:40,getSystemConfigPath
FN:50,getUserConfigPath
FN:54,getWorkspaceConfigPath
FN:58,getConfigPath
FN:79,<instance_members_initializer>
FN:83,ResearchConfigManager
FN:90,getResearchConfig
FN:113,setResearchConfig
FN:127,getConfigValue
FN:135,validateConfig
FN:178,exportConfig
FN:196,importConfig
FN:222,resetConfig
FN:230,getDefaults
FN:237,loadConfig
FN:251,saveConfig
FN:265,mergeConfigs
FN:274,deepMerge
FN:291,setNestedValue
FN:309,getNestedValue
FN:327,isValidVersion
FN:335,validateAPIs
FN:368,validateLaTeX
FN:401,validateProjects
FN:438,validateAnalysis
FN:463,isValidEmail
FNF:26
FNH:24
FNDA:9,getSystemConfigPath
FNDA:16,getUserConfigPath
FNDA:10,getWorkspaceConfigPath
FNDA:35,getConfigPath
FNDA:67,<instance_members_initializer>
FNDA:67,ResearchConfigManager
FNDA:10,getResearchConfig
FNDA:2,setResearchConfig
FNDA:2,getConfigValue
FNDA:7,validateConfig
FNDA:2,exportConfig
FNDA:3,importConfig
FNDA:1,resetConfig
FNDA:1,getDefaults
FNDA:31,loadConfig
FNDA:4,saveConfig
FNDA:10,mergeConfigs
FNDA:178,deepMerge
FNDA:2,setNestedValue
FNDA:2,getNestedValue
FNDA:4,isValidVersion
FNDA:3,validateAPIs
FNDA:1,validateLaTeX
FNDA:0,validateProjects
FNDA:0,validateAnalysis
FNDA:1,isValidEmail
DA:1,1
DA:7,1
DA:8,1
DA:9,1
DA:10,1
DA:30,1
DA:31,1
DA:32,1
DA:33,1
DA:39,1
DA:40,1
DA:41,9
DA:42,9
DA:43,9
DA:44,0
DA:45,0
DA:46,0
DA:47,0
DA:48,9
DA:50,1
DA:51,16
DA:52,16
DA:54,1
DA:55,10
DA:56,10
DA:58,1
DA:59,35
DA:60,35
DA:61,9
DA:62,35
DA:63,16
DA:64,35
DA:65,10
DA:66,0
DA:67,0
DA:68,10
DA:69,35
DA:70,0
DA:71,35
DA:72,35
DA:73,1
DA:79,1
DA:80,67
DA:81,67
DA:83,67
DA:84,67
DA:85,67
DA:90,67
DA:91,10
DA:92,1
DA:93,1
DA:96,9
DA:97,9
DA:98,9
DA:100,9
DA:101,9
DA:102,9
DA:103,9
DA:104,9
DA:105,9
DA:107,9
DA:108,10
DA:113,67
DA:114,2
DA:115,2
DA:116,2
DA:117,2
DA:118,2
DA:119,2
DA:120,2
DA:121,2
DA:122,2
DA:127,67
DA:128,2
DA:129,2
DA:130,2
DA:135,67
DA:136,7
DA:137,7
DA:140,7
DA:141,2
DA:142,2
DA:143,2
DA:144,2
DA:145,2
DA:146,2
DA:149,7
DA:150,3
DA:151,3
DA:154,7
DA:155,1
DA:156,1
DA:159,7
DA:160,0
DA:161,0
DA:164,7
DA:165,0
DA:166,0
DA:168,7
DA:169,7
DA:170,7
DA:171,7
DA:172,7
DA:173,7
DA:178,67
DA:179,2
DA:181,2
DA:182,1
DA:183,1
DA:185,1
DA:186,1
DA:187,1
DA:188,1
DA:190,2
DA:191,2
DA:196,67
DA:197,3
DA:198,3
DA:199,3
DA:200,3
DA:202,3
DA:203,3
DA:204,3
DA:205,1
DA:206,1
DA:209,2
DA:210,3
DA:211,1
DA:212,1
DA:213,1
DA:215,1
DA:216,1
DA:217,3
DA:222,67
DA:223,1
DA:224,1
DA:225,1
DA:230,67
DA:231,1
DA:232,1
DA:237,67
DA:238,31
DA:239,31
DA:240,31
DA:241,28
DA:242,31
DA:244,3
DA:245,3
DA:246,31
DA:251,67
DA:252,4
DA:253,4
DA:256,4
DA:259,4
DA:260,4
DA:265,67
DA:266,10
DA:267,38
DA:268,10
DA:269,10
DA:274,67
DA:275,178
DA:277,178
DA:278,867
DA:279,140
DA:280,867
DA:281,727
DA:282,727
DA:283,867
DA:285,178
DA:286,178
DA:291,67
DA:292,2
DA:293,2
DA:295,2
DA:296,2
DA:297,2
DA:298,2
DA:299,2
DA:300,2
DA:301,2
DA:303,2
DA:304,2
DA:309,67
DA:310,2
DA:311,2
DA:313,2
DA:314,3
DA:315,2
DA:316,3
DA:317,1
DA:318,1
DA:319,3
DA:321,1
DA:322,2
DA:327,67
DA:328,4
DA:329,4
DA:330,4
DA:335,67
DA:336,3
DA:337,3
DA:338,3
DA:339,3
DA:340,3
DA:341,1
DA:342,1
DA:343,1
DA:344,1
DA:345,1
DA:346,1
DA:348,3
DA:349,1
DA:350,1
DA:351,1
DA:352,1
DA:353,1
DA:354,1
DA:356,3
DA:357,0
DA:358,0
DA:359,0
DA:360,0
DA:361,0
DA:362,0
DA:363,3
DA:368,67
DA:369,1
DA:370,1
DA:371,1
DA:372,1
DA:373,1
DA:374,0
DA:375,0
DA:376,0
DA:377,0
DA:378,0
DA:379,0
DA:381,1
DA:382,1
DA:383,1
DA:384,1
DA:385,1
DA:386,1
DA:387,1
DA:389,1
DA:390,0
DA:391,0
DA:392,0
DA:393,0
DA:394,0
DA:395,0
DA:396,1
DA:401,67
DA:402,0
DA:403,0
DA:404,0
DA:405,0
DA:406,0
DA:407,0
DA:408,0
DA:409,0
DA:410,0
DA:411,0
DA:412,0
DA:413,0
DA:414,0
DA:416,0
DA:417,0
DA:418,0
DA:419,0
DA:420,0
DA:421,0
DA:422,0
DA:423,0
DA:424,0
DA:426,0
DA:427,0
DA:428,0
DA:429,0
DA:430,0
DA:431,0
DA:432,0
DA:433,0
DA:438,67
DA:439,0
DA:440,0
DA:441,0
DA:442,0
DA:443,0
DA:444,0
DA:445,0
DA:446,0
DA:447,0
DA:448,0
DA:449,0
DA:451,0
DA:452,0
DA:453,0
DA:454,0
DA:455,0
DA:456,0
DA:457,0
DA:458,0
DA:463,67
DA:464,1
DA:465,1
DA:466,1
DA:467,67
LF:309
LH:231
BRDA:30,0,0,16
BRDA:40,1,0,9
BRDA:43,2,0,0
BRDA:50,3,0,16
BRDA:54,4,0,10
BRDA:58,5,0,35
BRDA:60,6,0,9
BRDA:62,7,0,16
BRDA:64,8,0,10
BRDA:65,9,0,0
BRDA:69,10,0,0
BRDA:79,11,0,67
BRDA:83,12,0,67
BRDA:90,13,0,10
BRDA:91,14,0,1
BRDA:93,15,0,9
BRDA:113,16,0,2
BRDA:127,17,0,2
BRDA:135,18,0,7
BRDA:140,19,0,4
BRDA:140,20,0,2
BRDA:149,21,0,3
BRDA:154,22,0,1
BRDA:159,23,0,0
BRDA:164,24,0,0
BRDA:178,25,0,2
BRDA:181,26,0,1
BRDA:196,27,0,3
BRDA:204,28,0,1
BRDA:206,29,0,2
BRDA:210,30,0,1
BRDA:211,31,0,1
BRDA:222,32,0,1
BRDA:230,33,0,1
BRDA:237,34,0,31
BRDA:240,35,0,28
BRDA:242,36,0,3
BRDA:251,37,0,4
BRDA:265,38,0,10
BRDA:266,39,0,38
BRDA:274,40,0,178
BRDA:277,41,0,867
BRDA:278,42,0,239
BRDA:278,43,0,140
BRDA:279,44,0,127
BRDA:280,45,0,727
BRDA:291,46,0,2
BRDA:297,47,0,0
BRDA:309,48,0,2
BRDA:313,49,0,3
BRDA:314,50,0,2
BRDA:316,51,0,1
BRDA:319,52,0,1
BRDA:327,53,0,4
BRDA:335,54,0,3
BRDA:340,55,0,2
BRDA:340,56,0,2
BRDA:340,57,0,1
BRDA:348,58,0,1
BRDA:348,59,0,1
BRDA:348,60,0,1
BRDA:356,61,0,0
BRDA:356,62,0,0
BRDA:356,63,0,0
BRDA:368,64,0,1
BRDA:373,65,0,0
BRDA:389,66,0,0
BRDA:389,67,0,0
BRDA:389,68,0,0
BRDA:463,69,0,1
BRF:70
BRH:57
end_of_record
TN:
SF:src/config/research-config.ts
FN:20,getConfiguredSerpApiKey
FNF:1
FNH:1
FNDA:16,getConfiguredSerpApiKey
DA:1,1
DA:7,1
DA:20,16
DA:21,16
DA:22,16
DA:23,16
DA:24,16
DA:26,16
DA:28,16
DA:29,0
DA:30,0
DA:31,0
DA:32,16
DA:34,0
DA:36,16
DA:37,16
DA:281,1
DA:282,1
DA:284,1
DA:285,1
DA:286,1
DA:287,1
DA:288,1
DA:289,1
DA:290,1
DA:291,1
DA:293,1
DA:294,1
DA:295,1
DA:296,1
DA:297,1
DA:298,1
DA:299,1
DA:300,1
DA:301,1
DA:302,1
DA:303,1
DA:304,1
DA:305,1
DA:306,1
DA:307,1
DA:308,1
DA:309,1
DA:310,1
DA:311,1
DA:312,1
DA:313,1
DA:314,1
DA:315,1
DA:316,1
DA:317,1
DA:318,1
DA:319,1
DA:320,1
DA:321,1
DA:322,1
DA:323,1
DA:324,1
DA:325,1
DA:327,1
DA:328,1
DA:329,1
DA:330,1
DA:331,1
DA:332,1
DA:333,1
DA:334,1
DA:336,1
DA:337,1
DA:338,1
DA:339,1
DA:340,1
DA:341,1
DA:342,1
DA:344,1
DA:345,1
DA:346,1
DA:347,1
DA:348,1
DA:349,1
DA:350,1
DA:351,1
DA:352,1
DA:353,1
DA:355,1
DA:356,1
DA:357,1
DA:358,1
DA:359,1
DA:360,1
DA:361,1
DA:362,1
DA:363,1
DA:365,1
DA:366,1
DA:367,1
DA:368,1
DA:369,1
DA:370,1
DA:371,1
DA:372,1
DA:373,1
DA:374,1
DA:376,1
DA:377,1
DA:378,1
DA:379,1
DA:380,1
DA:381,1
DA:382,1
DA:383,1
DA:384,1
DA:385,1
DA:386,1
DA:387,1
DA:388,1
DA:390,1
DA:391,1
DA:392,1
DA:393,1
DA:394,1
DA:395,1
DA:396,1
DA:397,1
DA:398,1
LF:125
LH:121
BRDA:323,0,0,0
BRDA:20,1,0,16
BRDA:28,2,0,0
BRDA:32,3,0,0
BRF:4
BRH:1
end_of_record
TN:
SF:src/core/client.ts
FN:43,isThinkingSupported
FN:53,findIndexAfterFraction
FN:81,<instance_members_initializer>
FN:102,ResearchClient
FN:110,initialize
FN:119,getContentGenerator
FN:126,addHistory
FN:130,getChat
FN:137,isInitialized
FN:141,getHistory
FN:145,setHistory
FN:149,resetChat
FN:153,getEnvironment
FN:217,startChat
FN:267,sendMessageStream
FN:331,generateJson
FN:350,apiCall
FN:363,onPersistent429
FN:422,generateContent
FN:444,apiCall
FN:452,onPersistent429
FN:477,generateEmbedding
FN:512,tryCompressChat
FN:604,handleFlashFallback
FNF:24
FNH:20
FNDA:26,isThinkingSupported
FNDA:10,findIndexAfterFraction
FNDA:24,<instance_members_initializer>
FNDA:24,ResearchClient
FNDA:23,initialize
FNDA:44,getContentGenerator
FNDA:2,addHistory
FNDA:647,getChat
FNDA:0,isInitialized
FNDA:3,getHistory
FNDA:0,setHistory
FNDA:1,resetChat
FNDA:26,getEnvironment
FNDA:26,startChat
FNDA:209,sendMessageStream
FNDA:2,generateJson
FNDA:2,apiCall
FNDA:0,onPersistent429
FNDA:2,generateContent
FNDA:2,apiCall
FNDA:0,onPersistent429
FNDA:8,generateEmbedding
FNDA:210,tryCompressChat
FNDA:1,handleFlashFallback
DA:1,1
DA:17,1
DA:18,1
DA:25,1
DA:27,1
DA:28,1
DA:29,1
DA:30,1
DA:31,1
DA:32,1
DA:33,1
DA:34,1
DA:40,1
DA:41,1
DA:43,26
DA:44,26
DA:45,26
DA:46,26
DA:53,1
DA:54,10
DA:55,10
DA:56,10
DA:57,10
DA:58,2
DA:59,2
DA:61,8
DA:62,8
DA:63,8
DA:65,8
DA:66,8
DA:67,8
DA:68,8
DA:69,8
DA:71,8
DA:72,10
DA:73,15
DA:74,15
DA:75,7
DA:76,7
DA:77,15
DA:78,1
DA:79,1
DA:81,1
DA:82,24
DA:83,24
DA:84,24
DA:85,24
DA:86,24
DA:87,24
DA:88,24
DA:89,24
DA:90,24
DA:95,24
DA:100,24
DA:102,24
DA:103,24
DA:104,1
DA:105,1
DA:107,24
DA:108,24
DA:110,24
DA:111,23
DA:112,23
DA:113,23
DA:114,23
DA:115,23
DA:116,23
DA:117,23
DA:119,24
DA:120,44
DA:121,0
DA:122,0
DA:123,44
DA:124,44
DA:126,24
DA:127,2
DA:128,2
DA:130,24
DA:131,647
DA:132,0
DA:133,0
DA:134,647
DA:135,647
DA:137,24
DA:138,0
DA:139,0
DA:141,24
DA:142,3
DA:143,3
DA:145,24
DA:146,0
DA:147,0
DA:149,24
DA:150,1
DA:151,1
DA:153,24
DA:154,26
DA:155,26
DA:156,26
DA:157,26
DA:158,26
DA:159,26
DA:160,26
DA:161,26
DA:162,26
DA:163,26
DA:164,26
DA:165,26
DA:167,26
DA:168,26
DA:169,26
DA:170,26
DA:171,26
DA:173,26
DA:174,26
DA:177,26
DA:178,0
DA:179,0
DA:180,0
DA:181,0
DA:182,0
DA:184,0
DA:185,0
DA:186,0
DA:187,0
DA:188,0
DA:189,0
DA:190,0
DA:191,0
DA:192,0
DA:193,0
DA:194,0
DA:195,0
DA:196,0
DA:197,0
DA:198,0
DA:199,0
DA:200,0
DA:201,0
DA:202,0
DA:203,0
DA:204,0
DA:205,0
DA:207,0
DA:208,0
DA:209,0
DA:210,0
DA:211,0
DA:212,0
DA:214,26
DA:215,26
DA:217,24
DA:218,26
DA:219,26
DA:220,26
DA:221,26
DA:222,26
DA:223,26
DA:224,26
DA:225,26
DA:226,26
DA:227,26
DA:228,26
DA:229,26
DA:230,26
DA:231,26
DA:232,26
DA:233,26
DA:234,26
DA:235,26
DA:236,26
DA:237,26
DA:238,26
DA:239,0
DA:240,0
DA:241,0
DA:242,0
DA:243,0
DA:244,0
DA:245,26
DA:246,26
DA:247,26
DA:248,26
DA:249,26
DA:250,26
DA:251,26
DA:252,26
DA:253,26
DA:254,26
DA:255,26
DA:256,26
DA:257,0
DA:258,0
DA:259,0
DA:260,0
DA:261,0
DA:262,0
DA:263,0
DA:264,0
DA:265,26
DA:267,24
DA:268,209
DA:269,209
DA:270,209
DA:271,209
DA:272,209
DA:273,209
DA:274,209
DA:275,209
DA:276,209
DA:277,6
DA:278,209
DA:279,1
DA:280,1
DA:281,1
DA:283,208
DA:284,209
DA:285,2
DA:286,2
DA:289,209
DA:291,209
DA:293,209
DA:294,0
DA:295,0
DA:296,206
DA:297,206
DA:298,209
DA:299,4
DA:300,4
DA:301,209
DA:303,206
DA:304,206
DA:307,0
DA:308,0
DA:310,206
DA:311,206
DA:312,206
DA:313,206
DA:314,206
DA:315,206
DA:316,200
DA:319,200
DA:320,200
DA:321,200
DA:322,200
DA:323,200
DA:324,200
DA:325,200
DA:326,200
DA:327,206
DA:328,206
DA:329,209
DA:331,24
DA:332,2
DA:333,2
DA:334,2
DA:335,2
DA:336,2
DA:337,2
DA:339,2
DA:340,2
DA:341,2
DA:342,2
DA:343,2
DA:344,2
DA:345,2
DA:346,2
DA:347,2
DA:348,2
DA:350,2
DA:351,2
DA:352,2
DA:353,2
DA:354,2
DA:355,2
DA:356,2
DA:357,2
DA:358,2
DA:359,2
DA:360,2
DA:362,2
DA:363,2
DA:364,0
DA:365,2
DA:366,2
DA:368,2
DA:369,2
DA:370,0
DA:371,0
DA:372,0
DA:373,0
DA:374,0
DA:375,0
DA:376,0
DA:377,0
DA:378,0
DA:379,0
DA:380,0
DA:381,2
DA:382,2
DA:383,2
DA:384,0
DA:385,0
DA:386,0
DA:387,0
DA:388,0
DA:389,0
DA:390,0
DA:391,0
DA:392,0
DA:393,0
DA:394,0
DA:395,0
DA:396,0
DA:397,2
DA:398,0
DA:399,0
DA:400,0
DA:403,0
DA:404,0
DA:405,0
DA:406,0
DA:407,0
DA:408,0
DA:410,0
DA:411,0
DA:412,0
DA:413,0
DA:414,0
DA:415,0
DA:416,0
DA:417,0
DA:418,0
DA:419,0
DA:420,2
DA:422,24
DA:423,2
DA:424,2
DA:425,2
DA:426,2
DA:427,2
DA:428,2
DA:429,2
DA:430,2
DA:431,2
DA:432,2
DA:434,2
DA:435,2
DA:436,2
DA:438,2
DA:439,2
DA:440,2
DA:441,2
DA:442,2
DA:444,2
DA:445,2
DA:446,2
DA:447,2
DA:448,2
DA:449,2
DA:451,2
DA:452,2
DA:453,0
DA:454,2
DA:455,2
DA:456,2
DA:457,2
DA:458,0
DA:459,0
DA:460,0
DA:462,0
DA:463,0
DA:464,0
DA:465,0
DA:466,0
DA:467,0
DA:468,0
DA:469,0
DA:470,0
DA:471,0
DA:472,0
DA:473,0
DA:474,0
DA:475,2
DA:477,24
DA:478,8
DA:479,1
DA:480,1
DA:481,7
DA:482,7
DA:483,7
DA:484,7
DA:486,7
DA:487,7
DA:488,6
DA:489,6
DA:490,5
DA:491,8
DA:492,2
DA:493,2
DA:495,8
DA:496,1
DA:497,1
DA:498,1
DA:499,1
DA:501,3
DA:502,5
DA:503,5
DA:504,2
DA:505,2
DA:506,2
DA:507,2
DA:508,3
DA:509,3
DA:510,8
DA:512,24
DA:513,210
DA:514,210
DA:515,210
DA:516,210
DA:519,210
DA:520,206
DA:521,206
DA:523,4
DA:525,4
DA:526,4
DA:527,4
DA:528,4
DA:529,4
DA:530,210
DA:531,0
DA:532,0
DA:533,0
DA:536,4
DA:537,4
DA:538,2
DA:539,210
DA:540,1
DA:541,1
DA:543,3
DA:544,3
DA:545,3
DA:546,3
DA:548,3
DA:549,3
DA:550,3
DA:551,210
DA:552,1
DA:553,1
DA:555,3
DA:556,3
DA:558,3
DA:560,3
DA:561,3
DA:562,3
DA:563,3
DA:564,3
DA:565,3
DA:566,3
DA:567,3
DA:568,3
DA:569,3
DA:570,3
DA:571,3
DA:572,3
DA:573,3
DA:574,3
DA:575,3
DA:576,3
DA:577,3
DA:578,3
DA:579,3
DA:580,3
DA:581,3
DA:583,3
DA:584,3
DA:586,3
DA:587,3
DA:588,3
DA:589,210
DA:590,0
DA:591,0
DA:592,0
DA:594,3
DA:595,3
DA:596,3
DA:597,3
DA:598,210
DA:604,24
DA:605,1
DA:606,1
DA:607,1
DA:609,1
DA:610,0
DA:611,0
DA:613,1
DA:614,1
DA:617,1
DA:618,0
DA:619,0
DA:622,1
DA:623,1
DA:624,1
DA:625,1
DA:626,1
DA:627,1
DA:628,1
DA:629,1
DA:630,1
DA:631,1
DA:632,1
DA:633,1
DA:635,0
DA:636,0
DA:637,0
DA:638,1
DA:639,0
DA:640,0
DA:641,1
DA:643,0
DA:644,1
DA:645,24
LF:522
LH:386
BRDA:43,0,0,26
BRDA:44,1,0,0
BRDA:53,2,0,10
BRDA:57,3,0,9
BRDA:57,4,0,2
BRDA:59,5,0,8
BRDA:72,6,0,15
BRDA:74,7,0,7
BRDA:77,8,0,1
BRDA:62,9,0,18
BRDA:66,10,0,18
BRDA:81,11,0,24
BRDA:102,12,0,24
BRDA:103,13,0,1
BRDA:110,14,0,23
BRDA:119,15,0,44
BRDA:120,16,0,0
BRDA:126,17,0,2
BRDA:130,18,0,647
BRDA:131,19,0,0
BRDA:141,20,0,3
BRDA:149,21,0,1
BRDA:153,22,0,26
BRDA:177,23,0,0
BRDA:217,24,0,26
BRDA:231,25,0,24
BRDA:238,26,0,0
BRDA:256,27,0,0
BRDA:267,28,0,209
BRDA:276,29,0,6
BRDA:278,30,0,1
BRDA:281,31,0,208
BRDA:284,32,0,2
BRDA:286,33,0,206
BRDA:289,34,0,8
BRDA:291,35,0,206
BRDA:293,36,0,0
BRDA:295,37,0,206
BRDA:298,38,0,4
BRDA:300,39,0,206
BRDA:301,40,0,206
BRDA:301,41,0,206
BRDA:304,42,0,0
BRDA:315,43,0,200
BRDA:315,44,0,200
BRDA:331,45,0,2
BRDA:340,46,0,1
BRDA:340,47,0,0
BRDA:369,48,0,0
BRDA:383,49,0,0
BRDA:397,50,0,0
BRDA:350,51,0,2
BRDA:422,52,0,2
BRDA:457,53,0,0
BRDA:444,54,0,2
BRDA:477,55,0,8
BRDA:478,56,0,1
BRDA:480,57,0,7
BRDA:487,58,0,6
BRDA:489,59,0,5
BRDA:491,60,0,2
BRDA:493,61,0,4
BRDA:495,62,0,1
BRDA:499,63,0,3
BRDA:501,64,0,5
BRDA:503,65,0,4
BRDA:503,66,0,2
BRDA:507,67,0,3
BRDA:512,68,0,210
BRDA:519,69,0,206
BRDA:521,70,0,4
BRDA:530,71,0,0
BRDA:533,72,0,4
BRDA:537,73,0,2
BRDA:539,74,0,1
BRDA:541,75,0,3
BRDA:551,76,0,1
BRDA:553,77,0,3
BRDA:589,78,0,0
BRDA:592,79,0,3
BRDA:604,80,0,1
BRDA:609,81,0,0
BRDA:617,82,0,0
BRDA:633,83,0,0
BRDA:638,84,0,0
BRDA:641,85,0,0
BRF:86
BRH:66
end_of_record
TN:
SF:src/core/contentGenerator.ts
FN:58,getConfiguredAPIValues
FN:87,createContentGeneratorConfig
FN:138,createContentGenerator
FNF:3
FNH:3
FNDA:5,getConfiguredAPIValues
FNDA:5,createContentGeneratorConfig
FNDA:25,createContentGenerator
DA:1,1
DA:7,1
DA:16,1
DA:17,1
DA:19,1
DA:41,1
DA:42,1
DA:43,1
DA:44,1
DA:45,1
DA:58,5
DA:63,5
DA:64,5
DA:65,5
DA:66,5
DA:67,5
DA:69,5
DA:71,5
DA:72,0
DA:73,0
DA:74,0
DA:75,0
DA:76,0
DA:77,0
DA:78,0
DA:79,0
DA:80,5
DA:82,0
DA:84,5
DA:85,5
DA:87,5
DA:88,5
DA:89,5
DA:90,5
DA:91,5
DA:93,5
DA:94,5
DA:95,5
DA:96,5
DA:99,5
DA:101,5
DA:102,5
DA:103,5
DA:104,5
DA:107,5
DA:108,5
DA:109,5
DA:110,5
DA:111,0
DA:112,0
DA:114,5
DA:115,1
DA:116,1
DA:117,1
DA:118,1
DA:119,1
DA:120,1
DA:122,1
DA:123,1
DA:125,4
DA:126,4
DA:127,3
DA:128,5
DA:129,2
DA:130,2
DA:132,2
DA:133,2
DA:135,2
DA:136,2
DA:138,25
DA:139,25
DA:140,25
DA:141,25
DA:142,25
DA:143,25
DA:144,25
DA:145,25
DA:146,25
DA:147,25
DA:148,25
DA:149,25
DA:150,25
DA:151,24
DA:152,25
DA:153,1
DA:154,1
DA:155,1
DA:156,1
DA:157,1
DA:158,1
DA:159,1
DA:161,24
DA:162,24
DA:163,0
DA:164,25
DA:165,24
DA:166,24
DA:167,24
DA:168,24
DA:169,24
DA:171,24
DA:172,24
DA:174,0
DA:175,0
DA:176,0
DA:177,0
LF:106
LH:90
BRDA:41,0,0,20
BRDA:58,1,0,5
BRDA:71,2,0,0
BRDA:80,3,0,0
BRDA:87,4,0,5
BRDA:93,5,0,1
BRDA:94,6,0,2
BRDA:95,7,0,4
BRDA:96,8,0,4
BRDA:110,9,0,0
BRDA:114,10,0,2
BRDA:114,11,0,1
BRDA:123,12,0,4
BRDA:126,13,0,3
BRDA:127,14,0,2
BRDA:127,15,0,1
BRDA:128,16,0,2
BRDA:138,17,0,25
BRDA:150,18,0,24
BRDA:152,19,0,24
BRDA:152,20,0,1
BRDA:162,21,0,0
BRDA:164,22,0,24
BRDA:166,23,0,0
BRDA:172,24,0,0
BRF:25
BRH:19
end_of_record
TN:
SF:src/core/coreToolScheduler.ts
FN:125,createFunctionResponsePart
FN:139,convertToFunctionResponse
FN:200,createErrorResponse
FN:226,<instance_members_initializer>
FN:236,CoreToolScheduler
FN:270,setStatusInternal
FN:386,setArgsInternal
FN:396,isRunning
FN:403,schedule
FN:460,onConfirm
FN:496,handleConfirmationResponse
FN:574,_applyInlineModify
FN:611,attemptExecutionOfScheduledCalls
FN:634,liveOutputCallback
FN:689,checkAndNotifyCompletion
FN:712,notifyToolCallsUpdate
FNF:16
FNH:13
FNDA:14,createFunctionResponsePart
FNDA:14,convertToFunctionResponse
FNDA:0,createErrorResponse
FNDA:2,<instance_members_initializer>
FNDA:2,CoreToolScheduler
FNDA:7,setStatusInternal
FNDA:1,setArgsInternal
FNDA:2,isRunning
FNDA:2,schedule
FNDA:0,onConfirm
FNDA:2,handleConfirmationResponse
FNDA:1,_applyInlineModify
FNDA:4,attemptExecutionOfScheduledCalls
FNDA:0,liveOutputCallback
FNDA:9,checkAndNotifyCompletion
FNDA:11,notifyToolCallsUpdate
DA:1,1
DA:7,1
DA:23,1
DA:24,1
DA:29,1
DA:125,14
DA:126,14
DA:127,14
DA:128,14
DA:129,14
DA:130,14
DA:131,14
DA:132,14
DA:133,14
DA:134,14
DA:135,14
DA:136,14
DA:137,14
DA:139,1
DA:140,14
DA:141,14
DA:142,14
DA:143,14
DA:144,14
DA:145,14
DA:146,3
DA:147,11
DA:149,14
DA:150,4
DA:151,4
DA:153,14
DA:154,2
DA:155,2
DA:156,2
DA:157,2
DA:158,2
DA:159,2
DA:160,2
DA:163,14
DA:164,0
DA:165,0
DA:166,0
DA:167,0
DA:168,0
DA:169,0
DA:170,0
DA:172,0
DA:173,0
DA:175,14
DA:176,4
DA:177,4
DA:178,1
DA:179,0
DA:180,4
DA:181,4
DA:182,4
DA:183,4
DA:184,4
DA:185,4
DA:186,4
DA:188,12
DA:189,2
DA:190,2
DA:193,2
DA:194,2
DA:195,2
DA:196,2
DA:197,2
DA:198,2
DA:200,1
DA:201,0
DA:202,0
DA:203,0
DA:204,0
DA:205,0
DA:206,0
DA:207,0
DA:208,0
DA:209,0
DA:210,0
DA:211,0
DA:212,0
DA:213,0
DA:214,0
DA:226,1
DA:227,2
DA:228,2
DA:229,2
DA:230,2
DA:231,2
DA:232,2
DA:233,2
DA:234,2
DA:236,2
DA:237,2
DA:238,2
DA:239,2
DA:240,2
DA:241,2
DA:242,2
DA:243,2
DA:244,2
DA:270,2
DA:271,7
DA:272,7
DA:273,7
DA:274,7
DA:275,7
DA:276,7
DA:277,7
DA:278,7
DA:279,7
DA:280,7
DA:281,7
DA:282,0
DA:283,0
DA:286,7
DA:287,7
DA:289,7
DA:291,7
DA:292,7
DA:293,1
DA:294,1
DA:295,0
DA:296,1
DA:297,1
DA:298,1
DA:299,1
DA:300,1
DA:301,1
DA:302,1
DA:303,1
DA:304,1
DA:305,7
DA:306,0
DA:307,0
DA:308,0
DA:309,0
DA:310,0
DA:311,0
DA:312,0
DA:313,0
DA:314,0
DA:315,0
DA:316,0
DA:317,7
DA:318,3
DA:319,3
DA:320,3
DA:321,3
DA:322,3
DA:323,3
DA:324,3
DA:325,3
DA:326,7
DA:327,1
DA:328,1
DA:329,1
DA:330,1
DA:331,1
DA:332,1
DA:333,1
DA:334,7
DA:335,1
DA:336,1
DA:337,0
DA:338,1
DA:339,1
DA:340,1
DA:341,1
DA:342,1
DA:343,1
DA:344,1
DA:345,1
DA:346,1
DA:347,1
DA:348,1
DA:349,1
DA:350,1
DA:351,1
DA:352,1
DA:353,1
DA:354,1
DA:355,1
DA:356,1
DA:357,1
DA:358,1
DA:359,1
DA:360,7
DA:361,0
DA:362,0
DA:363,0
DA:364,0
DA:365,0
DA:366,0
DA:367,0
DA:368,7
DA:369,1
DA:370,1
DA:371,1
DA:372,1
DA:373,1
DA:374,1
DA:375,1
DA:376,7
DA:377,0
DA:378,0
DA:379,0
DA:380,7
DA:381,7
DA:382,7
DA:383,7
DA:384,7
DA:386,2
DA:387,1
DA:388,1
DA:389,1
DA:390,1
DA:391,1
DA:392,1
DA:393,1
DA:394,1
DA:396,2
DA:397,2
DA:398,2
DA:399,0
DA:400,2
DA:401,2
DA:403,2
DA:404,2
DA:405,2
DA:406,2
DA:407,2
DA:408,0
DA:409,0
DA:410,0
DA:411,0
DA:412,2
DA:413,2
DA:415,2
DA:416,2
DA:417,2
DA:418,2
DA:419,0
DA:420,0
DA:421,0
DA:422,0
DA:423,0
DA:424,0
DA:425,0
DA:426,0
DA:427,0
DA:428,0
DA:429,2
DA:430,2
DA:431,2
DA:432,2
DA:433,2
DA:434,2
DA:435,2
DA:436,2
DA:438,2
DA:439,2
DA:441,2
DA:442,2
DA:443,0
DA:444,0
DA:446,2
DA:447,2
DA:448,2
DA:449,0
DA:450,2
DA:451,2
DA:452,2
DA:453,2
DA:454,2
DA:456,2
DA:457,2
DA:458,2
DA:459,2
DA:460,2
DA:461,0
DA:462,0
DA:464,0
DA:465,0
DA:466,0
DA:467,0
DA:468,0
DA:469,0
DA:470,0
DA:471,2
DA:472,2
DA:473,2
DA:474,2
DA:475,2
DA:476,2
DA:477,2
DA:478,0
DA:479,0
DA:480,2
DA:481,2
DA:482,0
DA:483,0
DA:484,0
DA:485,0
DA:486,0
DA:487,0
DA:488,0
DA:489,0
DA:490,0
DA:491,2
DA:492,2
DA:493,2
DA:494,2
DA:496,2
DA:497,2
DA:498,2
DA:499,2
DA:500,2
DA:501,2
DA:502,2
DA:503,2
DA:504,2
DA:505,2
DA:507,2
DA:508,2
DA:509,2
DA:511,2
DA:512,2
DA:513,2
DA:514,2
DA:515,2
DA:516,2
DA:517,2
DA:519,2
DA:520,1
DA:521,1
DA:522,1
DA:523,1
DA:524,1
DA:525,1
DA:526,0
DA:527,0
DA:528,0
DA:529,0
DA:530,0
DA:531,0
DA:532,0
DA:534,0
DA:535,0
DA:536,0
DA:537,0
DA:539,0
DA:542,0
DA:543,0
DA:544,0
DA:545,0
DA:546,0
DA:547,0
DA:548,0
DA:549,0
DA:550,0
DA:551,0
DA:552,0
DA:553,0
DA:554,1
DA:556,1
DA:557,1
DA:558,1
DA:559,1
DA:560,1
DA:561,1
DA:562,1
DA:563,1
DA:564,1
DA:565,2
DA:566,2
DA:574,2
DA:575,1
DA:576,1
DA:577,1
DA:578,1
DA:579,1
DA:580,1
DA:581,1
DA:582,1
DA:583,0
DA:584,0
DA:586,1
DA:587,1
DA:588,1
DA:589,1
DA:591,1
DA:592,1
DA:593,1
DA:594,1
DA:595,1
DA:596,1
DA:597,1
DA:598,1
DA:599,1
DA:600,1
DA:601,1
DA:602,1
DA:604,1
DA:605,1
DA:606,1
DA:607,1
DA:608,1
DA:609,1
DA:611,2
DA:612,4
DA:613,4
DA:614,3
DA:615,2
DA:616,2
DA:617,2
DA:618,4
DA:620,4
DA:621,2
DA:622,2
DA:623,2
DA:625,2
DA:626,1
DA:628,1
DA:629,1
DA:630,1
DA:632,1
DA:633,1
DA:634,0
DA:635,0
DA:636,0
DA:637,0
DA:638,0
DA:639,0
DA:640,0
DA:641,0
DA:642,0
DA:643,0
DA:644,0
DA:645,1
DA:647,1
DA:648,1
DA:649,1
DA:650,1
DA:651,0
DA:652,0
DA:653,0
DA:654,0
DA:655,0
DA:656,0
DA:657,0
DA:659,1
DA:660,1
DA:661,1
DA:662,1
DA:663,1
DA:664,1
DA:665,1
DA:666,1
DA:667,1
DA:668,1
DA:669,1
DA:671,1
DA:672,1
DA:673,1
DA:674,0
DA:675,0
DA:676,0
DA:677,0
DA:678,0
DA:679,0
DA:680,0
DA:681,0
DA:682,0
DA:683,0
DA:684,1
DA:685,2
DA:686,2
DA:687,4
DA:689,2
DA:690,9
DA:691,9
DA:692,9
DA:693,8
DA:694,8
DA:695,9
DA:697,9
DA:698,2
DA:699,2
DA:701,2
DA:702,2
DA:703,2
DA:705,2
DA:706,2
DA:707,2
DA:708,2
DA:709,2
DA:710,9
DA:712,2
DA:713,11
DA:714,11
DA:715,11
DA:716,11
DA:717,2
LF:505
LH:364
BRDA:125,0,0,14
BRDA:139,1,0,14
BRDA:145,2,0,5
BRDA:145,3,0,3
BRDA:146,4,0,11
BRDA:149,5,0,13
BRDA:149,6,0,4
BRDA:151,7,0,10
BRDA:153,8,0,2
BRDA:160,9,0,8
BRDA:163,10,0,0
BRDA:173,11,0,8
BRDA:175,12,0,5
BRDA:175,13,0,4
BRDA:177,14,0,3
BRDA:177,15,0,1
BRDA:178,16,0,0
BRDA:186,17,0,12
BRDA:186,18,0,4
BRDA:188,19,0,2
BRDA:226,20,0,2
BRDA:236,21,0,2
BRDA:270,22,0,7
BRDA:275,23,0,7
BRDA:281,24,0,0
BRDA:292,25,0,1
BRDA:294,26,0,0
BRDA:305,27,0,0
BRDA:317,28,0,3
BRDA:326,29,0,1
BRDA:334,30,0,1
BRDA:336,31,0,0
BRDA:360,32,0,0
BRDA:368,33,0,1
BRDA:376,34,0,0
BRDA:386,35,0,1
BRDA:387,36,0,1
BRDA:388,37,0,0
BRDA:396,38,0,2
BRDA:403,39,0,2
BRDA:407,40,0,0
BRDA:412,41,0,0
BRDA:442,42,0,0
BRDA:448,43,0,0
BRDA:477,44,0,0
BRDA:481,45,0,0
BRDA:416,46,0,2
BRDA:418,47,0,0
BRDA:496,48,0,2
BRDA:519,49,0,1
BRDA:525,50,0,0
BRDA:504,51,0,2
BRDA:511,52,0,2
BRDA:512,53,0,0
BRDA:574,54,0,1
BRDA:582,55,0,0
BRDA:611,56,0,4
BRDA:620,57,0,2
BRDA:613,58,0,3
BRDA:614,59,0,2
BRDA:615,60,0,2
BRDA:616,61,0,2
BRDA:622,62,0,1
BRDA:625,63,0,1
BRDA:626,64,0,0
BRDA:633,65,0,0
BRDA:633,66,0,0
BRDA:649,67,0,1
BRDA:650,68,0,0
BRDA:689,69,0,9
BRDA:697,70,0,2
BRDA:691,71,0,9
BRDA:692,72,0,8
BRDA:693,73,0,8
BRDA:712,74,0,11
BRF:75
BRH:52
end_of_record
TN:
SF:src/core/logger.ts
FN:26,<instance_members_initializer>
FN:34,Logger
FN:38,_readLogFile
FN:81,_backupCorruptedLogFile
FN:92,initialize
FN:126,_updateLogFile
FN:192,getPreviousUserMessages
FN:204,logMessage
FN:234,_checkpointPath
FN:244,saveCheckpoint
FN:259,loadCheckpoint
FN:289,close
FNF:12
FNH:12
FNDA:35,<instance_members_initializer>
FNDA:35,Logger
FNDA:47,_readLogFile
FNDA:2,_backupCorruptedLogFile
FNDA:32,initialize
FNDA:16,_updateLogFile
FNDA:4,getPreviousUserMessages
FNDA:18,logMessage
FNDA:5,_checkpointPath
FNDA:2,saveCheckpoint
FNDA:5,loadCheckpoint
FNDA:38,close
DA:1,1
DA:7,1
DA:8,1
DA:10,1
DA:12,1
DA:14,1
DA:15,1
DA:26,1
DA:27,35
DA:28,35
DA:29,35
DA:30,35
DA:31,35
DA:32,35
DA:34,35
DA:35,35
DA:36,35
DA:38,35
DA:39,47
DA:40,0
DA:41,0
DA:42,47
DA:43,47
DA:44,25
DA:45,47
DA:46,1
DA:47,1
DA:48,1
DA:49,1
DA:50,1
DA:51,1
DA:52,23
DA:53,23
DA:54,28
DA:55,28
DA:56,28
DA:57,28
DA:58,28
DA:59,23
DA:60,23
DA:61,23
DA:62,23
DA:63,22
DA:64,22
DA:65,1
DA:66,1
DA:67,1
DA:68,1
DA:69,1
DA:70,1
DA:71,1
DA:72,1
DA:73,0
DA:74,0
DA:75,0
DA:76,0
DA:77,0
DA:78,0
DA:79,47
DA:81,35
DA:82,2
DA:83,2
DA:84,2
DA:85,2
DA:86,2
DA:87,2
DA:89,0
DA:90,2
DA:92,35
DA:93,32
DA:94,1
DA:95,1
DA:97,31
DA:98,31
DA:100,31
DA:101,31
DA:102,31
DA:103,31
DA:104,31
DA:105,32
DA:106,22
DA:107,22
DA:108,31
DA:109,32
DA:110,22
DA:111,22
DA:112,31
DA:113,31
DA:114,31
DA:115,31
DA:116,31
DA:117,1
DA:118,30
DA:119,32
DA:120,32
DA:121,0
DA:122,0
DA:123,0
DA:124,32
DA:126,35
DA:127,16
DA:128,16
DA:129,16
DA:130,0
DA:131,0
DA:132,0
DA:134,16
DA:135,16
DA:136,16
DA:137,16
DA:138,0
DA:139,0
DA:140,0
DA:141,0
DA:142,0
DA:143,0
DA:146,16
DA:147,16
DA:148,16
DA:149,16
DA:150,16
DA:151,7
DA:152,9
DA:155,16
DA:160,16
DA:161,16
DA:162,17
DA:163,11
DA:164,0
DA:165,0
DA:166,16
DA:168,16
DA:169,0
DA:170,0
DA:171,0
DA:172,0
DA:173,0
DA:174,0
DA:176,16
DA:178,16
DA:179,16
DA:180,16
DA:181,16
DA:182,16
DA:183,16
DA:184,15
DA:185,15
DA:186,16
DA:187,1
DA:188,1
DA:189,1
DA:190,16
DA:192,35
DA:193,4
DA:194,2
DA:195,2
DA:196,2
DA:197,3
DA:198,3
DA:199,3
DA:200,2
DA:201,2
DA:202,4
DA:204,35
DA:205,18
DA:206,2
DA:207,2
DA:208,2
DA:209,2
DA:210,2
DA:214,16
DA:215,16
DA:216,16
DA:217,16
DA:218,16
DA:219,16
DA:220,16
DA:222,16
DA:223,16
DA:224,15
DA:227,15
DA:228,15
DA:229,18
DA:231,1
DA:232,18
DA:234,35
DA:235,5
DA:236,0
DA:237,0
DA:238,5
DA:239,0
DA:240,0
DA:241,5
DA:242,5
DA:244,35
DA:245,2
DA:246,1
DA:247,1
DA:248,1
DA:249,1
DA:250,1
DA:251,1
DA:252,1
DA:253,1
DA:254,2
DA:255,0
DA:256,0
DA:257,2
DA:259,35
DA:260,5
DA:261,1
DA:262,1
DA:263,1
DA:264,1
DA:265,1
DA:267,4
DA:268,4
DA:269,4
DA:270,1
DA:271,5
DA:272,0
DA:273,0
DA:274,0
DA:275,0
DA:276,0
DA:277,1
DA:278,5
DA:279,3
DA:280,3
DA:281,3
DA:283,3
DA:284,3
DA:285,0
DA:286,0
DA:287,5
DA:289,35
DA:290,38
DA:291,38
DA:292,38
DA:293,38
DA:294,38
DA:295,38
DA:296,35
LF:243
LH:201
BRDA:14,0,0,4
BRDA:26,1,0,35
BRDA:34,2,0,35
BRDA:38,3,0,47
BRDA:39,4,0,0
BRDA:43,5,0,25
BRDA:45,6,0,1
BRDA:51,7,0,23
BRDA:62,8,0,22
BRDA:64,9,0,1
BRDA:72,10,0,0
BRDA:53,11,0,28
BRDA:81,12,0,2
BRDA:82,13,0,0
BRDA:87,14,0,0
BRDA:92,15,0,32
BRDA:93,16,0,1
BRDA:95,17,0,31
BRDA:104,18,0,9
BRDA:105,19,0,22
BRDA:107,20,0,31
BRDA:109,21,0,22
BRDA:109,22,0,22
BRDA:111,23,0,31
BRDA:116,24,0,1
BRDA:117,25,0,30
BRDA:120,26,0,0
BRDA:113,27,0,11
BRDA:117,28,0,2
BRDA:126,29,0,16
BRDA:129,30,0,0
BRDA:137,31,0,0
BRDA:150,32,0,7
BRDA:151,33,0,9
BRDA:168,34,0,0
BRDA:183,35,0,15
BRDA:186,36,0,1
BRDA:147,37,0,17
BRDA:151,38,0,11
BRDA:161,39,0,17
BRDA:162,40,0,11
BRDA:163,41,0,0
BRDA:164,42,0,0
BRDA:192,43,0,4
BRDA:193,44,0,2
BRDA:195,45,0,6
BRDA:196,46,0,3
BRDA:201,47,0,4
BRDA:204,48,0,18
BRDA:205,49,0,16
BRDA:205,50,0,2
BRDA:210,51,0,16
BRDA:223,52,0,15
BRDA:229,53,0,1
BRDA:234,54,0,5
BRDA:235,55,0,0
BRDA:238,56,0,0
BRDA:244,57,0,2
BRDA:245,58,0,1
BRDA:254,59,0,0
BRDA:259,60,0,5
BRDA:260,61,0,1
BRDA:265,62,0,4
BRDA:269,63,0,1
BRDA:271,64,0,0
BRDA:276,65,0,1
BRDA:278,66,0,3
BRDA:284,67,0,0
BRDA:289,68,0,38
BRF:69
BRH:54
end_of_record
TN:
SF:src/core/modelCheck.ts
FN:20,getEffectiveModel
FNF:1
FNH:1
FNDA:1,getEffectiveModel
DA:1,1
DA:7,1
DA:20,1
DA:21,1
DA:22,1
DA:23,1
DA:24,1
DA:26,0
DA:27,0
DA:29,1
DA:30,1
DA:31,1
DA:32,1
DA:33,1
DA:34,1
DA:35,1
DA:36,1
DA:37,1
DA:38,1
DA:39,1
DA:40,1
DA:42,1
DA:43,1
DA:45,1
DA:46,1
DA:47,1
DA:48,1
DA:49,1
DA:50,1
DA:51,1
DA:53,1
DA:55,1
DA:56,0
DA:57,0
DA:58,0
DA:59,0
DA:60,0
DA:62,1
DA:63,1
DA:64,0
DA:66,0
DA:67,0
DA:68,1
LF:43
LH:33
BRDA:20,0,0,1
BRDA:24,1,0,0
BRDA:55,2,0,0
BRDA:63,3,0,0
BRF:4
BRH:1
end_of_record
TN:
SF:src/core/nonInteractiveToolExecutor.ts
FN:21,executeToolCall
FNF:1
FNH:1
FNDA:5,executeToolCall
DA:1,1
DA:7,1
DA:15,1
DA:21,5
DA:22,5
DA:23,5
DA:24,5
DA:25,5
DA:26,5
DA:27,5
DA:29,5
DA:30,5
DA:31,1
DA:32,1
DA:33,1
DA:34,1
DA:35,1
DA:36,1
DA:37,1
DA:38,1
DA:39,1
DA:40,1
DA:41,1
DA:42,1
DA:43,1
DA:44,1
DA:46,1
DA:47,1
DA:48,1
DA:49,1
DA:50,1
DA:51,1
DA:52,1
DA:53,1
DA:54,1
DA:55,1
DA:56,1
DA:57,1
DA:58,1
DA:59,1
DA:60,1
DA:62,4
DA:64,5
DA:65,5
DA:66,5
DA:67,5
DA:69,5
DA:71,2
DA:73,2
DA:75,2
DA:76,2
DA:77,2
DA:78,2
DA:79,2
DA:80,2
DA:81,2
DA:82,2
DA:83,2
DA:84,2
DA:86,2
DA:87,2
DA:88,2
DA:89,2
DA:90,2
DA:92,2
DA:93,2
DA:94,2
DA:95,2
DA:96,2
DA:97,2
DA:98,2
DA:99,2
DA:100,2
DA:101,2
DA:102,2
DA:103,2
DA:104,2
DA:105,2
DA:106,2
DA:107,2
DA:108,2
DA:109,2
DA:110,2
DA:111,2
DA:112,2
DA:113,2
DA:114,2
DA:115,2
DA:116,2
DA:117,2
DA:118,2
DA:119,2
DA:120,2
DA:121,2
DA:122,2
DA:123,2
DA:124,2
DA:125,2
DA:126,5
LF:99
LH:99
BRDA:21,0,0,5
BRDA:30,1,0,1
BRDA:60,2,0,4
BRDA:64,3,0,0
BRDA:69,4,0,2
BRDA:99,5,0,0
BRF:6
BRH:4
end_of_record
TN:
SF:src/core/prompts.ts
FN:21,getCoreSystemPrompt
FN:281,getCompressionPrompt
FNF:2
FNH:1
FNDA:9,getCoreSystemPrompt
FNDA:0,getCompressionPrompt
DA:1,1
DA:7,1
DA:8,1
DA:9,1
DA:10,1
DA:11,1
DA:12,1
DA:13,1
DA:14,1
DA:15,1
DA:16,1
DA:17,1
DA:18,1
DA:19,1
DA:21,1
DA:24,9
DA:25,9
DA:26,9
DA:27,9
DA:28,0
DA:29,0
DA:30,0
DA:31,0
DA:33,0
DA:34,0
DA:35,0
DA:36,0
DA:37,9
DA:38,0
DA:39,9
DA:52,9
DA:59,9
DA:61,9
DA:67,9
DA:80,9
DA:96,9
DA:100,9
DA:102,9
DA:105,9
DA:112,9
DA:114,9
DA:115,9
DA:117,9
DA:118,1
DA:122,9
DA:123,1
DA:127,8
DA:128,7
DA:132,7
DA:133,9
DA:135,9
DA:136,9
DA:137,1
DA:153,1
DA:154,8
DA:155,9
DA:170,9
DA:175,9
DA:182,9
DA:183,9
DA:187,9
DA:200,9
DA:202,9
DA:205,9
DA:206,9
DA:207,1
DA:208,1
DA:209,8
DA:210,9
DA:222,9
DA:224,9
DA:226,9
DA:228,9
DA:235,9
DA:238,9
DA:246,9
DA:255,9
DA:256,9
DA:259,9
DA:260,9
DA:261,0
DA:262,0
DA:263,0
DA:264,0
DA:265,0
DA:266,0
DA:268,9
DA:269,9
DA:270,1
DA:271,8
DA:273,9
DA:274,9
DA:281,1
DA:282,0
DA:338,0
DA:339,0
LF:96
LH:78
BRDA:21,0,0,9
BRDA:26,1,0,0
BRDA:27,2,0,0
BRDA:27,3,0,0
BRDA:37,4,0,0
BRDA:259,5,0,0
BRDA:260,6,0,0
BRDA:260,7,0,0
BRDA:269,8,0,2
BRDA:269,9,0,1
BRDA:270,10,0,8
BRDA:112,11,0,9
BRDA:117,12,0,1
BRDA:122,13,0,8
BRDA:122,14,0,1
BRDA:127,15,0,7
BRDA:135,16,0,9
BRDA:136,17,0,1
BRDA:153,18,0,8
BRDA:205,19,0,9
BRDA:206,20,0,1
BRDA:208,21,0,8
BRF:22
BRH:15
end_of_record
TN:
SF:src/core/researchChat.ts
FN:42,isValidResponse
FN:53,isValidContent
FN:74,validateHistory
FN:90,extractCuratedHistory
FN:129,<instance_members_initializer>
FN:134,ResearchChat
FN:143,_getRequestTextFromContents
FN:151,_logApiRequest
FN:163,_logApiResponse
FN:182,_logApiError
FN:207,handleFlashFallback
FN:269,sendMessage
FN:283,apiCall
FN:304,shouldRetry
FN:311,onPersistent429
FN:378,sendMessageStream
FN:390,apiCall
FN:415,shouldRetry
FN:423,onPersistent429
FN:473,getHistory
FN:485,clearHistory
FN:494,addHistory
FN:497,setHistory
FN:501,getFinalUsageMetadata
FN:512,processStreamResponse
FN:563,recordHistory
FN:649,isTextContent
FN:662,isThoughtContent
FNF:28
FNH:18
FNDA:0,isValidResponse
FNDA:1,isValidContent
FNDA:59,validateHistory
FNDA:4,extractCuratedHistory
FNDA:59,<instance_members_initializer>
FNDA:59,ResearchChat
FNDA:2,_getRequestTextFromContents
FNDA:2,_logApiRequest
FNDA:1,_logApiResponse
FNDA:0,_logApiError
FNDA:0,handleFlashFallback
FNDA:1,sendMessage
FNDA:1,apiCall
FNDA:0,shouldRetry
FNDA:0,onPersistent429
FNDA:1,sendMessageStream
FNDA:1,apiCall
FNDA:0,shouldRetry
FNDA:0,onPersistent429
FNDA:27,getHistory
FNDA:0,clearHistory
FNDA:4,addHistory
FNDA:0,setHistory
FNDA:0,getFinalUsageMetadata
FNDA:1,processStreamResponse
FNDA:20,recordHistory
FNDA:69,isTextContent
FNDA:79,isThoughtContent
DA:1,1
DA:10,1
DA:19,1
DA:20,1
DA:21,1
DA:23,1
DA:28,1
DA:32,1
DA:37,1
DA:42,0
DA:43,0
DA:44,0
DA:45,0
DA:46,0
DA:47,0
DA:48,0
DA:49,0
DA:50,0
DA:51,0
DA:53,1
DA:54,1
DA:55,0
DA:56,0
DA:57,1
DA:58,1
DA:59,0
DA:60,0
DA:61,1
DA:62,0
DA:63,0
DA:64,1
DA:65,1
DA:66,1
DA:74,59
DA:75,59
DA:76,60
DA:77,0
DA:78,0
DA:79,60
DA:80,59
DA:90,4
DA:91,4
DA:92,3
DA:93,3
DA:94,1
DA:95,1
DA:96,1
DA:97,4
DA:98,2
DA:99,1
DA:100,1
DA:101,1
DA:102,1
DA:103,1
DA:104,1
DA:105,1
DA:106,1
DA:107,0
DA:108,0
DA:109,1
DA:110,1
DA:111,1
DA:112,1
DA:113,1
DA:115,0
DA:116,0
DA:117,1
DA:118,2
DA:119,1
DA:120,1
DA:129,1
DA:132,59
DA:134,59
DA:135,59
DA:136,59
DA:137,59
DA:138,59
DA:139,59
DA:140,59
DA:141,59
DA:143,59
DA:144,2
DA:145,2
DA:146,2
DA:147,2
DA:148,2
DA:149,2
DA:151,59
DA:152,2
DA:153,2
DA:154,2
DA:155,2
DA:156,2
DA:157,2
DA:158,2
DA:159,2
DA:160,2
DA:161,2
DA:163,59
DA:164,1
DA:165,1
DA:166,1
DA:167,1
DA:168,1
DA:169,1
DA:170,1
DA:171,1
DA:172,1
DA:173,1
DA:174,1
DA:175,1
DA:176,1
DA:177,1
DA:178,1
DA:179,1
DA:180,1
DA:182,59
DA:183,0
DA:184,0
DA:185,0
DA:186,0
DA:187,0
DA:188,0
DA:190,0
DA:191,0
DA:192,0
DA:193,0
DA:194,0
DA:195,0
DA:196,0
DA:197,0
DA:198,0
DA:199,0
DA:200,0
DA:201,0
DA:207,59
DA:208,0
DA:209,0
DA:210,0
DA:212,0
DA:213,0
DA:214,0
DA:216,0
DA:217,0
DA:220,0
DA:221,0
DA:222,0
DA:225,0
DA:226,0
DA:227,0
DA:228,0
DA:229,0
DA:230,0
DA:231,0
DA:232,0
DA:233,0
DA:234,0
DA:235,0
DA:236,0
DA:238,0
DA:239,0
DA:240,0
DA:241,0
DA:242,0
DA:243,0
DA:244,0
DA:246,0
DA:247,0
DA:269,59
DA:270,1
DA:271,1
DA:272,1
DA:273,1
DA:274,1
DA:275,1
DA:277,1
DA:279,1
DA:280,1
DA:282,1
DA:283,1
DA:284,1
DA:287,1
DA:288,1
DA:289,0
DA:290,1
DA:291,0
DA:292,0
DA:293,0
DA:294,0
DA:296,1
DA:297,1
DA:298,1
DA:299,1
DA:300,1
DA:301,1
DA:303,1
DA:304,1
DA:305,0
DA:306,0
DA:307,0
DA:308,0
DA:309,0
DA:310,0
DA:311,1
DA:312,0
DA:313,1
DA:314,1
DA:315,1
DA:316,1
DA:317,1
DA:318,1
DA:319,1
DA:320,1
DA:321,1
DA:323,1
DA:324,1
DA:328,1
DA:329,1
DA:330,1
DA:331,1
DA:332,1
DA:333,0
DA:334,0
DA:335,0
DA:336,1
DA:337,1
DA:338,1
DA:339,1
DA:340,1
DA:341,1
DA:342,1
DA:343,1
DA:345,0
DA:346,1
DA:347,1
DA:348,1
DA:349,0
DA:350,0
DA:351,0
DA:352,0
DA:353,0
DA:354,1
DA:378,59
DA:379,1
DA:380,1
DA:381,1
DA:382,1
DA:383,1
DA:384,1
DA:385,1
DA:387,1
DA:389,1
DA:390,1
DA:391,1
DA:394,1
DA:395,1
DA:396,0
DA:397,1
DA:398,0
DA:399,0
DA:400,0
DA:401,0
DA:403,1
DA:404,1
DA:405,1
DA:406,1
DA:407,1
DA:408,1
DA:414,1
DA:415,1
DA:417,0
DA:418,0
DA:419,0
DA:420,0
DA:421,0
DA:422,0
DA:423,1
DA:424,0
DA:425,1
DA:426,1
DA:431,1
DA:432,1
DA:433,1
DA:435,1
DA:436,1
DA:437,1
DA:438,1
DA:439,1
DA:440,1
DA:441,1
DA:442,1
DA:443,0
DA:444,0
DA:445,0
DA:446,0
DA:447,0
DA:448,1
DA:473,59
DA:474,27
DA:475,3
DA:476,24
DA:479,27
DA:480,27
DA:485,59
DA:486,0
DA:487,0
DA:494,59
DA:495,4
DA:496,4
DA:497,59
DA:498,0
DA:499,0
DA:501,59
DA:502,0
DA:503,0
DA:504,0
DA:505,0
DA:506,0
DA:507,0
DA:509,0
DA:510,0
DA:512,59
DA:513,1
DA:514,1
DA:515,1
DA:516,1
DA:517,1
DA:518,1
DA:519,1
DA:520,1
DA:522,1
DA:523,1
DA:524,0
DA:525,0
DA:526,0
DA:527,0
DA:528,0
DA:529,0
DA:530,0
DA:531,0
DA:532,0
DA:533,0
DA:534,0
DA:535,0
DA:536,0
DA:537,0
DA:538,0
DA:539,0
DA:540,0
DA:541,0
DA:542,0
DA:544,0
DA:545,0
DA:546,0
DA:547,0
DA:548,0
DA:549,0
DA:550,0
DA:551,0
DA:552,0
DA:553,0
DA:554,0
DA:555,0
DA:556,0
DA:557,0
DA:558,0
DA:559,0
DA:560,0
DA:561,1
DA:563,59
DA:564,20
DA:565,20
DA:566,20
DA:567,20
DA:568,20
DA:569,20
DA:570,20
DA:572,20
DA:573,20
DA:574,20
DA:575,18
DA:576,20
DA:577,18
DA:578,20
DA:581,1
DA:585,1
DA:586,1
DA:587,1
DA:588,1
DA:589,1
DA:590,1
DA:591,1
DA:592,20
DA:593,20
DA:594,3
DA:595,20
DA:596,1
DA:597,1
DA:598,1
DA:599,20
DA:600,19
DA:601,19
DA:604,20
DA:605,20
DA:606,37
DA:607,0
DA:608,0
DA:609,37
DA:610,37
DA:611,37
DA:614,9
DA:615,9
DA:616,0
DA:617,0
DA:618,37
DA:619,28
DA:620,28
DA:621,37
DA:623,20
DA:624,19
DA:625,19
DA:626,19
DA:627,3
DA:629,19
DA:630,19
DA:631,18
DA:632,0
DA:633,19
DA:636,0
DA:637,0
DA:638,0
DA:639,0
DA:640,0
DA:641,0
DA:642,0
DA:643,0
DA:644,0
DA:645,19
DA:646,19
DA:647,20
DA:649,59
DA:650,69
DA:651,69
DA:652,69
DA:653,69
DA:654,50
DA:655,28
DA:656,24
DA:657,23
DA:658,23
DA:660,69
DA:662,59
DA:663,79
DA:664,79
DA:665,79
DA:666,79
DA:667,79
DA:668,75
DA:669,71
DA:670,66
DA:671,6
DA:673,79
DA:674,59
LF:463
LH:291
BRDA:53,0,0,1
BRDA:54,1,0,0
BRDA:58,2,0,0
BRDA:61,3,0,0
BRDA:74,4,0,59
BRDA:75,5,0,60
BRDA:76,6,0,29
BRDA:76,7,0,0
BRDA:90,8,0,4
BRDA:91,9,0,3
BRDA:93,10,0,1
BRDA:97,11,0,2
BRDA:98,12,0,1
BRDA:106,13,0,0
BRDA:113,14,0,0
BRDA:118,15,0,1
BRDA:129,16,0,59
BRDA:134,17,0,59
BRDA:143,18,0,2
BRDA:145,19,0,2
BRDA:145,20,0,0
BRDA:146,21,0,2
BRDA:151,22,0,2
BRDA:163,23,0,1
BRDA:269,24,0,1
BRDA:348,25,0,0
BRDA:283,26,0,1
BRDA:284,27,0,0
BRDA:288,28,0,0
BRDA:290,29,0,0
BRDA:323,30,0,1
BRDA:332,31,0,0
BRDA:336,32,0,0
BRDA:378,33,0,1
BRDA:442,34,0,0
BRDA:390,35,0,1
BRDA:395,36,0,0
BRDA:397,37,0,0
BRDA:432,38,0,1
BRDA:473,39,0,27
BRDA:474,40,0,3
BRDA:475,41,0,24
BRDA:494,42,0,4
BRDA:512,43,0,1
BRDA:523,44,0,0
BRDA:563,45,0,20
BRDA:574,46,0,18
BRDA:576,47,0,18
BRDA:578,48,0,2
BRDA:578,49,0,1
BRDA:593,50,0,3
BRDA:595,51,0,1
BRDA:599,52,0,19
BRDA:605,53,0,37
BRDA:606,54,0,0
BRDA:611,55,0,14
BRDA:611,56,0,9
BRDA:614,57,0,0
BRDA:615,58,0,0
BRDA:618,59,0,28
BRDA:623,60,0,19
BRDA:626,61,0,3
BRDA:630,62,0,18
BRDA:631,63,0,0
BRDA:633,64,0,0
BRDA:569,65,0,42
BRDA:575,66,0,36
BRDA:649,67,0,69
BRDA:653,68,0,50
BRDA:654,69,0,28
BRDA:655,70,0,24
BRDA:656,71,0,23
BRDA:657,72,0,23
BRDA:662,73,0,79
BRDA:667,74,0,75
BRDA:668,75,0,71
BRDA:669,76,0,66
BRDA:670,77,0,6
BRF:78
BRH:56
end_of_record
TN:
SF:src/core/researchRequest.ts
FN:16,partListUnionToString
FNF:1
FNH:1
FNDA:16,partListUnionToString
DA:1,1
DA:16,1
DA:17,16
DA:18,5
DA:19,5
DA:21,15
DA:22,1
DA:23,1
DA:26,10
DA:33,15
DA:34,1
DA:35,1
DA:37,15
DA:38,1
DA:39,1
DA:41,15
DA:42,1
DA:43,1
DA:45,15
DA:46,1
DA:47,1
DA:50,15
DA:51,1
DA:52,1
DA:54,15
DA:55,1
DA:56,1
DA:58,15
DA:59,1
DA:60,1
DA:62,15
DA:63,1
DA:64,1
DA:66,15
DA:67,1
DA:68,1
DA:70,1
DA:71,1
LF:38
LH:38
BRDA:16,0,0,16
BRDA:17,1,0,5
BRDA:19,2,0,15
BRDA:19,3,0,11
BRDA:21,4,0,1
BRDA:23,5,0,10
BRDA:33,6,0,1
BRDA:35,7,0,9
BRDA:37,8,0,1
BRDA:39,9,0,8
BRDA:41,10,0,1
BRDA:43,11,0,7
BRDA:45,12,0,1
BRDA:47,13,0,6
BRDA:50,14,0,1
BRDA:52,15,0,5
BRDA:54,16,0,1
BRDA:56,17,0,4
BRDA:58,18,0,1
BRDA:60,19,0,3
BRDA:62,20,0,1
BRDA:64,21,0,2
BRDA:66,22,0,1
BRF:23
BRH:23
end_of_record
TN:
SF:src/core/tokenLimits.ts
FN:12,tokenLimit
FNF:1
FNH:0
FNDA:0,tokenLimit
DA:1,1
DA:10,1
DA:12,1
DA:15,0
DA:16,0
DA:17,0
DA:18,0
DA:19,0
DA:20,0
DA:21,0
DA:22,0
DA:23,0
DA:24,0
DA:25,0
DA:26,0
DA:27,0
DA:28,0
DA:29,0
DA:30,0
DA:31,0
LF:20
LH:3
BRF:0
BRH:0
end_of_record
TN:
SF:src/core/turn.ts
FN:149,<instance_members_initializer>
FN:153,Turn
FN:161,run
FN:254,handlePendingFunctionCall
FN:277,getDebugResponses
FNF:5
FNH:5
FNDA:7,<instance_members_initializer>
FNDA:7,Turn
FNDA:6,run
FNDA:6,handlePendingFunctionCall
FNDA:7,getDebugResponses
DA:1,1
DA:18,1
DA:19,1
DA:20,1
DA:42,1
DA:43,1
DA:44,1
DA:45,1
DA:46,1
DA:47,1
DA:48,1
DA:49,1
DA:50,1
DA:51,1
DA:149,1
DA:150,7
DA:151,7
DA:153,7
DA:154,7
DA:155,7
DA:156,7
DA:157,7
DA:158,7
DA:159,7
DA:161,7
DA:162,6
DA:163,6
DA:164,6
DA:165,6
DA:166,6
DA:167,6
DA:168,6
DA:169,6
DA:170,6
DA:171,6
DA:172,6
DA:173,6
DA:174,6
DA:176,6
DA:177,8
DA:178,1
DA:180,1
DA:181,1
DA:182,7
DA:184,8
DA:185,8
DA:188,0
DA:189,0
DA:190,0
DA:191,0
DA:192,0
DA:193,0
DA:194,0
DA:195,0
DA:196,0
DA:197,0
DA:199,0
DA:200,0
DA:201,0
DA:202,0
DA:203,0
DA:204,0
DA:206,7
DA:207,8
DA:208,4
DA:209,4
DA:212,8
DA:213,8
DA:214,6
DA:215,6
DA:216,6
DA:217,6
DA:218,6
DA:219,7
DA:220,6
DA:221,1
DA:222,1
DA:223,0
DA:224,0
DA:225,1
DA:226,0
DA:228,0
DA:229,0
DA:231,1
DA:232,1
DA:233,1
DA:234,1
DA:235,1
DA:236,1
DA:237,1
DA:238,1
DA:239,1
DA:240,1
DA:241,1
DA:242,0
DA:243,0
DA:244,1
DA:245,1
DA:246,1
DA:247,1
DA:248,1
DA:249,1
DA:250,1
DA:251,1
DA:252,6
DA:254,7
DA:255,6
DA:256,6
DA:257,6
DA:258,6
DA:259,2
DA:260,6
DA:261,6
DA:263,6
DA:264,6
DA:265,6
DA:266,6
DA:267,6
DA:268,6
DA:269,6
DA:271,6
DA:274,6
DA:275,6
DA:277,7
DA:278,7
DA:279,7
DA:280,7
LF:127
LH:104
BRDA:42,0,0,12
BRDA:149,1,0,7
BRDA:153,2,0,7
BRDA:161,3,0,6
BRDA:174,4,0,5
BRDA:176,5,0,8
BRDA:177,6,0,1
BRDA:181,7,0,7
BRDA:184,8,0,4
BRDA:185,9,0,4
BRDA:185,10,0,0
BRDA:204,11,0,7
BRDA:207,12,0,4
BRDA:209,13,0,7
BRDA:212,14,0,4
BRDA:213,15,0,6
BRDA:218,16,0,7
BRDA:219,17,0,4
BRDA:220,18,0,1
BRDA:222,19,0,0
BRDA:225,20,0,0
BRDA:241,21,0,0
BRDA:242,22,0,0
BRDA:254,23,0,6
BRDA:258,24,0,2
BRDA:260,25,0,2
BRDA:261,26,0,3
BRDA:277,27,0,7
BRF:28
BRH:23
end_of_record
TN:
SF:src/core/model-providers/base-provider.ts
FN:24,<instance_members_initializer>
FNF:1
FNH:0
FNDA:0,<instance_members_initializer>
DA:1,1
DA:7,1
DA:24,1
DA:25,0
DA:26,0
DA:28,0
DA:33,0
DA:34,0
DA:35,0
DA:36,0
DA:38,0
DA:39,0
DA:40,0
DA:41,0
DA:46,0
DA:47,0
DA:48,0
DA:49,0
DA:54,0
DA:55,0
DA:56,0
DA:57,0
DA:62,0
DA:63,0
DA:64,0
DA:65,0
DA:70,0
DA:71,0
DA:72,0
DA:73,0
DA:74,0
DA:75,0
DA:76,0
DA:77,0
DA:78,0
DA:83,0
DA:84,0
DA:85,0
DA:86,0
DA:87,0
DA:88,0
DA:89,0
DA:90,0
DA:91,0
DA:96,0
DA:97,0
DA:98,0
DA:99,0
DA:104,0
DA:105,0
DA:106,0
DA:111,0
DA:112,0
DA:113,0
DA:114,0
DA:115,0
DA:120,0
DA:121,0
DA:122,0
DA:123,0
DA:124,0
DA:125,0
DA:130,0
DA:131,0
DA:132,0
DA:133,0
DA:135,0
DA:136,0
DA:137,0
DA:138,0
DA:139,0
DA:140,0
DA:141,0
DA:142,0
DA:143,0
DA:144,0
DA:146,0
DA:147,0
DA:152,0
DA:153,0
DA:154,0
DA:155,0
DA:156,0
DA:157,0
DA:162,0
DA:163,0
DA:164,0
DA:165,0
DA:166,0
DA:167,0
DA:168,0
DA:169,0
DA:170,0
DA:171,0
DA:176,0
DA:177,0
DA:178,0
DA:179,0
DA:180,0
DA:181,0
DA:182,0
DA:183,0
DA:184,0
DA:185,0
DA:186,0
DA:187,0
DA:201,0
DA:202,0
DA:203,0
DA:205,0
DA:206,0
DA:207,0
DA:209,0
DA:210,0
DA:211,0
DA:212,0
LF:116
LH:3
BRDA:24,0,0,0
BRF:1
BRH:0
end_of_record
TN:
SF:src/core/model-providers/index.ts
FN:1,(empty-report)
FNF:1
FNH:0
FNDA:0,(empty-report)
DA:1,0
DA:8,0
DA:11,0
DA:14,0
DA:17,0
DA:18,0
LF:6
LH:0
BRDA:1,0,0,0
BRF:1
BRH:0
end_of_record
TN:
SF:src/core/model-providers/llm-interface-provider.ts
FN:230,<instance_members_initializer>
FNF:1
FNH:0
FNDA:0,<instance_members_initializer>
DA:1,1
DA:9,1
DA:10,1
DA:11,1
DA:25,1
DA:26,1
DA:27,1
DA:28,1
DA:29,1
DA:30,1
DA:31,1
DA:32,1
DA:33,1
DA:34,1
DA:35,1
DA:36,1
DA:37,1
DA:38,1
DA:39,1
DA:40,1
DA:41,1
DA:42,1
DA:47,1
DA:48,1
DA:49,1
DA:50,1
DA:51,1
DA:52,1
DA:53,1
DA:54,1
DA:55,1
DA:56,1
DA:57,1
DA:58,1
DA:59,1
DA:60,1
DA:61,1
DA:62,1
DA:63,1
DA:64,1
DA:65,1
DA:66,1
DA:67,1
DA:68,1
DA:69,1
DA:70,1
DA:71,1
DA:72,1
DA:73,1
DA:74,1
DA:75,1
DA:76,1
DA:77,1
DA:78,1
DA:79,1
DA:80,1
DA:81,1
DA:82,1
DA:83,1
DA:84,1
DA:85,1
DA:86,1
DA:87,1
DA:88,1
DA:89,1
DA:90,1
DA:91,1
DA:92,1
DA:93,1
DA:94,1
DA:95,1
DA:96,1
DA:97,1
DA:98,1
DA:99,1
DA:100,1
DA:101,1
DA:102,1
DA:103,1
DA:104,1
DA:105,1
DA:106,1
DA:107,1
DA:108,1
DA:109,1
DA:110,1
DA:111,1
DA:112,1
DA:113,1
DA:114,1
DA:115,1
DA:116,1
DA:117,1
DA:118,1
DA:119,1
DA:120,1
DA:121,1
DA:122,1
DA:123,1
DA:124,1
DA:125,1
DA:126,1
DA:127,1
DA:128,1
DA:129,1
DA:130,1
DA:131,1
DA:132,1
DA:133,1
DA:134,1
DA:135,1
DA:136,1
DA:137,1
DA:138,1
DA:139,1
DA:140,1
DA:141,1
DA:142,1
DA:143,1
DA:144,1
DA:145,1
DA:146,1
DA:147,1
DA:148,1
DA:149,1
DA:150,1
DA:151,1
DA:152,1
DA:153,1
DA:154,1
DA:155,1
DA:156,1
DA:157,1
DA:158,1
DA:159,1
DA:160,1
DA:161,1
DA:162,1
DA:163,1
DA:164,1
DA:165,1
DA:166,1
DA:167,1
DA:168,1
DA:169,1
DA:170,1
DA:171,1
DA:172,1
DA:173,1
DA:174,1
DA:175,1
DA:176,1
DA:177,1
DA:178,1
DA:179,1
DA:180,1
DA:181,1
DA:182,1
DA:183,1
DA:184,1
DA:185,1
DA:186,1
DA:187,1
DA:188,1
DA:189,1
DA:190,1
DA:191,1
DA:192,1
DA:193,1
DA:194,1
DA:195,1
DA:196,1
DA:197,1
DA:198,1
DA:199,1
DA:200,1
DA:201,1
DA:202,1
DA:203,1
DA:204,1
DA:205,1
DA:206,1
DA:207,1
DA:208,1
DA:209,1
DA:210,1
DA:211,1
DA:212,1
DA:213,1
DA:214,1
DA:215,1
DA:216,1
DA:217,1
DA:218,1
DA:219,1
DA:220,1
DA:221,1
DA:222,1
DA:223,1
DA:224,1
DA:225,1
DA:230,1
DA:231,0
DA:232,0
DA:234,0
DA:235,0
DA:236,0
DA:237,0
DA:238,0
DA:239,0
DA:240,0
DA:242,0
DA:243,0
DA:246,0
DA:247,0
DA:248,0
DA:250,0
DA:251,0
DA:253,0
DA:254,0
DA:255,0
DA:256,0
DA:258,0
DA:259,0
DA:260,0
DA:261,0
DA:262,0
DA:263,0
DA:264,0
DA:265,0
DA:266,0
DA:267,0
DA:268,0
DA:269,0
DA:270,0
DA:272,0
DA:273,0
DA:274,0
DA:275,0
DA:276,0
DA:278,0
DA:279,0
DA:280,0
DA:281,0
DA:283,0
DA:284,0
DA:285,0
DA:286,0
DA:287,0
DA:288,0
DA:289,0
DA:290,0
DA:291,0
DA:292,0
DA:293,0
DA:294,0
DA:295,0
DA:296,0
DA:298,0
DA:299,0
DA:300,0
DA:301,0
DA:302,0
DA:303,0
DA:304,0
DA:305,0
DA:306,0
DA:307,0
DA:308,0
DA:309,0
DA:310,0
DA:311,0
DA:313,0
DA:314,0
DA:315,0
DA:317,0
DA:319,0
DA:320,0
DA:321,0
DA:322,0
DA:323,0
DA:325,0
DA:326,0
DA:327,0
DA:329,0
DA:330,0
DA:331,0
DA:332,0
DA:333,0
DA:335,0
DA:336,0
DA:337,0
DA:338,0
DA:339,0
DA:341,0
DA:342,0
DA:343,0
DA:344,0
DA:345,0
DA:346,0
DA:347,0
DA:348,0
DA:349,0
DA:350,0
DA:352,0
DA:353,0
DA:354,0
DA:355,0
DA:356,0
DA:357,0
DA:358,0
DA:360,0
DA:361,0
DA:363,0
DA:364,0
DA:365,0
DA:366,0
DA:367,0
DA:368,0
DA:369,0
DA:370,0
DA:371,0
DA:373,0
DA:374,0
DA:376,0
DA:377,0
DA:380,0
DA:381,0
DA:382,0
DA:383,0
DA:384,0
DA:385,0
DA:386,0
DA:387,0
DA:388,0
DA:389,0
DA:390,0
DA:391,0
LF:338
LH:202
BRDA:230,0,0,0
BRF:1
BRH:0
end_of_record
TN:
SF:src/core/model-providers/model-provider-factory.ts
FN:18,<instance_members_initializer>
FN:21,ModelProviderFactory
FN:28,registerDefaultProviders
FN:57,createProvider
FN:68,getSupportedProviders
FN:75,registerProvider
FN:82,unregisterProvider
FN:89,isSupported
FNF:8
FNH:3
FNDA:3,<instance_members_initializer>
FNDA:3,ModelProviderFactory
FNDA:3,registerDefaultProviders
FNDA:0,createProvider
FNDA:0,getSupportedProviders
FNDA:0,registerProvider
FNDA:0,unregisterProvider
FNDA:0,isSupported
DA:1,1
DA:7,1
DA:13,1
DA:18,1
DA:19,3
DA:21,3
DA:22,3
DA:23,3
DA:28,3
DA:30,3
DA:31,3
DA:32,3
DA:33,3
DA:34,3
DA:35,3
DA:36,3
DA:37,3
DA:38,3
DA:39,3
DA:40,3
DA:41,3
DA:42,3
DA:43,3
DA:44,3
DA:45,3
DA:46,3
DA:47,3
DA:49,3
DA:50,48
DA:51,3
DA:52,3
DA:57,3
DA:58,0
DA:59,0
DA:60,0
DA:61,0
DA:62,0
DA:63,0
DA:68,3
DA:69,0
DA:70,0
DA:75,3
DA:76,0
DA:77,0
DA:82,3
DA:83,0
DA:84,0
DA:89,3
DA:90,0
DA:91,0
DA:92,3
DA:97,1
LF:52
LH:38
BRDA:18,0,0,3
BRDA:21,1,0,3
BRDA:28,2,0,3
BRDA:49,3,0,48
BRF:4
BRH:4
end_of_record
TN:
SF:src/core/model-providers/model-selector.ts
FN:23,<instance_members_initializer>
FNF:1
FNH:0
FNDA:0,<instance_members_initializer>
DA:1,1
DA:7,1
DA:18,1
DA:23,1
DA:24,0
DA:25,0
DA:26,0
DA:31,0
DA:32,0
DA:33,0
DA:38,0
DA:39,0
DA:40,0
DA:45,0
DA:46,0
DA:47,0
DA:48,0
DA:49,0
DA:50,0
DA:51,0
DA:56,0
DA:57,0
DA:58,0
DA:59,0
DA:60,0
DA:63,0
DA:66,0
DA:69,0
DA:72,0
DA:73,0
DA:75,0
DA:76,0
DA:77,0
DA:79,0
DA:80,0
DA:81,0
DA:86,0
DA:87,0
DA:88,0
DA:89,0
DA:90,0
DA:91,0
DA:92,0
DA:93,0
DA:94,0
DA:99,0
DA:100,0
DA:102,0
DA:103,0
DA:104,0
DA:105,0
DA:106,0
DA:107,0
DA:108,0
DA:109,0
DA:110,0
DA:111,0
DA:113,0
DA:114,0
DA:119,0
DA:120,0
DA:121,0
DA:122,0
DA:123,0
DA:125,0
DA:126,0
DA:127,0
DA:128,0
DA:133,0
DA:134,0
DA:135,0
DA:136,0
DA:138,0
DA:139,0
DA:144,0
DA:145,0
DA:146,0
DA:147,0
DA:149,0
DA:150,0
DA:155,0
DA:156,0
DA:157,0
DA:158,0
DA:159,0
DA:160,0
DA:165,0
DA:166,0
DA:167,0
DA:172,0
DA:173,0
DA:174,0
DA:175,0
DA:176,0
DA:181,0
DA:182,0
DA:183,0
DA:184,0
DA:185,0
DA:186,0
DA:187,0
DA:188,0
LF:102
LH:4
BRDA:23,0,0,0
BRF:1
BRH:0
end_of_record
TN:
SF:src/core/model-providers/types.ts
FN:225,ModelProviderError
FN:240,ConfigurationError
FN:250,APIError
FN:265,AuthenticationError
FN:275,RateLimitError
FNF:5
FNH:0
FNDA:0,ModelProviderError
FNDA:0,ConfigurationError
FNDA:0,APIError
FNDA:0,AuthenticationError
FNDA:0,RateLimitError
DA:1,1
DA:12,1
DA:13,1
DA:14,1
DA:15,1
DA:16,1
DA:17,1
DA:18,1
DA:19,1
DA:20,1
DA:21,1
DA:22,1
DA:23,1
DA:24,1
DA:25,1
DA:26,1
DA:27,1
DA:28,1
DA:224,1
DA:225,1
DA:226,0
DA:227,0
DA:228,0
DA:229,0
DA:230,0
DA:231,0
DA:232,0
DA:233,0
DA:234,1
DA:239,1
DA:240,1
DA:241,0
DA:242,0
DA:243,0
DA:244,1
DA:249,1
DA:250,1
DA:251,0
DA:252,0
DA:253,0
DA:254,0
DA:255,0
DA:256,0
DA:257,0
DA:258,0
DA:259,1
DA:264,1
DA:265,1
DA:266,0
DA:267,0
DA:268,0
DA:269,1
DA:274,1
DA:275,1
DA:276,0
DA:277,0
DA:278,0
DA:279,0
DA:280,0
DA:281,0
DA:282,0
DA:283,0
DA:284,1
LF:63
LH:33
BRDA:12,0,0,3
BRF:1
BRH:1
end_of_record
TN:
SF:src/services/fileDiscoveryService.ts
FN:18,<instance_members_initializer>
FN:23,FileDiscoveryService
FN:46,filterFiles
FN:70,shouldGitIgnoreFile
FN:80,shouldResearchIgnoreFile
FN:90,shouldIgnoreFile
FN:108,getResearchIgnorePatterns
FNF:7
FNH:6
FNDA:84,<instance_members_initializer>
FNDA:84,FileDiscoveryService
FNDA:26,filterFiles
FNDA:310,shouldGitIgnoreFile
FNDA:11,shouldResearchIgnoreFile
FNDA:0,shouldIgnoreFile
FNDA:22,getResearchIgnorePatterns
DA:1,1
DA:7,1
DA:8,1
DA:9,1
DA:11,1
DA:18,1
DA:19,84
DA:20,84
DA:21,84
DA:23,84
DA:24,84
DA:25,84
DA:26,10
DA:27,10
DA:28,10
DA:29,10
DA:31,0
DA:32,10
DA:33,10
DA:34,84
DA:35,84
DA:36,84
DA:37,84
DA:39,0
DA:40,84
DA:41,84
DA:46,84
DA:47,26
DA:48,26
DA:49,26
DA:50,26
DA:51,26
DA:52,26
DA:53,26
DA:54,40
DA:55,2
DA:56,2
DA:57,38
DA:58,38
DA:59,4
DA:60,40
DA:61,0
DA:62,0
DA:63,38
DA:64,26
DA:65,26
DA:70,84
DA:71,310
DA:72,18
DA:73,18
DA:74,292
DA:75,310
DA:80,84
DA:81,11
DA:82,11
DA:83,11
DA:84,0
DA:85,11
DA:90,84
DA:91,0
DA:92,0
DA:93,0
DA:94,0
DA:96,0
DA:97,0
DA:98,0
DA:99,0
DA:100,0
DA:101,0
DA:102,0
DA:103,0
DA:108,84
DA:109,22
DA:110,22
DA:111,84
LF:75
LH:58
BRDA:18,0,0,84
BRDA:23,1,0,84
BRDA:25,2,0,10
BRDA:29,3,0,0
BRDA:37,4,0,0
BRDA:46,5,0,26
BRDA:53,6,0,40
BRDA:54,7,0,37
BRDA:54,8,0,2
BRDA:56,9,0,38
BRDA:58,10,0,4
BRDA:60,11,0,0
BRDA:62,12,0,38
BRDA:70,13,0,310
BRDA:71,14,0,18
BRDA:73,15,0,292
BRDA:80,16,0,11
BRDA:83,17,0,0
BRDA:108,18,0,22
BRDA:109,19,0,0
BRF:20
BRH:15
end_of_record
TN:
SF:src/services/gitService.ts
FN:16,<instance_members_initializer>
FN:19,GitService
FN:23,getHistoryDir
FN:28,initialize
FN:39,verifyGitAvailability
FN:55,setupShadowGitRepository
FN:93,get shadowGitRepository
FN:104,getCurrentCommitHash
FN:109,createFileSnapshot
FN:116,restoreProjectFromSnapshot
FNF:10
FNH:6
FNDA:14,<instance_members_initializer>
FNDA:14,GitService
FNDA:8,getHistoryDir
FNDA:3,initialize
FNDA:4,verifyGitAvailability
FNDA:8,setupShadowGitRepository
FNDA:0,get shadowGitRepository
FNDA:0,getCurrentCommitHash
FNDA:0,createFileSnapshot
FNDA:0,restoreProjectFromSnapshot
DA:1,1
DA:7,1
DA:8,1
DA:9,1
DA:10,1
DA:11,1
DA:12,1
DA:13,1
DA:14,1
DA:16,1
DA:17,14
DA:19,14
DA:20,14
DA:21,14
DA:23,14
DA:24,8
DA:25,8
DA:26,8
DA:28,14
DA:29,3
DA:30,1
DA:31,1
DA:32,2
DA:33,3
DA:34,1
DA:35,1
DA:36,1
DA:37,3
DA:39,14
DA:40,4
DA:41,4
DA:42,4
DA:43,2
DA:44,2
DA:45,2
DA:46,2
DA:47,4
DA:48,4
DA:49,4
DA:55,14
DA:56,8
DA:57,8
DA:59,8
DA:63,8
DA:64,8
DA:65,8
DA:67,8
DA:68,8
DA:70,8
DA:71,6
DA:72,6
DA:73,6
DA:75,6
DA:76,6
DA:78,8
DA:79,8
DA:81,8
DA:82,8
DA:83,8
DA:84,8
DA:85,1
DA:86,1
DA:87,1
DA:88,1
DA:90,7
DA:91,8
DA:93,14
DA:94,0
DA:95,0
DA:96,0
DA:97,0
DA:99,0
DA:100,0
DA:101,0
DA:102,0
DA:104,14
DA:105,0
DA:106,0
DA:107,0
DA:109,14
DA:110,0
DA:111,0
DA:112,0
DA:113,0
DA:114,0
DA:116,14
DA:117,0
DA:118,0
DA:120,0
DA:121,0
DA:122,14
LF:91
LH:71
BRDA:16,0,0,14
BRDA:19,1,0,14
BRDA:23,2,0,8
BRDA:28,3,0,3
BRDA:29,4,0,1
BRDA:31,5,0,2
BRDA:33,6,0,1
BRDA:39,7,0,4
BRDA:40,8,0,4
BRDA:41,9,0,4
BRDA:42,10,0,2
BRDA:55,11,0,8
BRDA:70,12,0,6
BRDA:83,13,0,7
BRDA:84,14,0,1
BRDA:88,15,0,7
BRF:16
BRH:16
end_of_record
TN:
SF:src/telemetry/constants.ts
FNF:0
FNH:0
DA:1,1
DA:7,1
DA:9,1
DA:10,1
DA:11,1
DA:12,1
DA:13,1
DA:14,1
DA:15,1
DA:17,1
DA:18,1
DA:19,1
DA:20,1
DA:21,1
DA:22,1
DA:23,1
LF:16
LH:16
BRF:0
BRH:0
end_of_record
TN:
SF:src/telemetry/index.ts
FNF:0
FNH:0
DA:1,1
DA:7,1
DA:8,1
DA:9,1
DA:12,1
DA:13,1
DA:16,1
DA:21,1
DA:30,1
DA:41,1
DA:42,1
DA:43,1
LF:12
LH:12
BRDA:7,0,0,14
BRF:1
BRH:1
end_of_record
TN:
SF:src/telemetry/loggers.ts
FN:39,shouldLogUserPrompts
FN:42,getCommonAttributes
FN:48,logCliConfiguration
FN:80,logUserPrompt
FN:103,logToolCall
FN:142,logApiRequest
FN:161,logFlashFallback
FN:183,logApiError
FN:225,logApiResponse
FNF:9
FNH:8
FNDA:2,shouldLogUserPrompts
FNDA:13,getCommonAttributes
FNDA:1,logCliConfiguration
FNDA:2,logUserPrompt
FNDA:12,logToolCall
FNDA:4,logApiRequest
FNDA:1,logFlashFallback
FNDA:0,logApiError
FNDA:3,logApiResponse
DA:1,1
DA:7,1
DA:8,1
DA:10,1
DA:29,1
DA:35,1
DA:36,1
DA:37,1
DA:39,1
DA:40,2
DA:42,13
DA:43,13
DA:44,13
DA:45,13
DA:46,13
DA:48,1
DA:49,1
DA:50,1
DA:51,1
DA:52,1
DA:53,1
DA:55,1
DA:56,1
DA:57,1
DA:58,1
DA:59,1
DA:60,1
DA:61,1
DA:62,1
DA:63,1
DA:64,1
DA:65,1
DA:66,1
DA:67,1
DA:68,1
DA:69,1
DA:70,1
DA:72,1
DA:73,1
DA:74,1
DA:75,1
DA:76,1
DA:77,1
DA:78,1
DA:80,1
DA:81,2
DA:82,2
DA:84,2
DA:85,2
DA:86,2
DA:87,2
DA:88,2
DA:89,2
DA:91,2
DA:92,1
DA:93,1
DA:95,2
DA:96,2
DA:97,2
DA:98,2
DA:99,2
DA:100,2
DA:101,2
DA:103,1
DA:104,12
DA:105,12
DA:106,12
DA:107,12
DA:108,12
DA:109,12
DA:110,12
DA:111,12
DA:113,5
DA:114,5
DA:115,5
DA:116,5
DA:117,5
DA:118,5
DA:119,5
DA:120,5
DA:121,1
DA:122,1
DA:123,1
DA:124,1
DA:125,1
DA:127,5
DA:128,5
DA:129,12
DA:130,12
DA:131,12
DA:132,12
DA:133,12
DA:134,12
DA:135,12
DA:136,12
DA:137,12
DA:138,12
DA:139,12
DA:140,12
DA:142,1
DA:143,4
DA:144,4
DA:146,2
DA:147,2
DA:148,2
DA:149,2
DA:150,2
DA:151,2
DA:153,2
DA:154,2
DA:155,2
DA:156,2
DA:157,2
DA:158,2
DA:159,2
DA:161,1
DA:162,1
DA:163,1
DA:164,1
DA:165,1
DA:166,1
DA:168,1
DA:169,1
DA:170,1
DA:171,1
DA:172,1
DA:173,1
DA:175,1
DA:176,1
DA:177,1
DA:178,1
DA:179,1
DA:180,1
DA:181,1
DA:183,1
DA:184,0
DA:185,0
DA:186,0
DA:187,0
DA:188,0
DA:189,0
DA:190,0
DA:191,0
DA:193,0
DA:194,0
DA:195,0
DA:196,0
DA:197,0
DA:198,0
DA:199,0
DA:200,0
DA:201,0
DA:203,0
DA:204,0
DA:205,0
DA:206,0
DA:207,0
DA:208,0
DA:210,0
DA:211,0
DA:212,0
DA:213,0
DA:214,0
DA:215,0
DA:216,0
DA:217,0
DA:218,0
DA:219,0
DA:220,0
DA:221,0
DA:222,0
DA:223,0
DA:225,1
DA:226,3
DA:227,3
DA:228,3
DA:229,3
DA:230,3
DA:231,3
DA:232,3
DA:233,3
DA:234,2
DA:235,2
DA:236,2
DA:237,2
DA:238,2
DA:239,2
DA:240,2
DA:241,2
DA:242,2
DA:243,2
DA:244,1
DA:245,1
DA:246,1
DA:247,1
DA:248,1
DA:249,1
DA:251,2
DA:252,2
DA:253,3
DA:254,3
DA:255,3
DA:256,3
DA:257,3
DA:258,3
DA:259,3
DA:260,3
DA:261,3
DA:262,3
DA:263,3
DA:264,3
DA:265,3
DA:266,3
DA:267,3
DA:268,3
DA:269,3
DA:270,3
DA:271,3
DA:272,3
DA:273,3
DA:274,3
DA:275,3
DA:276,3
DA:277,3
DA:278,3
DA:279,3
DA:280,3
DA:281,3
DA:282,3
DA:283,3
DA:284,3
DA:285,3
DA:286,3
DA:287,3
DA:288,3
DA:289,3
LF:236
LH:199
BRDA:39,0,0,2
BRDA:42,1,0,13
BRDA:48,2,0,1
BRDA:53,3,0,0
BRDA:80,4,0,2
BRDA:82,5,0,0
BRDA:91,6,0,1
BRDA:103,7,0,12
BRDA:111,8,0,7
BRDA:111,9,0,5
BRDA:120,10,0,1
BRDA:129,11,0,3
BRDA:129,12,0,2
BRDA:142,13,0,4
BRDA:144,14,0,2
BRDA:161,15,0,1
BRDA:166,16,0,0
BRDA:225,17,0,3
BRDA:233,18,0,1
BRDA:233,19,0,2
BRDA:243,20,0,1
BRDA:253,21,0,0
BRF:22
BRH:18
end_of_record
TN:
SF:src/telemetry/metrics.ts
FN:42,getCommonAttributes
FN:48,getMeter
FN:55,initializeMetrics
FN:98,recordToolCallMetrics
FN:121,recordTokenUsageMetrics
FN:135,recordApiResponseMetrics
FN:160,recordApiErrorMetrics
FN:186,recordFileOperationMetric
FNF:8
FNH:5
FNDA:16,getCommonAttributes
FNDA:7,getMeter
FNDA:8,initializeMetrics
FNDA:0,recordToolCallMetrics
FNDA:7,recordTokenUsageMetrics
FNDA:0,recordApiResponseMetrics
FNDA:0,recordApiErrorMetrics
FNDA:29,recordFileOperationMetric
DA:1,1
DA:7,1
DA:15,1
DA:27,1
DA:28,1
DA:29,1
DA:30,1
DA:33,1
DA:34,1
DA:35,1
DA:36,1
DA:37,1
DA:38,1
DA:39,1
DA:40,1
DA:42,16
DA:43,16
DA:44,16
DA:45,16
DA:46,16
DA:48,1
DA:49,7
DA:50,7
DA:51,7
DA:52,7
DA:53,7
DA:55,1
DA:56,8
DA:58,7
DA:59,7
DA:61,7
DA:62,7
DA:63,7
DA:64,7
DA:65,7
DA:66,7
DA:67,7
DA:68,7
DA:69,7
DA:70,7
DA:71,7
DA:72,7
DA:73,7
DA:74,7
DA:75,7
DA:76,7
DA:77,7
DA:78,7
DA:79,7
DA:80,7
DA:81,7
DA:82,7
DA:83,7
DA:84,7
DA:85,7
DA:86,7
DA:87,7
DA:88,7
DA:89,7
DA:90,7
DA:91,7
DA:92,7
DA:93,7
DA:94,7
DA:95,7
DA:96,7
DA:98,1
DA:99,0
DA:100,0
DA:101,0
DA:102,0
DA:103,0
DA:104,0
DA:105,0
DA:106,0
DA:108,0
DA:109,0
DA:110,0
DA:111,0
DA:112,0
DA:113,0
DA:114,0
DA:115,0
DA:116,0
DA:117,0
DA:118,0
DA:119,0
DA:121,1
DA:122,7
DA:123,7
DA:124,7
DA:125,7
DA:126,7
DA:127,7
DA:128,6
DA:129,6
DA:130,6
DA:131,6
DA:132,6
DA:133,6
DA:135,1
DA:136,0
DA:137,0
DA:138,0
DA:139,0
DA:140,0
DA:141,0
DA:142,0
DA:143,0
DA:144,0
DA:145,0
DA:147,0
DA:148,0
DA:149,0
DA:150,0
DA:151,0
DA:152,0
DA:153,0
DA:154,0
DA:155,0
DA:156,0
DA:157,0
DA:158,0
DA:160,1
DA:161,0
DA:162,0
DA:163,0
DA:164,0
DA:165,0
DA:166,0
DA:167,0
DA:168,0
DA:169,0
DA:170,0
DA:172,0
DA:173,0
DA:174,0
DA:175,0
DA:176,0
DA:177,0
DA:178,0
DA:179,0
DA:180,0
DA:181,0
DA:182,0
DA:183,0
DA:184,0
DA:186,1
DA:187,29
DA:188,29
DA:189,29
DA:190,29
DA:191,29
DA:192,29
DA:193,29
DA:194,3
DA:195,3
DA:196,3
DA:197,3
DA:198,4
DA:199,4
DA:200,4
DA:201,3
DA:202,3
LF:164
LH:99
BRDA:27,0,0,27
BRDA:42,1,0,16
BRDA:48,2,0,7
BRDA:55,3,0,8
BRDA:56,4,0,7
BRDA:56,5,0,1
BRDA:59,6,0,0
BRDA:59,7,0,7
BRDA:121,8,0,7
BRDA:127,9,0,6
BRDA:127,10,0,1
BRDA:127,11,0,6
BRDA:186,12,0,29
BRDA:193,13,0,3
BRDA:193,14,0,26
BRDA:193,15,0,4
BRDA:193,16,0,3
BRDA:198,17,0,1
BRDA:198,18,0,3
BRDA:199,19,0,2
BRDA:199,20,0,3
BRDA:200,21,0,1
BRDA:200,22,0,3
BRF:23
BRH:22
end_of_record
TN:
SF:src/telemetry/sdk.ts
FN:39,isTelemetrySdkInitialized
FN:43,parseGrpcEndpoint
FN:63,initializeTelemetry
FN:124,shutdownTelemetry
FNF:4
FNH:4
FNDA:12,isTelemetrySdkInitialized
FNDA:2,parseGrpcEndpoint
FNDA:2,initializeTelemetry
FNDA:2,shutdownTelemetry
DA:1,1
DA:7,1
DA:8,1
DA:9,1
DA:10,1
DA:11,1
DA:12,1
DA:13,1
DA:14,1
DA:15,1
DA:19,1
DA:23,1
DA:27,1
DA:29,1
DA:30,1
DA:31,1
DA:34,1
DA:36,1
DA:37,1
DA:39,1
DA:40,12
DA:41,12
DA:43,2
DA:44,2
DA:45,2
DA:46,2
DA:47,0
DA:48,0
DA:50,2
DA:52,2
DA:53,2
DA:56,2
DA:57,2
DA:58,0
DA:59,0
DA:60,0
DA:61,2
DA:63,1
DA:64,2
DA:65,0
DA:66,0
DA:68,2
DA:69,2
DA:70,2
DA:71,2
DA:72,2
DA:74,2
DA:75,2
DA:76,2
DA:78,2
DA:79,2
DA:80,2
DA:81,2
DA:82,2
DA:83,0
DA:84,2
DA:85,2
DA:86,2
DA:87,2
DA:88,2
DA:89,0
DA:90,2
DA:91,2
DA:92,2
DA:93,2
DA:94,2
DA:95,2
DA:96,2
DA:97,2
DA:98,0
DA:99,0
DA:100,0
DA:101,0
DA:103,2
DA:104,2
DA:105,2
DA:106,2
DA:107,2
DA:108,2
DA:109,2
DA:111,2
DA:112,2
DA:113,2
DA:114,2
DA:115,2
DA:116,2
DA:117,0
DA:118,0
DA:120,2
DA:121,2
DA:122,2
DA:124,2
DA:125,2
DA:126,0
DA:127,0
DA:128,2
DA:129,2
DA:130,2
DA:131,2
DA:132,2
DA:133,0
DA:134,2
DA:135,2
DA:136,2
DA:137,2
LF:105
LH:87
BRDA:39,0,0,12
BRDA:43,1,0,2
BRDA:46,2,0,0
BRDA:57,3,0,0
BRDA:63,4,0,2
BRDA:64,5,0,0
BRDA:82,6,0,0
BRDA:88,7,0,0
BRDA:97,8,0,0
BRDA:116,9,0,0
BRDA:124,10,0,2
BRDA:125,11,0,0
BRDA:129,12,0,0
BRDA:132,13,0,0
BRF:14
BRH:4
end_of_record
TN:
SF:src/telemetry/types.ts
FN:19,getDecisionFromOutcome
FN:36,<instance_members_initializer>
FN:52,StartSessionEvent
FN:82,<instance_members_initializer>
FN:94,<instance_members_initializer>
FN:102,UserPromptEvent
FN:117,<instance_members_initializer>
FN:129,ToolCallEvent
FN:145,<instance_members_initializer>
FN:152,ApiRequestEvent
FN:161,<instance_members_initializer>
FN:193,<instance_members_initializer>
FN:210,ApiResponseEvent
FN:237,<instance_members_initializer>
FN:242,FlashFallbackEvent
FNF:15
FNH:13
FNDA:10,getDecisionFromOutcome
FNDA:45,<instance_members_initializer>
FNDA:45,StartSessionEvent
FNDA:0,<instance_members_initializer>
FNDA:2,<instance_members_initializer>
FNDA:2,UserPromptEvent
FNDA:15,<instance_members_initializer>
FNDA:15,ToolCallEvent
FNDA:4,<instance_members_initializer>
FNDA:4,ApiRequestEvent
FNDA:0,<instance_members_initializer>
FNDA:3,<instance_members_initializer>
FNDA:3,ApiResponseEvent
FNDA:1,<instance_members_initializer>
FNDA:1,FlashFallbackEvent
DA:1,1
DA:10,1
DA:11,1
DA:13,1
DA:14,1
DA:15,1
DA:16,1
DA:19,1
DA:20,10
DA:21,10
DA:22,10
DA:23,10
DA:24,10
DA:25,10
DA:26,10
DA:27,5
DA:28,10
DA:29,2
DA:30,10
DA:31,10
DA:32,3
DA:33,10
DA:34,10
DA:36,1
DA:37,45
DA:38,45
DA:39,45
DA:40,45
DA:41,45
DA:42,45
DA:43,45
DA:44,45
DA:45,45
DA:46,45
DA:47,45
DA:48,45
DA:49,45
DA:50,45
DA:52,45
DA:53,45
DA:54,45
DA:56,45
DA:57,45
DA:58,45
DA:59,1
DA:60,1
DA:61,1
DA:63,45
DA:64,45
DA:65,45
DA:66,45
DA:67,45
DA:68,45
DA:69,45
DA:70,45
DA:71,45
DA:72,45
DA:73,45
DA:74,45
DA:75,45
DA:76,45
DA:77,45
DA:78,45
DA:79,45
DA:80,45
DA:82,1
DA:83,0
DA:84,0
DA:85,0
DA:87,0
DA:88,0
DA:89,0
DA:90,0
DA:91,0
DA:92,0
DA:94,1
DA:95,2
DA:96,2
DA:97,2
DA:98,2
DA:99,2
DA:100,2
DA:102,2
DA:103,2
DA:104,2
DA:105,2
DA:106,2
DA:107,2
DA:108,2
DA:109,2
DA:110,2
DA:111,2
DA:112,2
DA:113,2
DA:114,2
DA:115,2
DA:117,1
DA:118,15
DA:119,15
DA:120,15
DA:121,15
DA:122,15
DA:123,15
DA:124,15
DA:125,15
DA:126,15
DA:127,15
DA:129,15
DA:130,15
DA:131,15
DA:132,15
DA:133,15
DA:134,15
DA:135,15
DA:136,15
DA:137,10
DA:138,5
DA:139,15
DA:140,15
DA:141,15
DA:142,15
DA:143,15
DA:145,1
DA:146,4
DA:147,4
DA:148,4
DA:149,4
DA:150,4
DA:152,4
DA:153,4
DA:154,4
DA:155,4
DA:156,4
DA:157,4
DA:158,4
DA:159,4
DA:161,1
DA:162,0
DA:163,0
DA:164,0
DA:165,0
DA:166,0
DA:167,0
DA:168,0
DA:169,0
DA:170,0
DA:172,0
DA:173,0
DA:174,0
DA:175,0
DA:176,0
DA:177,0
DA:178,0
DA:179,0
DA:180,0
DA:181,0
DA:182,0
DA:183,0
DA:184,0
DA:185,0
DA:186,0
DA:187,0
DA:188,0
DA:189,0
DA:190,0
DA:191,0
DA:193,1
DA:194,3
DA:195,3
DA:196,3
DA:197,3
DA:198,3
[...]
DA:33,16
DA:34,32
DA:35,32
DA:36,16
DA:38,94
DA:39,110
DA:40,110
DA:41,110
DA:42,110
DA:43,110
DA:45,37
DA:46,37
DA:47,74
DA:48,110
DA:49,110
DA:50,110
DA:51,110
DA:52,110
DA:54,94
DA:55,89
DA:56,89
DA:57,89
DA:59,94
DA:60,45
DA:61,20
DA:62,25
DA:64,45
DA:65,2
DA:66,2
DA:68,43
DA:69,45
DA:70,0
DA:71,0
DA:73,43
DA:74,45
DA:76,94
DA:77,26
DA:78,26
DA:79,94
LF:55
LH:53
BRDA:17,0,0,94
BRDA:22,1,0,94
BRDA:26,2,0,16
BRDA:27,3,0,0
BRDA:33,4,0,32
BRDA:38,5,0,110
BRDA:43,6,0,37
BRDA:46,7,0,74
BRDA:46,8,0,73
BRDA:47,9,0,14
BRDA:49,10,0,151
BRDA:50,11,0,151
BRDA:50,12,0,113
BRDA:54,13,0,89
BRDA:59,14,0,45
BRDA:60,15,0,20
BRDA:61,16,0,25
BRDA:64,17,0,2
BRDA:66,18,0,43
BRDA:69,19,0,0
BRDA:71,20,0,43
BRDA:76,21,0,26
BRF:22
BRH:20
end_of_record
TN:
SF:src/utils/gitUtils.ts
FN:15,isGitRepository
FN:49,findGitRoot
FNF:2
FNH:1
FNDA:80,isGitRepository
FNDA:0,findGitRoot
DA:1,1
DA:7,1
DA:8,1
DA:15,1
DA:16,80
DA:17,80
DA:19,80
DA:20,457
DA:23,457
DA:24,0
DA:25,0
DA:27,457
DA:30,457
DA:31,80
DA:32,80
DA:34,377
DA:35,377
DA:37,80
DA:38,80
DA:40,0
DA:41,0
DA:42,80
DA:49,1
DA:50,0
DA:51,0
DA:53,0
DA:54,0
DA:56,0
DA:57,0
DA:58,0
DA:60,0
DA:62,0
DA:63,0
DA:64,0
DA:66,0
DA:67,0
DA:69,0
DA:70,0
DA:71,0
DA:72,0
DA:73,0
LF:41
LH:19
BRDA:15,0,0,80
BRDA:19,1,0,457
BRDA:23,2,0,0
BRDA:30,3,0,80
BRDA:32,4,0,377
BRDA:38,5,0,0
BRF:6
BRH:4
end_of_record
TN:
SF:src/utils/memoryDiscovery.ts
FN:23,debug
FN:26,warn
FN:28,error
FN:39,findProjectRoot
FN:82,getResearchMdFilePathsInternal
FN:219,readResearchMdFiles
FN:255,concatenateInstructions
FN:280,loadServerHierarchicalMemory
FNF:8
FNH:6
FNDA:14,debug
FNDA:0,warn
FNDA:0,error
FNDA:11,findProjectRoot
FNDA:11,getResearchMdFilePathsInternal
FNDA:9,readResearchMdFiles
FNDA:9,concatenateInstructions
FNDA:11,loadServerHierarchicalMemory
DA:1,1
DA:7,1
DA:8,1
DA:9,1
DA:10,1
DA:11,1
DA:12,1
DA:17,1
DA:21,1
DA:23,1
DA:24,14
DA:26,1
DA:28,1
DA:29,0
DA:30,1
DA:32,1
DA:39,11
DA:40,11
DA:41,11
DA:42,38
DA:43,38
DA:44,38
DA:45,3
DA:46,3
DA:47,3
DA:48,38
DA:51,35
DA:52,35
DA:53,35
DA:54,35
DA:55,0
DA:59,35
DA:61,35
DA:62,0
DA:63,0
DA:64,0
DA:65,0
DA:66,0
DA:67,0
DA:68,0
DA:69,0
DA:70,0
DA:71,0
DA:72,0
DA:73,35
DA:74,35
DA:75,38
DA:76,8
DA:77,8
DA:78,27
DA:79,27
DA:80,11
DA:82,11
DA:83,11
DA:84,11
DA:85,11
DA:86,11
DA:87,11
DA:88,11
DA:89,11
DA:90,11
DA:92,11
DA:93,11
DA:94,11
DA:95,11
DA:96,11
DA:97,11
DA:98,11
DA:99,11
DA:101,11
DA:102,11
DA:103,1
DA:104,1
DA:105,11
DA:107,11
DA:108,11
DA:109,3
DA:110,3
DA:111,11
DA:112,0
DA:113,0
DA:114,11
DA:115,8
DA:116,8
DA:117,1
DA:118,1
DA:119,8
DA:121,11
DA:122,11
DA:123,11
DA:125,11
DA:126,11
DA:128,11
DA:129,3
DA:130,8
DA:132,11
DA:134,33
DA:135,3
DA:136,3
DA:137,3
DA:138,3
DA:142,33
DA:143,0
DA:144,0
DA:145,0
DA:146,0
DA:147,0
DA:148,0
DA:149,0
DA:151,33
DA:152,33
DA:153,33
DA:155,9
DA:156,9
DA:157,9
DA:158,0
DA:159,0
DA:160,0
DA:161,0
DA:162,9
DA:163,33
DA:164,24
DA:165,3
DA:166,3
DA:167,3
DA:168,3
DA:169,24
DA:172,33
DA:173,11
DA:174,11
DA:175,1
DA:176,1
DA:177,11
DA:178,11
DA:180,22
DA:181,22
DA:182,11
DA:184,11
DA:185,11
DA:186,11
DA:187,11
DA:188,11
DA:189,11
DA:190,11
DA:191,11
DA:192,11
DA:193,0
DA:194,0
DA:195,0
DA:196,0
DA:198,11
DA:199,6
DA:200,6
DA:201,11
DA:204,11
DA:205,1
DA:206,1
DA:208,11
DA:210,11
DA:211,11
DA:212,1
DA:213,1
DA:214,1
DA:215,1
DA:216,11
DA:217,11
DA:219,9
DA:220,9
DA:221,9
DA:222,9
DA:223,9
DA:224,9
DA:225,17
DA:226,17
DA:229,17
DA:230,17
DA:231,17
DA:232,17
DA:233,17
DA:235,17
DA:236,17
DA:237,17
DA:238,0
DA:239,0
DA:240,17
DA:241,0
DA:242,0
DA:243,0
DA:244,0
DA:245,0
DA:246,0
DA:247,0
DA:248,0
DA:249,0
DA:250,0
DA:251,17
DA:252,9
DA:253,9
DA:255,9
DA:256,9
DA:258,9
DA:259,9
DA:260,9
DA:261,9
DA:262,9
DA:263,17
DA:264,17
DA:265,0
DA:266,0
DA:267,17
DA:268,17
DA:269,0
DA:270,17
DA:271,9
DA:272,9
DA:273,9
DA:274,9
DA:280,11
DA:281,11
DA:282,11
DA:283,11
DA:284,11
DA:285,11
DA:286,11
DA:287,11
DA:288,1
DA:289,1
DA:292,11
DA:293,11
DA:294,11
DA:295,11
DA:296,11
DA:297,11
DA:298,11
DA:299,11
DA:300,11
DA:301,2
DA:302,2
DA:303,2
DA:304,9
DA:306,9
DA:307,9
DA:308,9
DA:309,9
DA:310,9
DA:311,11
DA:312,0
DA:313,0
DA:314,11
DA:315,11
DA:316,0
DA:317,0
DA:318,9
DA:319,9
LF:254
LH:205
BRDA:23,0,0,14
BRDA:39,1,0,11
BRDA:41,2,0,38
BRDA:44,3,0,3
BRDA:48,4,0,35
BRDA:54,5,0,0
BRDA:59,6,0,0
BRDA:61,7,0,0
BRDA:75,8,0,8
BRDA:77,9,0,27
BRDA:82,10,0,11
BRDA:102,11,0,1
BRDA:105,12,0,1
BRDA:108,13,0,3
BRDA:111,14,0,0
BRDA:114,15,0,8
BRDA:116,16,0,1
BRDA:123,17,0,1
BRDA:128,18,0,3
BRDA:129,19,0,8
BRDA:132,20,0,33
BRDA:132,21,0,33
BRDA:134,22,0,3
BRDA:142,23,0,0
BRDA:153,24,0,9
BRDA:157,25,0,0
BRDA:163,26,0,24
BRDA:164,27,0,3
BRDA:172,28,0,11
BRDA:174,29,0,1
BRDA:178,30,0,22
BRDA:191,31,0,1
BRDA:192,32,0,0
BRDA:198,33,0,6
BRDA:204,34,0,1
BRDA:211,35,0,1
BRDA:182,36,0,9
BRDA:219,37,0,9
BRDA:224,38,0,17
BRDA:237,39,0,0
BRDA:240,40,0,0
BRDA:255,41,0,9
BRDA:261,42,0,17
BRDA:262,43,0,17
BRDA:264,44,0,0
BRDA:268,45,0,0
BRDA:272,46,0,17
BRDA:280,47,0,11
BRDA:287,48,0,1
BRDA:300,49,0,2
BRDA:301,50,0,1
BRDA:303,51,0,9
BRDA:311,52,0,0
BRDA:313,53,0,9
BRDA:314,54,0,0
BRDA:315,55,0,0
BRDA:317,56,0,9
BRF:57
BRH:43
end_of_record
TN:
SF:src/utils/memoryImportProcessor.ts
FN:13,debug
FN:16,warn
FN:18,error
FN:42,processImports
FN:198,validateImportPath
FNF:5
FNH:5
FNDA:16,debug
FNDA:3,warn
FNDA:1,error
FNDA:32,processImports
FNDA:27,validateImportPath
DA:1,1
DA:7,1
DA:8,1
DA:11,1
DA:13,1
DA:14,16
DA:16,1
DA:18,1
DA:19,1
DA:20,1
DA:42,32
DA:43,32
DA:44,32
DA:45,32
DA:46,32
DA:47,32
DA:48,32
DA:49,32
DA:50,32
DA:51,32
DA:52,32
DA:53,1
DA:54,1
DA:55,1
DA:56,1
DA:57,1
DA:58,1
DA:59,1
DA:63,31
DA:65,31
DA:66,31
DA:69,32
DA:70,11
DA:73,11
DA:74,1
DA:75,1
DA:76,1
DA:77,1
DA:78,1
DA:79,1
DA:82,11
DA:83,1
DA:84,1
DA:85,1
DA:87,1
DA:88,1
DA:89,1
DA:90,1
DA:91,1
DA:92,1
DA:94,9
DA:96,9
DA:97,9
DA:98,9
DA:101,11
DA:102,1
DA:103,1
DA:104,1
DA:106,1
DA:107,1
DA:108,1
DA:109,1
DA:110,1
DA:111,1
DA:114,11
DA:115,0
DA:116,0
DA:117,0
DA:119,0
DA:120,0
DA:121,0
DA:122,0
DA:123,0
DA:124,0
DA:127,11
DA:128,3
DA:129,3
DA:130,3
DA:131,0
DA:132,0
DA:133,0
DA:135,0
DA:136,0
DA:137,0
DA:138,0
DA:139,0
DA:140,0
DA:141,3
DA:143,8
DA:145,8
DA:148,7
DA:150,7
DA:151,7
DA:152,7
DA:155,7
DA:156,7
DA:157,7
DA:158,7
DA:159,7
DA:160,7
DA:161,7
DA:162,7
DA:163,7
DA:164,7
DA:165,7
DA:168,7
DA:169,7
DA:170,7
DA:171,7
DA:172,11
DA:173,1
DA:174,1
DA:175,1
DA:176,1
DA:177,1
DA:180,1
DA:181,1
DA:182,1
DA:183,1
DA:184,1
DA:185,11
DA:187,31
DA:188,31
DA:198,1
DA:199,27
DA:200,27
DA:201,27
DA:202,27
DA:204,27
DA:205,3
DA:206,3
DA:208,24
DA:210,24
DA:211,26
DA:212,26
DA:213,24
DA:214,24
LF:137
LH:119
BRDA:13,0,0,16
BRDA:16,1,0,3
BRDA:18,2,0,1
BRDA:42,3,0,32
BRDA:52,4,0,1
BRDA:59,5,0,31
BRDA:69,6,0,11
BRDA:73,7,0,1
BRDA:79,8,0,10
BRDA:82,9,0,1
BRDA:92,10,0,9
BRDA:101,11,0,1
BRDA:111,12,0,8
BRDA:114,13,0,0
BRDA:124,14,0,8
BRDA:127,15,0,3
BRDA:130,16,0,0
BRDA:141,17,0,8
BRDA:145,18,0,7
BRDA:172,19,0,1
BRDA:174,20,0,0
BRDA:185,21,0,31
BRDA:198,22,0,27
BRDA:204,23,0,3
BRDA:206,24,0,24
BRDA:210,25,0,26
BRF:26
BRH:23
end_of_record
TN:
SF:src/utils/messageInspectors.ts
FN:9,isFunctionResponse
FN:17,isFunctionCall
FNF:2
FNH:2
FNDA:11,isFunctionResponse
FNDA:1,isFunctionCall
DA:1,1
DA:9,1
DA:10,11
DA:11,11
DA:12,2
DA:13,2
DA:15,11
DA:17,1
DA:18,1
DA:19,1
DA:20,1
DA:21,1
DA:23,1
LF:13
LH:13
BRDA:9,0,0,11
BRDA:11,1,0,2
BRDA:12,2,0,2
BRDA:13,3,0,2
BRDA:17,4,0,1
BRDA:21,5,0,1
BRF:6
BRH:6
end_of_record
TN:
SF:src/utils/nextSpeakerChecker.ts
FN:62,checkNextSpeaker
FNF:1
FNH:1
FNDA:10,checkNextSpeaker
DA:1,1
DA:7,1
DA:8,1
DA:11,1
DA:13,1
DA:39,1
DA:40,1
DA:41,1
DA:42,1
DA:43,1
DA:44,1
DA:45,1
DA:46,1
DA:47,1
DA:48,1
DA:49,1
DA:50,1
DA:51,1
DA:52,1
DA:53,1
DA:54,1
DA:55,1
DA:62,10
DA:63,10
DA:64,10
DA:65,10
DA:66,10
DA:71,10
DA:74,10
DA:76,1
DA:77,1
DA:79,9
DA:83,10
DA:84,0
DA:85,0
DA:86,9
DA:87,9
DA:91,9
DA:92,9
DA:93,9
DA:94,10
DA:95,0
DA:96,0
DA:97,0
DA:98,0
DA:99,0
DA:100,0
DA:102,9
DA:103,9
DA:104,9
DA:105,8
DA:106,8
DA:107,10
DA:108,0
DA:109,0
DA:110,0
DA:111,0
DA:112,0
DA:113,0
DA:114,0
DA:118,9
DA:119,10
DA:122,1
DA:123,1
DA:125,8
DA:126,8
DA:127,8
DA:128,8
DA:130,8
DA:131,8
DA:132,8
DA:133,8
DA:134,8
DA:135,8
DA:136,8
DA:138,7
DA:139,7
DA:140,7
DA:141,6
DA:142,10
DA:143,4
DA:144,4
DA:145,3
DA:146,10
DA:147,1
DA:148,1
DA:149,1
DA:150,1
DA:151,1
DA:152,1
DA:153,10
LF:91
LH:76
BRDA:62,0,0,10
BRDA:74,1,0,1
BRDA:77,2,0,9
BRDA:83,3,0,0
BRDA:85,4,0,9
BRDA:94,5,0,0
BRDA:100,6,0,9
BRDA:104,7,0,8
BRDA:105,8,0,8
BRDA:107,9,0,0
BRDA:114,10,0,9
BRDA:119,11,0,1
BRDA:123,12,0,8
BRDA:136,13,0,7
BRDA:140,14,0,6
BRDA:142,15,0,4
BRDA:144,16,0,3
BRDA:146,17,0,1
BRF:18
BRH:15
end_of_record
TN:
SF:src/utils/paths.ts
FN:20,tildeifyPath
FN:32,shortenPath
FN:107,makeRelative
FN:123,escapePath
FN:139,unescapePath
FN:148,getProjectHash
FN:157,getProjectTempDir
FNF:7
FNH:4
FNDA:0,tildeifyPath
FNDA:19,shortenPath
FNDA:19,makeRelative
FNDA:0,escapePath
FNDA:0,unescapePath
FNDA:39,getProjectHash
FNDA:31,getProjectTempDir
DA:1,1
DA:7,1
DA:8,1
DA:9,1
DA:11,1
DA:12,1
DA:13,1
DA:20,1
DA:21,0
DA:22,0
DA:23,0
DA:24,0
DA:25,0
DA:26,0
DA:32,1
DA:33,19
DA:34,18
DA:35,18
DA:37,1
DA:38,1
DA:39,1
DA:42,1
DA:43,1
DA:46,5
DA:48,0
DA:50,0
DA:51,0
DA:52,0
DA:53,0
DA:54,0
DA:55,0
DA:56,0
DA:58,1
DA:59,1
DA:60,1
DA:62,1
DA:64,1
DA:67,1
DA:68,1
DA:70,1
DA:72,1
DA:73,0
DA:74,0
DA:75,1
DA:76,1
DA:77,1
DA:78,1
DA:80,1
DA:82,5
DA:83,0
DA:84,0
DA:87,1
DA:91,1
DA:92,1
DA:93,1
DA:95,0
DA:96,0
DA:107,1
DA:108,19
DA:109,19
DA:110,19
DA:111,19
DA:112,19
DA:114,19
DA:117,19
DA:118,19
DA:123,1
DA:124,0
DA:125,0
DA:127,0
DA:128,0
DA:129,0
DA:130,0
DA:131,0
DA:132,0
DA:133,0
DA:134,0
DA:139,1
DA:140,0
DA:141,0
DA:148,1
DA:149,39
DA:150,39
DA:157,1
DA:158,31
DA:159,31
DA:160,31
LF:87
LH:55
BRDA:32,0,0,19
BRDA:33,1,0,18
BRDA:35,2,0,5
BRDA:35,3,0,1
BRDA:46,4,0,0
BRDA:56,5,0,1
BRDA:72,6,0,0
BRDA:82,7,0,0
BRDA:84,8,0,1
BRDA:93,9,0,0
BRDA:43,10,0,2
BRDA:107,11,0,19
BRDA:117,12,0,1
BRDA:148,13,0,39
BRDA:157,14,0,31
BRF:15
BRH:11
end_of_record
TN:
SF:src/utils/quotaErrorDetection.ts
FN:21,isApiError
FN:31,isStructuredError
FN:40,isProQuotaExceededError
FN:47,checkMessage
FN:109,isGenericQuotaExceededError
FNF:5
FNH:4
FNDA:0,isApiError
FNDA:33,isStructuredError
FNDA:22,isProQuotaExceededError
FNDA:22,checkMessage
FNDA:11,isGenericQuotaExceededError
DA:1,1
DA:21,1
DA:22,0
DA:23,0
DA:24,0
DA:25,0
DA:26,0
DA:27,0
DA:29,0
DA:31,1
DA:32,33
DA:33,33
DA:34,33
DA:35,33
DA:36,33
DA:38,33
DA:40,1
DA:47,22
DA:48,22
DA:49,22
DA:50,22
DA:51,0
DA:52,22
DA:53,22
DA:54,22
DA:57,22
DA:58,22
DA:59,22
DA:60,22
DA:62,22
DA:63,0
DA:64,0
DA:66,22
DA:67,22
DA:68,22
DA:70,0
DA:71,0
DA:72,0
DA:75,22
DA:76,0
DA:81,0
DA:82,0
DA:83,0
DA:84,0
DA:85,0
DA:86,0
DA:87,0
DA:88,0
DA:89,0
DA:90,0
DA:91,0
DA:92,0
DA:93,0
DA:94,0
DA:97,0
DA:98,0
DA:99,0
DA:100,0
DA:102,0
DA:103,0
DA:104,0
DA:105,0
DA:106,0
DA:107,0
DA:109,1
DA:110,11
DA:111,0
DA:112,0
DA:114,11
DA:115,11
DA:116,11
DA:118,0
DA:119,0
DA:120,0
DA:122,0
DA:123,0
LF:76
LH:31
BRDA:31,0,0,33
BRDA:40,1,0,22
BRDA:62,2,0,0
BRDA:68,3,0,0
BRDA:75,4,0,0
BRDA:75,5,0,0
BRDA:47,6,0,22
BRDA:50,7,0,0
BRDA:109,8,0,11
BRDA:110,9,0,0
BRDA:116,10,0,0
BRF:11
BRH:4
end_of_record
TN:
SF:src/utils/retry.ts
FN:38,defaultShouldRetry
FN:58,delay
FN:69,retryWithBackoff
FN:219,getErrorStatus
FN:246,getRetryAfterDelayMs
FN:284,getDelayDurationAndStatus
FN:303,logRetryAttempt
FNF:7
FNH:7
FNDA:19,defaultShouldRetry
FNDA:23,delay
FNDA:22,retryWithBackoff
FNDA:59,getErrorStatus
FNDA:13,getRetryAfterDelayMs
FNDA:23,getDelayDurationAndStatus
FNDA:23,logRetryAttempt
DA:1,1
DA:7,1
DA:8,1
DA:25,1
DA:26,1
DA:27,1
DA:28,1
DA:29,1
DA:30,1
DA:38,19
DA:40,19
DA:41,19
DA:42,19
DA:43,18
DA:44,18
DA:45,19
DA:46,19
DA:47,1
DA:48,1
DA:49,1
DA:50,1
DA:51,1
DA:58,23
DA:59,23
DA:60,23
DA:69,22
DA:70,22
DA:71,22
DA:72,22
DA:73,22
DA:74,22
DA:75,22
DA:76,22
DA:77,22
DA:78,22
DA:79,22
DA:80,22
DA:81,22
DA:82,22
DA:83,22
DA:85,22
DA:86,22
DA:87,22
DA:89,22
DA:90,49
DA:91,49
DA:92,49
DA:93,49
DA:94,36
DA:97,36
DA:98,36
DA:99,21
DA:100,11
DA:101,0
DA:102,36
DA:103,0
DA:104,0
DA:105,0
DA:107,0
DA:108,0
DA:109,0
DA:111,0
DA:112,0
DA:114,0
DA:115,0
DA:116,0
DA:118,0
DA:119,0
DA:120,0
DA:123,36
DA:124,36
DA:125,21
DA:126,11
DA:127,11
DA:128,0
DA:129,36
DA:130,0
DA:131,0
DA:132,0
DA:134,0
DA:135,0
DA:136,0
DA:138,0
DA:139,0
DA:141,0
DA:142,0
DA:143,0
DA:145,0
DA:146,0
DA:147,0
DA:150,36
DA:151,21
DA:152,36
DA:153,15
DA:154,15
DA:157,36
DA:158,36
DA:159,13
DA:160,12
DA:161,36
DA:162,6
DA:163,6
DA:164,6
DA:166,4
DA:167,4
DA:168,4
DA:170,4
DA:171,6
DA:173,2
DA:174,2
DA:175,6
DA:177,2
DA:178,2
DA:179,6
DA:182,36
DA:183,9
DA:184,9
DA:186,23
DA:187,23
DA:189,36
DA:191,0
DA:192,0
DA:193,0
DA:194,0
DA:195,0
DA:197,0
DA:198,36
DA:200,23
DA:202,23
DA:203,23
DA:204,23
DA:205,23
DA:206,23
DA:207,36
DA:208,49
DA:211,0
DA:212,0
DA:219,59
DA:220,59
DA:221,59
DA:222,58
DA:223,58
DA:225,1
DA:226,1
DA:227,0
DA:228,0
DA:229,59
DA:230,0
DA:231,0
DA:232,0
DA:233,0
DA:234,0
DA:235,0
DA:236,0
DA:237,59
DA:238,1
DA:239,1
DA:246,13
DA:247,13
DA:249,13
DA:250,13
DA:251,0
DA:252,0
DA:253,13
DA:254,0
DA:255,0
DA:256,0
DA:257,0
DA:258,0
DA:259,0
DA:260,0
DA:261,0
DA:262,0
DA:263,0
DA:264,0
DA:265,0
DA:266,0
DA:268,0
DA:269,0
DA:270,0
DA:271,0
DA:272,0
DA:273,0
DA:274,0
DA:275,13
DA:276,13
DA:277,13
DA:284,23
DA:287,23
DA:288,23
DA:289,23
DA:291,23
DA:292,13
DA:293,13
DA:294,23
DA:295,23
DA:303,23
DA:304,23
DA:305,23
DA:306,23
DA:307,23
DA:308,23
DA:309,23
DA:310,23
DA:311,23
DA:313,23
DA:314,13
DA:315,23
DA:316,10
DA:317,10
DA:319,0
DA:320,0
DA:321,0
DA:322,0
DA:323,0
DA:324,0
DA:325,0
DA:326,0
DA:327,0
DA:328,0
DA:329,0
DA:330,0
DA:331,0
DA:332,0
DA:333,0
DA:334,0
DA:335,23
LF:227
LH:142
BRDA:38,0,0,19
BRDA:42,1,0,11
BRDA:42,2,0,10
BRDA:42,3,0,18
BRDA:45,4,0,1
BRDA:46,5,0,1
BRDA:47,6,0,0
BRDA:48,7,0,0
BRDA:58,8,0,23
BRDA:59,9,0,23
BRDA:69,10,0,22
BRDA:89,11,0,49
BRDA:93,12,0,36
BRDA:98,13,0,21
BRDA:99,14,0,11
BRDA:100,15,0,0
BRDA:102,16,0,0
BRDA:124,17,0,21
BRDA:125,18,0,11
BRDA:126,19,0,11
BRDA:127,20,0,0
BRDA:129,21,0,0
BRDA:150,22,0,21
BRDA:152,23,0,15
BRDA:158,24,0,13
BRDA:159,25,0,12
BRDA:161,26,0,6
BRDA:164,27,0,4
BRDA:171,28,0,2
BRDA:175,29,0,2
BRDA:179,30,0,32
BRDA:182,31,0,25
BRDA:182,32,0,9
BRDA:184,33,0,23
BRDA:189,34,0,0
BRDA:198,35,0,23
BRDA:208,36,0,0
BRDA:219,37,0,59
BRDA:221,38,0,58
BRDA:221,39,0,58
BRDA:223,40,0,47
BRDA:223,41,0,1
BRDA:226,42,0,0
BRDA:227,43,0,0
BRDA:229,44,0,0
BRDA:237,45,0,1
BRDA:246,46,0,13
BRDA:250,47,0,0
BRDA:251,48,0,0
BRDA:253,49,0,0
BRDA:284,50,0,23
BRDA:291,51,0,13
BRDA:303,52,0,23
BRDA:313,53,0,13
BRDA:315,54,0,10
BRDA:317,55,0,0
BRF:56
BRH:41
end_of_record
TN:
SF:src/utils/schemaValidator.ts
FN:20,validate
FN:40,toObjectSchema
FNF:2
FNH:2
FNDA:117,validate
FNDA:613,toObjectSchema
DA:1,1
DA:8,1
DA:10,1
DA:15,1
DA:20,1
DA:21,117
DA:22,0
DA:23,0
DA:24,117
DA:25,0
DA:26,0
DA:27,117
DA:28,117
DA:29,117
DA:30,10
DA:31,10
DA:32,107
DA:33,117
DA:40,1
DA:41,613
DA:42,613
DA:43,0
DA:44,0
DA:45,613
DA:46,66
DA:47,66
DA:48,613
DA:49,117
DA:50,117
DA:51,430
DA:52,430
DA:53,117
DA:54,117
DA:55,613
DA:56,613
DA:57,613
DA:58,613
DA:59,22
DA:60,22
DA:61,613
DA:62,66
DA:63,66
DA:64,613
DA:65,613
DA:66,1
LF:45
LH:39
BRDA:20,0,0,117
BRDA:21,1,0,0
BRDA:24,2,0,0
BRDA:29,3,0,10
BRDA:29,4,0,10
BRDA:31,5,0,107
BRDA:40,6,0,613
BRDA:42,7,0,0
BRDA:42,8,0,0
BRDA:45,9,0,66
BRDA:48,10,0,117
BRDA:48,11,0,117
BRDA:50,12,0,430
BRDA:58,13,0,22
BRDA:61,14,0,66
BRF:15
BRH:11
end_of_record
TN:
SF:src/utils/session.ts
FNF:0
FNH:0
DA:1,1
DA:7,1
DA:9,1
LF:3
LH:3
BRF:0
BRH:0
end_of_record
TN:
SF:src/utils/summarizer.ts
FN:37,defaultSummarizer
FN:44,partToString
FN:60,getResponseText
FN:96,llmSummarizer
FN:103,summarizeToolOutput
FNF:5
FNH:5
FNDA:1,defaultSummarizer
FNDA:3,partToString
FNDA:4,getResponseText
FNDA:2,llmSummarizer
FNDA:7,summarizeToolOutput
DA:1,1
DA:14,1
DA:37,1
DA:38,1
DA:39,1
DA:40,1
DA:41,1
DA:44,3
DA:45,3
DA:46,0
DA:47,0
DA:48,3
DA:49,1
DA:50,1
DA:51,3
DA:52,1
DA:53,1
DA:54,1
DA:55,1
DA:56,1
DA:57,0
DA:58,0
DA:60,4
DA:61,4
DA:62,4
DA:63,4
DA:64,4
DA:65,4
DA:66,4
DA:67,4
DA:68,4
DA:69,4
DA:70,4
DA:71,4
DA:72,4
DA:73,4
DA:74,0
DA:75,0
DA:77,1
DA:78,1
DA:79,1
DA:80,1
DA:82,1
DA:96,1
DA:97,2
DA:98,2
DA:99,2
DA:100,2
DA:101,2
DA:103,7
DA:104,7
DA:105,7
DA:106,7
DA:107,7
DA:108,7
DA:109,7
DA:110,2
DA:111,2
DA:112,5
DA:113,5
DA:114,5
DA:115,5
DA:117,5
DA:119,5
DA:120,5
DA:121,5
DA:122,5
DA:123,5
DA:124,5
DA:125,5
DA:126,7
DA:127,7
DA:128,1
DA:129,1
DA:130,1
DA:131,7
LF:76
LH:70
BRDA:37,0,0,1
BRDA:44,1,0,3
BRDA:45,2,0,0
BRDA:48,3,0,1
BRDA:50,4,0,2
BRDA:51,5,0,1
BRDA:55,6,0,0
BRDA:56,7,0,0
BRDA:60,8,0,4
BRDA:73,9,0,0
BRDA:69,10,0,4
BRDA:70,11,0,4
BRDA:96,12,0,2
BRDA:103,13,0,7
BRDA:109,14,0,6
BRDA:109,15,0,2
BRDA:111,16,0,5
BRDA:125,17,0,4
BRDA:126,18,0,0
BRDA:127,19,0,1
BRF:20
BRH:15
end_of_record
TN:
SF:src/utils/testUtils.ts
FN:20,shouldSimulate429
FN:44,resetRequestCounter
FN:51,disableSimulationAfterFallback
FN:58,createSimulated429Error
FN:69,resetSimulationState
FN:77,setSimulate429
FNF:6
FNH:5
FNDA:2,shouldSimulate429
FNDA:128,resetRequestCounter
FNDA:1,disableSimulationAfterFallback
FNDA:3,createSimulated429Error
FNDA:0,resetSimulationState
FNDA:124,setSimulate429
DA:1,1
DA:11,1
DA:12,1
DA:13,1
DA:14,1
DA:15,1
DA:20,1
DA:21,2
DA:22,1
DA:23,1
DA:26,2
DA:27,0
DA:28,0
DA:30,1
DA:33,2
DA:34,0
DA:35,0
DA:38,1
DA:39,1
DA:44,1
DA:45,128
DA:46,128
DA:51,1
DA:52,1
DA:53,1
DA:58,1
DA:59,3
DA:62,3
DA:63,3
DA:64,3
DA:69,1
DA:70,0
DA:71,0
DA:72,0
DA:77,1
DA:78,124
DA:79,124
DA:80,124
DA:81,124
DA:82,124
DA:83,124
DA:84,124
DA:85,124
DA:86,124
DA:87,124
LF:45
LH:38
BRDA:20,0,0,2
BRDA:21,1,0,1
BRDA:26,2,0,0
BRDA:26,3,0,0
BRDA:28,4,0,1
BRDA:33,5,0,0
BRDA:35,6,0,1
BRDA:44,7,0,128
BRDA:51,8,0,1
BRDA:58,9,0,3
BRDA:77,10,0,124
BRF:11
BRH:8
end_of_record
TN:
SF:src/utils/user_account.ts
FN:17,getiEchorAccountsCachePath
FN:21,readAccounts
FN:39,cacheiEchorAccount
FN:58,getCachediEchorAccount
FN:76,getLifetimeiEchorAccounts
FN:99,clearCachediEchorAccount
FNF:6
FNH:6
FNDA:155,getiEchorAccountsCachePath
FNDA:9,readAccounts
FNDA:7,cacheiEchorAccount
FNDA:73,getCachediEchorAccount
FNDA:73,getLifetimeiEchorAccounts
FNDA:2,clearCachediEchorAccount
DA:1,1
DA:7,1
DA:8,1
DA:9,1
DA:10,1
DA:17,155
DA:18,155
DA:19,155
DA:21,9
DA:22,9
DA:23,9
DA:24,9
DA:25,1
DA:26,1
DA:27,6
DA:28,8
DA:29,3
DA:31,2
DA:32,2
DA:34,1
DA:35,1
DA:36,1
DA:37,9
DA:39,7
DA:40,7
DA:41,7
DA:43,7
DA:45,7
DA:46,3
DA:47,3
DA:48,3
DA:49,3
DA:52,7
DA:54,7
DA:55,7
DA:56,6
DA:58,1
DA:59,73
DA:60,73
DA:61,73
DA:62,4
DA:63,4
DA:64,1
DA:65,1
DA:66,3
DA:67,3
DA:68,3
DA:69,69
DA:70,70
DA:71,1
DA:72,1
DA:73,1
DA:74,73
DA:76,1
DA:77,73
DA:78,73
DA:79,73
DA:80,68
DA:81,68
DA:83,5
DA:84,6
DA:85,1
DA:86,1
DA:87,4
DA:88,4
DA:89,6
DA:90,2
DA:91,2
DA:92,3
DA:93,6
DA:94,1
DA:95,1
DA:96,1
DA:97,73
DA:99,2
DA:100,2
DA:101,2
DA:102,0
DA:103,0
DA:105,2
DA:107,2
DA:108,1
DA:109,1
DA:110,1
DA:111,1
DA:112,1
DA:114,2
DA:115,2
LF:88
LH:86
BRDA:17,0,0,155
BRDA:21,1,0,9
BRDA:23,2,0,7
BRDA:24,3,0,1
BRDA:26,4,0,8
BRDA:26,5,0,6
BRDA:28,6,0,3
BRDA:29,7,0,2
BRDA:29,8,0,2
BRDA:32,9,0,1
BRDA:39,10,0,7
BRDA:45,11,0,3
BRDA:45,12,0,3
BRDA:55,13,0,6
BRDA:52,14,0,6
BRDA:58,15,0,73
BRDA:61,16,0,4
BRDA:63,17,0,1
BRDA:65,18,0,3
BRDA:68,19,0,70
BRDA:68,20,0,69
BRDA:70,21,0,1
BRDA:76,22,0,73
BRDA:79,23,0,68
BRDA:81,24,0,6
BRDA:81,25,0,5
BRDA:84,26,0,1
BRDA:86,27,0,4
BRDA:89,28,0,2
BRDA:91,29,0,3
BRDA:93,30,0,1
BRDA:99,31,0,2
BRDA:101,32,0,0
BRDA:107,33,0,1
BRF:34
BRH:33
end_of_record
TN:
SF:src/utils/user_id.ts
FN:17,ensureResearchDirExists
FN:23,readInstallationIdFromFile
FN:31,writeInstallationIdToFile
FN:40,getInstallationId
FNF:4
FNH:3
FNDA:69,ensureResearchDirExists
FNDA:69,readInstallationIdFromFile
FNDA:0,writeInstallationIdToFile
FNDA:69,getInstallationId
DA:1,1
DA:7,1
DA:8,1
DA:9,1
DA:10,1
DA:11,1
DA:13,1
DA:14,1
DA:15,1
DA:17,69
DA:18,69
DA:19,0
DA:20,0
DA:21,69
DA:23,69
DA:24,69
DA:25,69
DA:26,69
DA:27,69
DA:28,0
DA:29,0
DA:31,0
DA:32,0
DA:33,0
DA:40,1
DA:41,69
DA:42,69
DA:43,69
DA:45,69
DA:46,0
DA:47,0
DA:48,0
DA:50,69
DA:51,69
DA:52,0
DA:53,0
DA:54,0
DA:55,0
DA:56,0
DA:57,0
DA:58,69
LF:41
LH:25
BRDA:13,0,0,0
BRDA:17,1,0,69
BRDA:18,2,0,0
BRDA:23,3,0,69
BRDA:26,4,0,0
BRDA:27,5,0,0
BRDA:40,6,0,69
BRDA:45,7,0,0
BRDA:51,8,0,0
BRF:9
BRH:3
end_of_record
